Using pre-set license
Built from '2021.2/staging' branch; Version is '2021.2.7f1 (6bd9e232123f) revision 7068130'; Using compiler version '192829333'; Build Type 'Release'
OS: 'Windows 11  (10.0.22000) 64bit Core' Language: 'en' Physical Memory: 32689 MB
BatchMode: 1, IsHumanControllingUs: 0, StartBugReporterOnCrash: 0, Is64bit: 1, IsPro: 0

COMMAND LINE ARGUMENTS:
E:\Program Files\Unity\Installs\2021.2.7f1\Editor\Unity.exe
-adb2
-batchMode
-noUpm
-name
AssetImportWorker5
-projectPath
E:/Projects/Unity/NeatoDemos - Copy
-logFile
Logs/AssetImportWorker5.log
-srvPort
50363
Successfully changed project path to: E:/Projects/Unity/NeatoDemos - Copy
E:/Projects/Unity/NeatoDemos - Copy
[UnityMemory] Configuration Parameters - Can be set up in boot.config
    "memorysetup-bucket-allocator-granularity=16"
    "memorysetup-bucket-allocator-bucket-count=8"
    "memorysetup-bucket-allocator-block-size=33554432"
    "memorysetup-bucket-allocator-block-count=8"
    "memorysetup-main-allocator-block-size=16777216"
    "memorysetup-thread-allocator-block-size=16777216"
    "memorysetup-gfx-main-allocator-block-size=16777216"
    "memorysetup-gfx-thread-allocator-block-size=16777216"
    "memorysetup-cache-allocator-block-size=4194304"
    "memorysetup-typetree-allocator-block-size=2097152"
    "memorysetup-profiler-bucket-allocator-granularity=16"
    "memorysetup-profiler-bucket-allocator-bucket-count=8"
    "memorysetup-profiler-bucket-allocator-block-size=33554432"
    "memorysetup-profiler-bucket-allocator-block-count=8"
    "memorysetup-profiler-allocator-block-size=16777216"
    "memorysetup-profiler-editor-allocator-block-size=1048576"
    "memorysetup-temp-allocator-size-main=16777216"
    "memorysetup-job-temp-allocator-block-size=2097152"
    "memorysetup-job-temp-allocator-block-size-background=1048576"
    "memorysetup-job-temp-allocator-reduction-small-platforms=262144"
    "memorysetup-temp-allocator-size-background-worker=32768"
    "memorysetup-temp-allocator-size-job-worker=262144"
    "memorysetup-temp-allocator-size-preload-manager=33554432"
    "memorysetup-temp-allocator-size-nav-mesh-worker=65536"
    "memorysetup-temp-allocator-size-audio-worker=65536"
    "memorysetup-temp-allocator-size-cloud-worker=32768"
    "memorysetup-temp-allocator-size-gi-baking-worker=262144"
    "memorysetup-temp-allocator-size-gfx=262144"
Refreshing native plugins compatible for Editor in 138.55 ms, found 2 plugins.
Preloading 0 native plugins for Editor in 0.00 ms.
Initialize engine version: 2021.2.7f1 (6bd9e232123f)
[Subsystems] Discovering subsystems at path E:/Program Files/Unity/Installs/2021.2.7f1/Editor/Data/Resources/UnitySubsystems
[Subsystems] Discovering subsystems at path E:/Projects/Unity/NeatoDemos - Copy/Assets
GfxDevice: creating device client; threaded=0; jobified=0
Direct3D:
    Version:  Direct3D 11.0 [level 11.1]
    Renderer: NVIDIA GeForce GTX 1060 3GB (ID=0x1c02)
    Vendor:   NVIDIA
    VRAM:     2988 MB
    Driver:   30.0.14.9729
Initialize mono
Mono path[0] = 'E:/Program Files/Unity/Installs/2021.2.7f1/Editor/Data/Managed'
Mono path[1] = 'E:/Program Files/Unity/Installs/2021.2.7f1/Editor/Data/MonoBleedingEdge/lib/mono/unityjit-win32'
Mono config path = 'E:/Program Files/Unity/Installs/2021.2.7f1/Editor/Data/MonoBleedingEdge/etc'
Using monoOptions --debugger-agent=transport=dt_socket,embedding=1,server=y,suspend=n,address=127.0.0.1:56264
Begin MonoManager ReloadAssembly
Registering precompiled unity dll's ...
Register platform support module: E:/Program Files/Unity/Installs/2021.2.7f1/Editor/Data/PlaybackEngines/WindowsStandaloneSupport/UnityEditor.WindowsStandalone.Extensions.dll
Registered in 0.002215 seconds.
Native extension for WindowsStandalone target not found
Refreshing native plugins compatible for Editor in 140.62 ms, found 2 plugins.
Preloading 0 native plugins for Editor in 0.00 ms.
Mono: successfully reloaded assembly
- Completed reload, in  0.663 seconds
Domain Reload Profiling:
	ReloadAssembly (663ms)
		BeginReloadAssembly (66ms)
			ExecutionOrderSort (0ms)
			DisableScriptedObjects (0ms)
			BackupInstance (0ms)
			ReleaseScriptingObjects (0ms)
			CreateAndSetChildDomain (1ms)
		EndReloadAssembly (529ms)
			LoadAssemblies (64ms)
			RebuildTransferFunctionScriptingTraits (0ms)
			SetupTypeCache (100ms)
			ReleaseScriptCaches (0ms)
			RebuildScriptCaches (28ms)
			SetupLoadedEditorAssemblies (348ms)
				LogAssemblyErrors (0ms)
				InitializePlatformSupportModulesInManaged (15ms)
				SetLoadedEditorAssemblies (0ms)
				RefreshPlugins (141ms)
				BeforeProcessingInitializeOnLoad (1ms)
				ProcessInitializeOnLoadAttributes (145ms)
				ProcessInitializeOnLoadMethodAttributes (45ms)
				AfterProcessingInitializeOnLoad (0ms)
				EditorAssembliesLoaded (0ms)
			ExecutionOrderSort2 (0ms)
			AwakeInstancesAfterBackupRestoration (0ms)
Platform modules already initialized, skipping
Registering precompiled user dll's ...
Registered in 0.004947 seconds.
Begin MonoManager ReloadAssembly
Native extension for WindowsStandalone target not found
Refreshing native plugins compatible for Editor in 145.22 ms, found 2 plugins.
Preloading 0 native plugins for Editor in 0.00 ms.
DisplayProgressbar: Restoring NuGet Packages
Reflected over 10 assemblies in (129.7462 ms)
UnityEngine.StackTraceUtility:ExtractStackTrace ()
UnityEngine.DebugLogHandler:LogFormat (UnityEngine.LogType,UnityEngine.Object,string,object[])
UnityEngine.Logger:Log (UnityEngine.LogType,object)
UnityEngine.Debug:Log (object)
Neat.Tools.ReflectionUtility:Reflect () (at Assets/Neat/Core/Scripts/Reflection/ReflectionUtility.cs:64)
System.Reflection.RuntimeMethodInfo:Invoke (object,System.Reflection.BindingFlags,System.Reflection.Binder,object[],System.Globalization.CultureInfo)
System.Reflection.MethodBase:Invoke (object,object[])
UnityEditor.EditorAssemblies:ProcessInitializeOnLoadMethodAttributes ()

(Filename: Assets/Neat/Core/Scripts/Reflection/ReflectionUtility.cs Line: 64)

Mono: successfully reloaded assembly
- Completed reload, in  2.892 seconds
Domain Reload Profiling:
	ReloadAssembly (2892ms)
		BeginReloadAssembly (111ms)
			ExecutionOrderSort (0ms)
			DisableScriptedObjects (6ms)
			BackupInstance (0ms)
			ReleaseScriptingObjects (0ms)
			CreateAndSetChildDomain (23ms)
		EndReloadAssembly (2695ms)
			LoadAssemblies (85ms)
			RebuildTransferFunctionScriptingTraits (0ms)
			SetupTypeCache (311ms)
			ReleaseScriptCaches (1ms)
			RebuildScriptCaches (124ms)
			SetupLoadedEditorAssemblies (2134ms)
				LogAssemblyErrors (0ms)
				InitializePlatformSupportModulesInManaged (11ms)
				SetLoadedEditorAssemblies (0ms)
				RefreshPlugins (145ms)
				BeforeProcessingInitializeOnLoad (101ms)
				ProcessInitializeOnLoadAttributes (1235ms)
				ProcessInitializeOnLoadMethodAttributes (639ms)
				AfterProcessingInitializeOnLoad (3ms)
				EditorAssembliesLoaded (0ms)
			ExecutionOrderSort2 (0ms)
			AwakeInstancesAfterBackupRestoration (5ms)
Platform modules already initialized, skipping
========================================================================
Worker process is ready to serve import requests
Launched and connected shader compiler UnityShaderCompiler.exe after 0.08 seconds
Refreshing native plugins compatible for Editor in 3.20 ms, found 2 plugins.
Preloading 0 native plugins for Editor in 0.00 ms.
Unloading 5755 Unused Serialized files (Serialized files now loaded: 0)
Unloading 248 unused Assets / (1.5 MB). Loaded Objects now: 6211.
Memory consumption went from 265.1 MB to 263.6 MB.
Total: 5.842100 ms (FindLiveObjects: 0.764400 ms CreateObjectMapping: 0.160900 ms MarkObjects: 4.076500 ms  DeleteObjects: 0.838700 ms)

AssetImportParameters requested are different than current active one (requested -> active):
  custom:video-decoder-ogg-theora: a1e56fd34408186e4bbccfd4996cb3dc -> 
  custom:container-muxer-webm: aa71ff27fc2769a1b78a27578f13a17b -> 
  custom:container-demuxer-webm: 4f35f7cbe854078d1ac9338744f61a02 -> 
  custom:video-encoder-webm-vp8: eb34c28f22e8b96e1ab97ce403110664 -> 
  custom:video-codec-MediaFoundation-h265: 746d11721c4dcdbdad8f713fa42b33f4 -> 
  custom:audio-encoder-webm-vorbis: bf7c407c2cedff20999df2af8eb42d56 -> 
  custom:framework-win-MediaFoundation: 216162199b28c13a410421893ffa2e32 -> 
  custom:container-demuxer-ogg: 62fdf1f143b41e24485cea50d1cbac27 -> 
  custom:video-decoder-webm-vp8: 9c59270c3fd7afecdb556c50c9e8de78 -> 
  custom:audio-decoder-ogg-vorbis: bf7c407c2cedff20999df2af8eb42d56 -> 
========================================================================
Received Import Request.
  Time since last request: 27429.765192 seconds.
  path: Assets/Impoted/Packs/Mixamo/Animations/Lite Rifle Pack/idle aiming.fbx
  artifactKey: Guid(acdf3219a34b0d649b29a70347886056) Importer(815301076,1909f56bfc062723c751e8b465ee728b)
Start importing Assets/Impoted/Packs/Mixamo/Animations/Lite Rifle Pack/idle aiming.fbx using Guid(acdf3219a34b0d649b29a70347886056) Importer(815301076,1909f56bfc062723c751e8b465ee728b)  -> (artifact id: 'ecdfc8126eb92875312affcb2d8c9aef') in 0.065855 seconds 
========================================================================
Received Import Request.
  Time since last request: 0.000028 seconds.
  path: Assets/Impoted/Packs/Mixamo/Animations/Lite Rifle Pack/run backward.fbx
  artifactKey: Guid(5cfc5bda9732ba94a86e5afa4c9d60f5) Importer(815301076,1909f56bfc062723c751e8b465ee728b)
Start importing Assets/Impoted/Packs/Mixamo/Animations/Lite Rifle Pack/run backward.fbx using Guid(5cfc5bda9732ba94a86e5afa4c9d60f5) Importer(815301076,1909f56bfc062723c751e8b465ee728b)  -> (artifact id: 'c478b33f9fcc167b805d8c2971516934') in 0.017952 seconds 
========================================================================
Received Import Request.
  Time since last request: 0.000047 seconds.
  path: Assets/Impoted/Packs/Mixamo/Animations/Lite Rifle Pack/run left.fbx
  artifactKey: Guid(25009faad33c6784b95cd81d2f4b2f15) Importer(815301076,1909f56bfc062723c751e8b465ee728b)
Start importing Assets/Impoted/Packs/Mixamo/Animations/Lite Rifle Pack/run left.fbx using Guid(25009faad33c6784b95cd81d2f4b2f15) Importer(815301076,1909f56bfc062723c751e8b465ee728b)  -> (artifact id: '5b37d688d3b4b5341fe057a06caf2f98') in 0.017891 seconds 
========================================================================
Received Import Request.
  Time since last request: 0.000030 seconds.
  path: Assets/Impoted/Packs/Mixamo/Animations/Lite Rifle Pack/run forward.fbx
  artifactKey: Guid(6ecba7ffaec62ea4d954c6f6b2f0b69b) Importer(815301076,1909f56bfc062723c751e8b465ee728b)
Start importing Assets/Impoted/Packs/Mixamo/Animations/Lite Rifle Pack/run forward.fbx using Guid(6ecba7ffaec62ea4d954c6f6b2f0b69b) Importer(815301076,1909f56bfc062723c751e8b465ee728b)  -> (artifact id: 'adc76db47b87b18c56ed831ec09947a1') in 0.017501 seconds 
========================================================================
Received Import Request.
  Time since last request: 0.000033 seconds.
  path: Assets/Impoted/Packs/Mixamo/Animations/Lite Rifle Pack/turn 90 left.fbx
  artifactKey: Guid(8cbcfa48785e1c04e9051d4e8c9d0213) Importer(815301076,1909f56bfc062723c751e8b465ee728b)
Start importing Assets/Impoted/Packs/Mixamo/Animations/Lite Rifle Pack/turn 90 left.fbx using Guid(8cbcfa48785e1c04e9051d4e8c9d0213) Importer(815301076,1909f56bfc062723c751e8b465ee728b)  -> (artifact id: '87a4715371df1ed4a07e8718432fa16d') in 0.017010 seconds 
========================================================================
Received Import Request.
  Time since last request: 0.000036 seconds.
  path: Assets/Impoted/Packs/Mixamo/Animations/Lite Rifle Pack/turn 90 right.fbx
  artifactKey: Guid(5aec94ed1b1caa9458694c954f4df504) Importer(815301076,1909f56bfc062723c751e8b465ee728b)
Start importing Assets/Impoted/Packs/Mixamo/Animations/Lite Rifle Pack/turn 90 right.fbx using Guid(5aec94ed1b1caa9458694c954f4df504) Importer(815301076,1909f56bfc062723c751e8b465ee728b)  -> (artifact id: '8f45299b687bfd2402855106b187f315') in 0.018386 seconds 
Editor requested this worker to shutdown with reason: Scaling down because of idle timeout
AssetImportWorker is now disconnected from the server
Process exiting
Exiting without the bug reporter. Application will terminate with return code 0