Using pre-set license
Built from '2021.2/staging' branch; Version is '2021.2.7f1 (6bd9e232123f) revision 7068130'; Using compiler version '192829333'; Build Type 'Release'
OS: 'Windows 11  (10.0.22000) 64bit Core' Language: 'en' Physical Memory: 32689 MB
BatchMode: 1, IsHumanControllingUs: 0, StartBugReporterOnCrash: 0, Is64bit: 1, IsPro: 0

COMMAND LINE ARGUMENTS:
E:\Program Files\Unity\Installs\2021.2.7f1\Editor\Unity.exe
-adb2
-batchMode
-noUpm
-name
AssetImportWorker23
-projectPath
E:/Projects/Unity/NeatoDemos - Copy
-logFile
Logs/AssetImportWorker23.log
-srvPort
50363
Successfully changed project path to: E:/Projects/Unity/NeatoDemos - Copy
E:/Projects/Unity/NeatoDemos - Copy
[UnityMemory] Configuration Parameters - Can be set up in boot.config
    "memorysetup-bucket-allocator-granularity=16"
    "memorysetup-bucket-allocator-bucket-count=8"
    "memorysetup-bucket-allocator-block-size=33554432"
    "memorysetup-bucket-allocator-block-count=8"
    "memorysetup-main-allocator-block-size=16777216"
    "memorysetup-thread-allocator-block-size=16777216"
    "memorysetup-gfx-main-allocator-block-size=16777216"
    "memorysetup-gfx-thread-allocator-block-size=16777216"
    "memorysetup-cache-allocator-block-size=4194304"
    "memorysetup-typetree-allocator-block-size=2097152"
    "memorysetup-profiler-bucket-allocator-granularity=16"
    "memorysetup-profiler-bucket-allocator-bucket-count=8"
    "memorysetup-profiler-bucket-allocator-block-size=33554432"
    "memorysetup-profiler-bucket-allocator-block-count=8"
    "memorysetup-profiler-allocator-block-size=16777216"
    "memorysetup-profiler-editor-allocator-block-size=1048576"
    "memorysetup-temp-allocator-size-main=16777216"
    "memorysetup-job-temp-allocator-block-size=2097152"
    "memorysetup-job-temp-allocator-block-size-background=1048576"
    "memorysetup-job-temp-allocator-reduction-small-platforms=262144"
    "memorysetup-temp-allocator-size-background-worker=32768"
    "memorysetup-temp-allocator-size-job-worker=262144"
    "memorysetup-temp-allocator-size-preload-manager=33554432"
    "memorysetup-temp-allocator-size-nav-mesh-worker=65536"
    "memorysetup-temp-allocator-size-audio-worker=65536"
    "memorysetup-temp-allocator-size-cloud-worker=32768"
    "memorysetup-temp-allocator-size-gi-baking-worker=262144"
    "memorysetup-temp-allocator-size-gfx=262144"
Refreshing native plugins compatible for Editor in 191.93 ms, found 2 plugins.
Preloading 0 native plugins for Editor in 0.00 ms.
Initialize engine version: 2021.2.7f1 (6bd9e232123f)
[Subsystems] Discovering subsystems at path E:/Program Files/Unity/Installs/2021.2.7f1/Editor/Data/Resources/UnitySubsystems
[Subsystems] Discovering subsystems at path E:/Projects/Unity/NeatoDemos - Copy/Assets
GfxDevice: creating device client; threaded=0; jobified=0
Direct3D:
    Version:  Direct3D 11.0 [level 11.1]
    Renderer: NVIDIA GeForce GTX 1060 3GB (ID=0x1c02)
    Vendor:   NVIDIA
    VRAM:     2988 MB
    Driver:   30.0.14.9729
Initialize mono
Mono path[0] = 'E:/Program Files/Unity/Installs/2021.2.7f1/Editor/Data/Managed'
Mono path[1] = 'E:/Program Files/Unity/Installs/2021.2.7f1/Editor/Data/MonoBleedingEdge/lib/mono/unityjit-win32'
Mono config path = 'E:/Program Files/Unity/Installs/2021.2.7f1/Editor/Data/MonoBleedingEdge/etc'
Using monoOptions --debugger-agent=transport=dt_socket,embedding=1,server=y,suspend=n,address=127.0.0.1:56748
Begin MonoManager ReloadAssembly
Registering precompiled unity dll's ...
Register platform support module: E:/Program Files/Unity/Installs/2021.2.7f1/Editor/Data/PlaybackEngines/WindowsStandaloneSupport/UnityEditor.WindowsStandalone.Extensions.dll
Registered in 0.002991 seconds.
Native extension for WindowsStandalone target not found
Refreshing native plugins compatible for Editor in 144.32 ms, found 2 plugins.
Preloading 0 native plugins for Editor in 0.00 ms.
Mono: successfully reloaded assembly
- Completed reload, in  0.665 seconds
Domain Reload Profiling:
	ReloadAssembly (666ms)
		BeginReloadAssembly (59ms)
			ExecutionOrderSort (0ms)
			DisableScriptedObjects (0ms)
			BackupInstance (0ms)
			ReleaseScriptingObjects (0ms)
			CreateAndSetChildDomain (1ms)
		EndReloadAssembly (531ms)
			LoadAssemblies (58ms)
			RebuildTransferFunctionScriptingTraits (0ms)
			SetupTypeCache (101ms)
			ReleaseScriptCaches (0ms)
			RebuildScriptCaches (28ms)
			SetupLoadedEditorAssemblies (349ms)
				LogAssemblyErrors (0ms)
				InitializePlatformSupportModulesInManaged (16ms)
				SetLoadedEditorAssemblies (0ms)
				RefreshPlugins (144ms)
				BeforeProcessingInitializeOnLoad (1ms)
				ProcessInitializeOnLoadAttributes (140ms)
				ProcessInitializeOnLoadMethodAttributes (47ms)
				AfterProcessingInitializeOnLoad (0ms)
				EditorAssembliesLoaded (0ms)
			ExecutionOrderSort2 (0ms)
			AwakeInstancesAfterBackupRestoration (0ms)
Platform modules already initialized, skipping
Registering precompiled user dll's ...
Registered in 0.006057 seconds.
Begin MonoManager ReloadAssembly
Native extension for WindowsStandalone target not found
Refreshing native plugins compatible for Editor in 145.96 ms, found 2 plugins.
Preloading 0 native plugins for Editor in 0.00 ms.
DisplayProgressbar: Restoring NuGet Packages
Reflected over 10 assemblies in (126.4255 ms)
UnityEngine.StackTraceUtility:ExtractStackTrace ()
UnityEngine.DebugLogHandler:LogFormat (UnityEngine.LogType,UnityEngine.Object,string,object[])
UnityEngine.Logger:Log (UnityEngine.LogType,object)
UnityEngine.Debug:Log (object)
Neat.Tools.ReflectionUtility:Reflect () (at Assets/Neat/Core/Scripts/Reflection/ReflectionUtility.cs:64)
System.Reflection.RuntimeMethodInfo:Invoke (object,System.Reflection.BindingFlags,System.Reflection.Binder,object[],System.Globalization.CultureInfo)
System.Reflection.MethodBase:Invoke (object,object[])
UnityEditor.EditorAssemblies:ProcessInitializeOnLoadMethodAttributes ()

(Filename: Assets/Neat/Core/Scripts/Reflection/ReflectionUtility.cs Line: 64)

Mono: successfully reloaded assembly
- Completed reload, in  2.886 seconds
Domain Reload Profiling:
	ReloadAssembly (2886ms)
		BeginReloadAssembly (104ms)
			ExecutionOrderSort (0ms)
			DisableScriptedObjects (5ms)
			BackupInstance (0ms)
			ReleaseScriptingObjects (0ms)
			CreateAndSetChildDomain (24ms)
		EndReloadAssembly (2693ms)
			LoadAssemblies (83ms)
			RebuildTransferFunctionScriptingTraits (0ms)
			SetupTypeCache (303ms)
			ReleaseScriptCaches (1ms)
			RebuildScriptCaches (100ms)
			SetupLoadedEditorAssemblies (2160ms)
				LogAssemblyErrors (0ms)
				InitializePlatformSupportModulesInManaged (11ms)
				SetLoadedEditorAssemblies (0ms)
				RefreshPlugins (146ms)
				BeforeProcessingInitializeOnLoad (108ms)
				ProcessInitializeOnLoadAttributes (1260ms)
				ProcessInitializeOnLoadMethodAttributes (632ms)
				AfterProcessingInitializeOnLoad (3ms)
				EditorAssembliesLoaded (0ms)
			ExecutionOrderSort2 (0ms)
			AwakeInstancesAfterBackupRestoration (5ms)
Platform modules already initialized, skipping
========================================================================
Worker process is ready to serve import requests
Launched and connected shader compiler UnityShaderCompiler.exe after 0.06 seconds
Refreshing native plugins compatible for Editor in 2.20 ms, found 2 plugins.
Preloading 0 native plugins for Editor in 0.00 ms.
Unloading 5757 Unused Serialized files (Serialized files now loaded: 0)
Unloading 248 unused Assets / (1.5 MB). Loaded Objects now: 6213.
Memory consumption went from 265.5 MB to 264.0 MB.
Total: 5.979000 ms (FindLiveObjects: 0.638200 ms CreateObjectMapping: 0.159500 ms MarkObjects: 4.467800 ms  DeleteObjects: 0.712200 ms)

AssetImportParameters requested are different than current active one (requested -> active):
  custom:video-decoder-ogg-theora: a1e56fd34408186e4bbccfd4996cb3dc -> 
  custom:container-muxer-webm: aa71ff27fc2769a1b78a27578f13a17b -> 
  custom:container-demuxer-webm: 4f35f7cbe854078d1ac9338744f61a02 -> 
  custom:video-encoder-webm-vp8: eb34c28f22e8b96e1ab97ce403110664 -> 
  custom:video-codec-MediaFoundation-h265: 746d11721c4dcdbdad8f713fa42b33f4 -> 
  custom:audio-encoder-webm-vorbis: bf7c407c2cedff20999df2af8eb42d56 -> 
  custom:framework-win-MediaFoundation: 216162199b28c13a410421893ffa2e32 -> 
  custom:SearchIndexIgnoredProperties: e643bd26f0fe6173181afceb89e7c659 -> 
  custom:container-demuxer-ogg: 62fdf1f143b41e24485cea50d1cbac27 -> 
  custom:video-decoder-webm-vp8: 9c59270c3fd7afecdb556c50c9e8de78 -> 
  custom:audio-decoder-ogg-vorbis: bf7c407c2cedff20999df2af8eb42d56 -> 
========================================================================
Received Prepare
Registering precompiled user dll's ...
Registered in 0.008547 seconds.
Begin MonoManager ReloadAssembly
Native extension for WindowsStandalone target not found
Refreshing native plugins compatible for Editor in 3.20 ms, found 2 plugins.
Preloading 0 native plugins for Editor in 0.00 ms.
Reflected over 10 assemblies in (137.1353 ms)
UnityEngine.StackTraceUtility:ExtractStackTrace ()
UnityEngine.DebugLogHandler:LogFormat (UnityEngine.LogType,UnityEngine.Object,string,object[])
UnityEngine.Logger:Log (UnityEngine.LogType,object)
UnityEngine.Debug:Log (object)
Neat.Tools.ReflectionUtility:Reflect () (at Assets/Neat/Core/Scripts/Reflection/ReflectionUtility.cs:64)
System.Reflection.RuntimeMethodInfo:Invoke (object,System.Reflection.BindingFlags,System.Reflection.Binder,object[],System.Globalization.CultureInfo)
System.Reflection.MethodBase:Invoke (object,object[])
UnityEditor.EditorAssemblies:ProcessInitializeOnLoadMethodAttributes ()

(Filename: Assets/Neat/Core/Scripts/Reflection/ReflectionUtility.cs Line: 64)

Mono: successfully reloaded assembly
- Completed reload, in  2.673 seconds
Domain Reload Profiling:
	ReloadAssembly (2674ms)
		BeginReloadAssembly (206ms)
			ExecutionOrderSort (0ms)
			DisableScriptedObjects (5ms)
			BackupInstance (0ms)
			ReleaseScriptingObjects (0ms)
			CreateAndSetChildDomain (93ms)
		EndReloadAssembly (2356ms)
			LoadAssemblies (91ms)
			RebuildTransferFunctionScriptingTraits (0ms)
			SetupTypeCache (370ms)
			ReleaseScriptCaches (5ms)
			RebuildScriptCaches (138ms)
			SetupLoadedEditorAssemblies (1698ms)
				LogAssemblyErrors (0ms)
				InitializePlatformSupportModulesInManaged (11ms)
				SetLoadedEditorAssemblies (0ms)
				RefreshPlugins (3ms)
				BeforeProcessingInitializeOnLoad (118ms)
				ProcessInitializeOnLoadAttributes (963ms)
				ProcessInitializeOnLoadMethodAttributes (600ms)
				AfterProcessingInitializeOnLoad (3ms)
				EditorAssembliesLoaded (0ms)
			ExecutionOrderSort2 (0ms)
			AwakeInstancesAfterBackupRestoration (15ms)
Platform modules already initialized, skipping
Refreshing native plugins compatible for Editor in 3.85 ms, found 2 plugins.
Preloading 0 native plugins for Editor in 0.00 ms.
Unloading 5578 Unused Serialized files (Serialized files now loaded: 0)
Unloading 241 unused Assets / (1.5 MB). Loaded Objects now: 6219.
Memory consumption went from 258.0 MB to 256.4 MB.
Total: 6.265000 ms (FindLiveObjects: 0.794900 ms CreateObjectMapping: 0.176300 ms MarkObjects: 4.450000 ms  DeleteObjects: 0.841000 ms)

AssetImportParameters requested are different than current active one (requested -> active):
  custom:video-decoder-ogg-theora: a1e56fd34408186e4bbccfd4996cb3dc -> 
  custom:container-muxer-webm: aa71ff27fc2769a1b78a27578f13a17b -> 
  custom:container-demuxer-webm: 4f35f7cbe854078d1ac9338744f61a02 -> 
  custom:video-encoder-webm-vp8: eb34c28f22e8b96e1ab97ce403110664 -> 
  custom:video-codec-MediaFoundation-h265: 746d11721c4dcdbdad8f713fa42b33f4 -> 
  custom:audio-encoder-webm-vorbis: bf7c407c2cedff20999df2af8eb42d56 -> 
  custom:framework-win-MediaFoundation: 216162199b28c13a410421893ffa2e32 -> 
  custom:SearchIndexIgnoredProperties: e643bd26f0fe6173181afceb89e7c659 -> 
  custom:container-demuxer-ogg: 62fdf1f143b41e24485cea50d1cbac27 -> 
  custom:video-decoder-webm-vp8: 9c59270c3fd7afecdb556c50c9e8de78 -> 
  custom:audio-decoder-ogg-vorbis: bf7c407c2cedff20999df2af8eb42d56 -> 
========================================================================
Received Import Request.
  Time since last request: 35102.467330 seconds.
  path: Assets/Impoted/Packs/Low Poly Ultimate Pack/M/- Meshes_M/People_M/Rigs_M/woman-ginger_Rig.fbx
  artifactKey: Guid(b605135610322fe48bc8eb62c17d3a90) Importer(815301076,1909f56bfc062723c751e8b465ee728b)
Start importing Assets/Impoted/Packs/Low Poly Ultimate Pack/M/- Meshes_M/People_M/Rigs_M/woman-ginger_Rig.fbx using Guid(b605135610322fe48bc8eb62c17d3a90) Importer(815301076,1909f56bfc062723c751e8b465ee728b) Attempting to get Camera relative temporary RenderTexture (width || height <= 0) via a CommandBuffer  in a Sriptable Render Pipeline.
UnityEngine.StackTraceUtility:ExtractStackTrace ()
UnityEngine.Rendering.ScriptableRenderContext:ExecuteCommandBuffer_Internal (UnityEngine.Rendering.CommandBuffer)
UnityEngine.Rendering.ScriptableRenderContext:ExecuteCommandBuffer (UnityEngine.Rendering.CommandBuffer)
UnityEngine.Rendering.Universal.Internal.CopyColorPass:Execute (UnityEngine.Rendering.ScriptableRenderContext,UnityEngine.Rendering.Universal.RenderingData&) (at Library/PackageCache/com.unity.render-pipelines.universal@12.1.2/Runtime/Passes/CopyColorPass.cs:111)
UnityEngine.Rendering.Universal.ScriptableRenderer:ExecuteRenderPass (UnityEngine.Rendering.ScriptableRenderContext,UnityEngine.Rendering.Universal.ScriptableRenderPass,UnityEngine.Rendering.Universal.RenderingData&) (at Library/PackageCache/com.unity.render-pipelines.universal@12.1.2/Runtime/ScriptableRenderer.cs:966)
UnityEngine.Rendering.Universal.ScriptableRenderer:ExecuteBlock (int,UnityEngine.Rendering.Universal.ScriptableRenderer/RenderBlocks&,UnityEngine.Rendering.ScriptableRenderContext,UnityEngine.Rendering.Universal.RenderingData&,bool) (at Library/PackageCache/com.unity.render-pipelines.universal@12.1.2/Runtime/ScriptableRenderer.cs:925)
UnityEngine.Rendering.Universal.ScriptableRenderer:Execute (UnityEngine.Rendering.ScriptableRenderContext,UnityEngine.Rendering.Universal.RenderingData&) (at Library/PackageCache/com.unity.render-pipelines.universal@12.1.2/Runtime/ScriptableRenderer.cs:729)
UnityEngine.Rendering.Universal.UniversalRenderPipeline:RenderSingleCamera (UnityEngine.Rendering.ScriptableRenderContext,UnityEngine.Rendering.Universal.CameraData,bool) (at Library/PackageCache/com.unity.render-pipelines.universal@12.1.2/Runtime/UniversalRenderPipeline.cs:414)
UnityEngine.Rendering.Universal.UniversalRenderPipeline:RenderSingleCamera (UnityEngine.Rendering.ScriptableRenderContext,UnityEngine.Camera) (at Library/PackageCache/com.unity.render-pipelines.universal@12.1.2/Runtime/UniversalRenderPipeline.cs:323)
UnityEngine.Rendering.Universal.UniversalRenderPipeline:Render (UnityEngine.Rendering.ScriptableRenderContext,System.Collections.Generic.List`1<UnityEngine.Camera>) (at Library/PackageCache/com.unity.render-pipelines.universal@12.1.2/Runtime/UniversalRenderPipeline.cs:278)
UnityEngine.Rendering.RenderPipeline:InternalRender (UnityEngine.Rendering.ScriptableRenderContext,System.Collections.Generic.List`1<UnityEngine.Camera>)
UnityEngine.Rendering.RenderPipelineManager:DoRenderLoop_Internal (UnityEngine.Rendering.RenderPipelineAsset,intptr,System.Collections.Generic.List`1<UnityEngine.Camera/RenderRequest>,Unity.Collections.LowLevel.Unsafe.AtomicSafetyHandle)
UnityEditor.PreviewRenderUtility:Render (bool,bool)
UnityEditor.GameObjectInspector:DoRenderPreview ()
UnityEditor.GameObjectInspector:RenderStaticPreview (string,UnityEngine.Object[],int,int)
UnityEditor.AssetPreviewUpdater:CreatePreview (UnityEngine.Object,UnityEngine.Object[],string,int,int)
UnityEditor.AssetPreviewUpdater:CreatePreviewForAsset (UnityEngine.Object,UnityEngine.Object[],string)

[ line 0]

Trying to get RenderBuffer with invalid antiAliasing (must be at least 1)
UnityEngine.StackTraceUtility:ExtractStackTrace ()
UnityEngine.Rendering.ScriptableRenderContext:Submit_Internal ()
UnityEngine.Rendering.ScriptableRenderContext:Submit ()
UnityEngine.Rendering.Universal.UniversalRenderPipeline:RenderSingleCamera (UnityEngine.Rendering.ScriptableRenderContext,UnityEngine.Rendering.Universal.CameraData,bool) (at Library/PackageCache/com.unity.render-pipelines.universal@12.1.2/Runtime/UniversalRenderPipeline.cs:430)
UnityEngine.Rendering.Universal.UniversalRenderPipeline:RenderSingleCamera (UnityEngine.Rendering.ScriptableRenderContext,UnityEngine.Camera) (at Library/PackageCache/com.unity.render-pipelines.universal@12.1.2/Runtime/UniversalRenderPipeline.cs:323)
UnityEngine.Rendering.Universal.UniversalRenderPipeline:Render (UnityEngine.Rendering.ScriptableRenderContext,System.Collections.Generic.List`1<UnityEngine.Camera>) (at Library/PackageCache/com.unity.render-pipelines.universal@12.1.2/Runtime/UniversalRenderPipeline.cs:278)
UnityEngine.Rendering.RenderPipeline:InternalRender (UnityEngine.Rendering.ScriptableRenderContext,System.Collections.Generic.List`1<UnityEngine.Camera>)
UnityEngine.Rendering.RenderPipelineManager:DoRenderLoop_Internal (UnityEngine.Rendering.RenderPipelineAsset,intptr,System.Collections.Generic.List`1<UnityEngine.Camera/RenderRequest>,Unity.Collections.LowLevel.Unsafe.AtomicSafetyHandle)
UnityEditor.PreviewRenderUtility:Render (bool,bool)
UnityEditor.GameObjectInspector:DoRenderPreview ()
UnityEditor.GameObjectInspector:RenderStaticPreview (string,UnityEngine.Object[],int,int)
UnityEditor.AssetPreviewUpdater:CreatePreview (UnityEngine.Object,UnityEngine.Object[],string,int,int)
UnityEditor.AssetPreviewUpdater:CreatePreviewForAsset (UnityEngine.Object,UnityEngine.Object[],string)

[C:\buildslave\unity\build\Runtime\Graphics\RenderBufferManager.cpp line 180]

Trying to get RenderBuffer with invalid antiAliasing (must be at least 1)
UnityEngine.StackTraceUtility:ExtractStackTrace ()
UnityEngine.Rendering.ScriptableRenderContext:Submit_Internal ()
UnityEngine.Rendering.ScriptableRenderContext:Submit ()
UnityEngine.Rendering.Universal.UniversalRenderPipeline:RenderSingleCamera (UnityEngine.Rendering.ScriptableRenderContext,UnityEngine.Rendering.Universal.CameraData,bool) (at Library/PackageCache/com.unity.render-pipelines.universal@12.1.2/Runtime/UniversalRenderPipeline.cs:430)
UnityEngine.Rendering.Universal.UniversalRenderPipeline:RenderSingleCamera (UnityEngine.Rendering.ScriptableRenderContext,UnityEngine.Camera) (at Library/PackageCache/com.unity.render-pipelines.universal@12.1.2/Runtime/UniversalRenderPipeline.cs:323)
UnityEngine.Rendering.Universal.UniversalRenderPipeline:Render (UnityEngine.Rendering.ScriptableRenderContext,System.Collections.Generic.List`1<UnityEngine.Camera>) (at Library/PackageCache/com.unity.render-pipelines.universal@12.1.2/Runtime/UniversalRenderPipeline.cs:278)
UnityEngine.Rendering.RenderPipeline:InternalRender (UnityEngine.Rendering.ScriptableRenderContext,System.Collections.Generic.List`1<UnityEngine.Camera>)
UnityEngine.Rendering.RenderPipelineManager:DoRenderLoop_Internal (UnityEngine.Rendering.RenderPipelineAsset,intptr,System.Collections.Generic.List`1<UnityEngine.Camera/RenderRequest>,Unity.Collections.LowLevel.Unsafe.AtomicSafetyHandle)
UnityEditor.PreviewRenderUtility:Render (bool,bool)
UnityEditor.GameObjectInspector:DoRenderPreview ()
UnityEditor.GameObjectInspector:RenderStaticPreview (string,UnityEngine.Object[],int,int)
UnityEditor.AssetPreviewUpdater:CreatePreview (UnityEngine.Object,UnityEngine.Object[],string,int,int)
UnityEditor.AssetPreviewUpdater:CreatePreviewForAsset (UnityEngine.Object,UnityEngine.Object[],string)

[C:\buildslave\unity\build\Runtime\Graphics\RenderBufferManager.cpp line 180]

 -> (artifact id: '03dc3c7542c6de60448d27e1f12ec01c') in 0.375629 seconds 
========================================================================
Received Import Request.
  Time since last request: 0.000033 seconds.
  path: Assets/Impoted/Packs/Low Poly Ultimate Pack/M/- Meshes_M/Scifi_M/scifi-printer-3D.fbx
  artifactKey: Guid(5699d49a683b55145aafd7ef64632ca6) Importer(815301076,1909f56bfc062723c751e8b465ee728b)
Start importing Assets/Impoted/Packs/Low Poly Ultimate Pack/M/- Meshes_M/Scifi_M/scifi-printer-3D.fbx using Guid(5699d49a683b55145aafd7ef64632ca6) Importer(815301076,1909f56bfc062723c751e8b465ee728b)  -> (artifact id: '272c2e2b2e6086874147133a5072aa20') in 0.048675 seconds 
========================================================================
Received Import Request.
  Time since last request: 0.000126 seconds.
  path: Assets/Impoted/Packs/Low Poly Ultimate Pack/M/- Meshes_M/People_M/Rigs_M/woman-hazard_Rig.fbx
  artifactKey: Guid(86a4cdf38278bbc4c9f75580a5d64799) Importer(815301076,1909f56bfc062723c751e8b465ee728b)
Start importing Assets/Impoted/Packs/Low Poly Ultimate Pack/M/- Meshes_M/People_M/Rigs_M/woman-hazard_Rig.fbx using Guid(86a4cdf38278bbc4c9f75580a5d64799) Importer(815301076,1909f56bfc062723c751e8b465ee728b)  -> (artifact id: '14f881f83687a7d81d1f8de8d94d03f0') in 0.057071 seconds 
========================================================================
Received Import Request.
  Time since last request: 0.000036 seconds.
  path: Assets/Impoted/Packs/Low Poly Ultimate Pack/T/- Meshes_T/People_T/Rigs_T/man-tie-bold_Rig.fbx
  artifactKey: Guid(6ff058215b13d6a4096f5f5afd1eba38) Importer(815301076,1909f56bfc062723c751e8b465ee728b)
Start importing Assets/Impoted/Packs/Low Poly Ultimate Pack/T/- Meshes_T/People_T/Rigs_T/man-tie-bold_Rig.fbx using Guid(6ff058215b13d6a4096f5f5afd1eba38) Importer(815301076,1909f56bfc062723c751e8b465ee728b)  -> (artifact id: '21335260ba2f86214678609e0a25a76d') in 0.056542 seconds 
========================================================================
Received Import Request.
  Time since last request: 0.000040 seconds.
  path: Assets/Impoted/Packs/Low Poly Ultimate Pack/M/- Meshes_M/People_M/Rigs_M/man-swimming_Rig.fbx
  artifactKey: Guid(c01214f40f8181b498089cbbb16903b9) Importer(815301076,1909f56bfc062723c751e8b465ee728b)
Start importing Assets/Impoted/Packs/Low Poly Ultimate Pack/M/- Meshes_M/People_M/Rigs_M/man-swimming_Rig.fbx using Guid(c01214f40f8181b498089cbbb16903b9) Importer(815301076,1909f56bfc062723c751e8b465ee728b)  -> (artifact id: '44e6ce3343d80fd0c7e4d78c4f4a12a9') in 0.055345 seconds 
========================================================================
Received Import Request.
  Time since last request: 0.000029 seconds.
  path: Assets/Impoted/Packs/Low Poly Ultimate Pack/T/- Meshes_T/People_T/Rigs_T/man-zulu_Rig.fbx
  artifactKey: Guid(d1bca1fdbd99b2741ba3dfb588a3f93b) Importer(815301076,1909f56bfc062723c751e8b465ee728b)
Start importing Assets/Impoted/Packs/Low Poly Ultimate Pack/T/- Meshes_T/People_T/Rigs_T/man-zulu_Rig.fbx using Guid(d1bca1fdbd99b2741ba3dfb588a3f93b) Importer(815301076,1909f56bfc062723c751e8b465ee728b)  -> (artifact id: '2a4a7d0bdb5b5558af4ce91d3ed25d63') in 0.049641 seconds 
========================================================================
Received Import Request.
  Time since last request: 0.000053 seconds.
  path: Assets/Impoted/Packs/Low Poly Ultimate Pack/T/- Meshes_T/People_T/Rigs_T/man-zulu-uk_Rig.fbx
  artifactKey: Guid(4b10760952de83b42af63a849e55c4e9) Importer(815301076,1909f56bfc062723c751e8b465ee728b)
Start importing Assets/Impoted/Packs/Low Poly Ultimate Pack/T/- Meshes_T/People_T/Rigs_T/man-zulu-uk_Rig.fbx using Guid(4b10760952de83b42af63a849e55c4e9) Importer(815301076,1909f56bfc062723c751e8b465ee728b)  -> (artifact id: 'f4758fdb37a108204fe44b9e51bad17d') in 0.050346 seconds 
========================================================================
Received Import Request.
  Time since last request: 0.000036 seconds.
  path: Assets/Impoted/Packs/Low Poly Ultimate Pack/M/- Meshes_M/People_M/Rigs_M/woman-cheerleader_Rig.fbx
  artifactKey: Guid(9731462310e4bc64fbafb4dac2c2ef5a) Importer(815301076,1909f56bfc062723c751e8b465ee728b)
Start importing Assets/Impoted/Packs/Low Poly Ultimate Pack/M/- Meshes_M/People_M/Rigs_M/woman-cheerleader_Rig.fbx using Guid(9731462310e4bc64fbafb4dac2c2ef5a) Importer(815301076,1909f56bfc062723c751e8b465ee728b)  -> (artifact id: '03a90bb8e22e2181e151b986e6dee0c4') in 0.052601 seconds 
========================================================================
Received Import Request.
  Time since last request: 0.000025 seconds.
  path: Assets/Impoted/Packs/Low Poly Ultimate Pack/T/- Meshes_T/People_T/Rigs_T/man-sir_Rig.fbx
  artifactKey: Guid(76bb13f8df70ea941837723deec61465) Importer(815301076,1909f56bfc062723c751e8b465ee728b)
Start importing Assets/Impoted/Packs/Low Poly Ultimate Pack/T/- Meshes_T/People_T/Rigs_T/man-sir_Rig.fbx using Guid(76bb13f8df70ea941837723deec61465) Importer(815301076,1909f56bfc062723c751e8b465ee728b)  -> (artifact id: '4336986ca7f69e919bae693491d96fd7') in 0.053873 seconds 
========================================================================
Received Import Request.
  Time since last request: 0.000064 seconds.
  path: Assets/Impoted/Packs/Low Poly Ultimate Pack/T/- Meshes_T/People_T/Rigs_T/man-samurai_Rig.fbx
  artifactKey: Guid(0104b18e996b6c448b6c3241f23e31a7) Importer(815301076,1909f56bfc062723c751e8b465ee728b)
Start importing Assets/Impoted/Packs/Low Poly Ultimate Pack/T/- Meshes_T/People_T/Rigs_T/man-samurai_Rig.fbx using Guid(0104b18e996b6c448b6c3241f23e31a7) Importer(815301076,1909f56bfc062723c751e8b465ee728b)  -> (artifact id: '26d4ad0b168da6ab273160e452e28d10') in 0.048320 seconds 
========================================================================
Received Import Request.
  Time since last request: 0.000034 seconds.
  path: Assets/Impoted/Packs/Low Poly Ultimate Pack/M/- Meshes_M/People_M/Rigs_M/man-samurai-black_Rig.fbx
  artifactKey: Guid(616b941b01639cd4aa969424b8f6171c) Importer(815301076,1909f56bfc062723c751e8b465ee728b)
Start importing Assets/Impoted/Packs/Low Poly Ultimate Pack/M/- Meshes_M/People_M/Rigs_M/man-samurai-black_Rig.fbx using Guid(616b941b01639cd4aa969424b8f6171c) Importer(815301076,1909f56bfc062723c751e8b465ee728b)  -> (artifact id: '1eef25126a323a71c2db3a57744ff8e6') in 0.052599 seconds 
========================================================================
Received Import Request.
  Time since last request: 0.000038 seconds.
  path: Assets/Impoted/Packs/Low Poly Ultimate Pack/M/- Meshes_M/People_M/Rigs_M/man-worker_Rig.fbx
  artifactKey: Guid(797c59fa3f7aeb94792e95e03b24ef31) Importer(815301076,1909f56bfc062723c751e8b465ee728b)
Start importing Assets/Impoted/Packs/Low Poly Ultimate Pack/M/- Meshes_M/People_M/Rigs_M/man-worker_Rig.fbx using Guid(797c59fa3f7aeb94792e95e03b24ef31) Importer(815301076,1909f56bfc062723c751e8b465ee728b)  -> (artifact id: '0c8719319b597bac66e501ac74f51fd7') in 0.050865 seconds 
========================================================================
Received Import Request.
  Time since last request: 0.000033 seconds.
  path: Assets/Impoted/Packs/Low Poly Ultimate Pack/T/- Meshes_T/People_T/Rigs_T/man-servant_Rig.fbx
  artifactKey: Guid(267a7299cf249a54c9bf10ba91b8a4c7) Importer(815301076,1909f56bfc062723c751e8b465ee728b)
Start importing Assets/Impoted/Packs/Low Poly Ultimate Pack/T/- Meshes_T/People_T/Rigs_T/man-servant_Rig.fbx using Guid(267a7299cf249a54c9bf10ba91b8a4c7) Importer(815301076,1909f56bfc062723c751e8b465ee728b)  -> (artifact id: '9ba9ef3642f556261baae7e66ce655b0') in 0.054169 seconds 
========================================================================
Received Import Request.
  Time since last request: 0.000031 seconds.
  path: Assets/Impoted/Packs/Low Poly Ultimate Pack/M/- Meshes_M/People_M/Rigs_M/man-rival_Rig.fbx
  artifactKey: Guid(63cfafd87b586ab4fbe8d2a839caa394) Importer(815301076,1909f56bfc062723c751e8b465ee728b)
Start importing Assets/Impoted/Packs/Low Poly Ultimate Pack/M/- Meshes_M/People_M/Rigs_M/man-rival_Rig.fbx using Guid(63cfafd87b586ab4fbe8d2a839caa394) Importer(815301076,1909f56bfc062723c751e8b465ee728b)  -> (artifact id: 'fd63499168f6a547b3ad4993a16334b0') in 0.054845 seconds 
========================================================================
Received Import Request.
  Time since last request: 0.000031 seconds.
  path: Assets/Impoted/Packs/Low Poly Ultimate Pack/T/- Meshes_T/People_T/Rigs_T/man-lord_Rig.fbx
  artifactKey: Guid(c1bc075fd077805419ea6b269dcba2c8) Importer(815301076,1909f56bfc062723c751e8b465ee728b)
Start importing Assets/Impoted/Packs/Low Poly Ultimate Pack/T/- Meshes_T/People_T/Rigs_T/man-lord_Rig.fbx using Guid(c1bc075fd077805419ea6b269dcba2c8) Importer(815301076,1909f56bfc062723c751e8b465ee728b)  -> (artifact id: 'c3438bb7ee580ad72b6db94c9e7d1a7d') in 0.052908 seconds 
========================================================================
Received Import Request.
  Time since last request: 0.000058 seconds.
  path: Assets/Impoted/Packs/Low Poly Ultimate Pack/M/- Meshes_M/People_M/Rigs_M/man-pablo_Rig.fbx
  artifactKey: Guid(f928954c557f40f46a79a15d35e1e519) Importer(815301076,1909f56bfc062723c751e8b465ee728b)
Start importing Assets/Impoted/Packs/Low Poly Ultimate Pack/M/- Meshes_M/People_M/Rigs_M/man-pablo_Rig.fbx using Guid(f928954c557f40f46a79a15d35e1e519) Importer(815301076,1909f56bfc062723c751e8b465ee728b)  -> (artifact id: 'ae1159cf13ab117dcc5b34bb84a140e3') in 0.052304 seconds 
========================================================================
Received Import Request.
  Time since last request: 0.000032 seconds.
  path: Assets/Impoted/Packs/Low Poly Ultimate Pack/T/- Meshes_T/People_T/Rigs_T/man-monk_Rig.fbx
  artifactKey: Guid(a00ffadde4c46b64ab05bd5a380a5ade) Importer(815301076,1909f56bfc062723c751e8b465ee728b)
Start importing Assets/Impoted/Packs/Low Poly Ultimate Pack/T/- Meshes_T/People_T/Rigs_T/man-monk_Rig.fbx using Guid(a00ffadde4c46b64ab05bd5a380a5ade) Importer(815301076,1909f56bfc062723c751e8b465ee728b)  -> (artifact id: '16c79323dde58e7095664d4d4e6c5935') in 0.053166 seconds 
========================================================================
Received Import Request.
  Time since last request: 0.000038 seconds.
  path: Assets/Impoted/Packs/Low Poly Ultimate Pack/M/- Meshes_M/People_M/Rigs_M/man-native-warrior_Rig.fbx
  artifactKey: Guid(d703d5526eb20f240b8e663d19f02416) Importer(815301076,1909f56bfc062723c751e8b465ee728b)
Start importing Assets/Impoted/Packs/Low Poly Ultimate Pack/M/- Meshes_M/People_M/Rigs_M/man-native-warrior_Rig.fbx using Guid(d703d5526eb20f240b8e663d19f02416) Importer(815301076,1909f56bfc062723c751e8b465ee728b)  -> (artifact id: 'e6ef3eac87057fb997df89d6646a3451') in 0.056756 seconds 
========================================================================
Received Import Request.
  Time since last request: 0.000024 seconds.
  path: Assets/Impoted/Packs/Low Poly Ultimate Pack/M/- Meshes_M/People_M/Rigs_M/man-sir_Rig.fbx
  artifactKey: Guid(27a01a1881b9e114b8a3bcf12bd2b57a) Importer(815301076,1909f56bfc062723c751e8b465ee728b)
Start importing Assets/Impoted/Packs/Low Poly Ultimate Pack/M/- Meshes_M/People_M/Rigs_M/man-sir_Rig.fbx using Guid(27a01a1881b9e114b8a3bcf12bd2b57a) Importer(815301076,1909f56bfc062723c751e8b465ee728b)  -> (artifact id: '68d57c90aa5698c122fb53278ecf4ae9') in 0.054766 seconds 
========================================================================
Received Import Request.
  Time since last request: 0.000032 seconds.
  path: Assets/Impoted/Packs/Low Poly Ultimate Pack/M/- Meshes_M/People_M/Rigs_M/man-mafia_Rig.fbx
  artifactKey: Guid(7c105f6f61a2b3045a1e0bb6ebf01c3b) Importer(815301076,1909f56bfc062723c751e8b465ee728b)
Start importing Assets/Impoted/Packs/Low Poly Ultimate Pack/M/- Meshes_M/People_M/Rigs_M/man-mafia_Rig.fbx using Guid(7c105f6f61a2b3045a1e0bb6ebf01c3b) Importer(815301076,1909f56bfc062723c751e8b465ee728b)  -> (artifact id: 'f0923a9e71fe9af62e5127bc13e635f6') in 0.053473 seconds 
========================================================================
Received Import Request.
  Time since last request: 2.151794 seconds.
  path: Assets/Impoted/Packs/Low Poly Ultimate Pack/T/- Meshes_T/People_T/Rigs_T/man-lord-rival_Rig.fbx
  artifactKey: Guid(4f3383f8f42713343a60f069a7f9b2cb) Importer(815301076,1909f56bfc062723c751e8b465ee728b)
Start importing Assets/Impoted/Packs/Low Poly Ultimate Pack/T/- Meshes_T/People_T/Rigs_T/man-lord-rival_Rig.fbx using Guid(4f3383f8f42713343a60f069a7f9b2cb) Importer(815301076,1909f56bfc062723c751e8b465ee728b)  -> (artifact id: '8ca960f97433b902af6d4f4a40f09694') in 0.060201 seconds 
========================================================================
Received Import Request.
  Time since last request: 0.000027 seconds.
  path: Assets/Impoted/Packs/Low Poly Ultimate Pack/T/- Meshes_T/People_T/Rigs_T/man-jamaica_Rig.fbx
  artifactKey: Guid(eebca51853b9ba7429c619c985c11354) Importer(815301076,1909f56bfc062723c751e8b465ee728b)
Start importing Assets/Impoted/Packs/Low Poly Ultimate Pack/T/- Meshes_T/People_T/Rigs_T/man-jamaica_Rig.fbx using Guid(eebca51853b9ba7429c619c985c11354) Importer(815301076,1909f56bfc062723c751e8b465ee728b)  -> (artifact id: 'b8ed8fb65379c82ce92b23dcbb88a0c7') in 0.059639 seconds 
========================================================================
Received Import Request.
  Time since last request: 0.000041 seconds.
  path: Assets/Impoted/Packs/Low Poly Ultimate Pack/T/- Meshes_T/People_T/Rigs_T/man-hazard_Rig.fbx
  artifactKey: Guid(70cd7e84f2a967f488112e0b58f7df3b) Importer(815301076,1909f56bfc062723c751e8b465ee728b)
Start importing Assets/Impoted/Packs/Low Poly Ultimate Pack/T/- Meshes_T/People_T/Rigs_T/man-hazard_Rig.fbx using Guid(70cd7e84f2a967f488112e0b58f7df3b) Importer(815301076,1909f56bfc062723c751e8b465ee728b)  -> (artifact id: '8d80bb39667e7058cac3e02cf73e4250') in 0.052783 seconds 
========================================================================
Received Import Request.
  Time since last request: 0.000084 seconds.
  path: Assets/Impoted/Packs/Low Poly Ultimate Pack/T/- Meshes_T/People_T/Rigs_T/man-golf_Rig.fbx
  artifactKey: Guid(2f1e71e2c1490ce45a7c5c55c0a13338) Importer(815301076,1909f56bfc062723c751e8b465ee728b)
Start importing Assets/Impoted/Packs/Low Poly Ultimate Pack/T/- Meshes_T/People_T/Rigs_T/man-golf_Rig.fbx using Guid(2f1e71e2c1490ce45a7c5c55c0a13338) Importer(815301076,1909f56bfc062723c751e8b465ee728b)  -> (artifact id: 'a69f49a5b020cf337e15a0de685be1ef') in 0.050597 seconds 
========================================================================
Received Import Request.
  Time since last request: 0.000042 seconds.
  path: Assets/Impoted/Packs/Low Poly Ultimate Pack/T/- Meshes_T/People_T/Rigs_T/man-king_Rig.fbx
  artifactKey: Guid(4b8edbc93dc186f42bd1f4da0894cecf) Importer(815301076,1909f56bfc062723c751e8b465ee728b)
Start importing Assets/Impoted/Packs/Low Poly Ultimate Pack/T/- Meshes_T/People_T/Rigs_T/man-king_Rig.fbx using Guid(4b8edbc93dc186f42bd1f4da0894cecf) Importer(815301076,1909f56bfc062723c751e8b465ee728b)  -> (artifact id: 'ed2077be335a06b1230bd4e502c570cf') in 0.048142 seconds 
========================================================================
Received Import Request.
  Time since last request: 0.000025 seconds.
  path: Assets/Impoted/Packs/Low Poly Ultimate Pack/M/- Meshes_M/People_M/Rigs_M/man-football_Rig.fbx
  artifactKey: Guid(bc080303492b4444b98ef823bf77c76a) Importer(815301076,1909f56bfc062723c751e8b465ee728b)
Start importing Assets/Impoted/Packs/Low Poly Ultimate Pack/M/- Meshes_M/People_M/Rigs_M/man-football_Rig.fbx using Guid(bc080303492b4444b98ef823bf77c76a) Importer(815301076,1909f56bfc062723c751e8b465ee728b)  -> (artifact id: '9b8cd632ce1cc425c49bdcaeb8d51027') in 0.051351 seconds 
========================================================================
Received Import Request.
  Time since last request: 0.000027 seconds.
  path: Assets/Impoted/Packs/Low Poly Ultimate Pack/T/- Meshes_T/People_T/Rigs_T/man-farm_Rig.fbx
  artifactKey: Guid(1227ade79a3fb3f459163c5e27410fd3) Importer(815301076,1909f56bfc062723c751e8b465ee728b)
Start importing Assets/Impoted/Packs/Low Poly Ultimate Pack/T/- Meshes_T/People_T/Rigs_T/man-farm_Rig.fbx using Guid(1227ade79a3fb3f459163c5e27410fd3) Importer(815301076,1909f56bfc062723c751e8b465ee728b)  -> (artifact id: 'a75b033c5b508ca6c606e7b89491b8bd') in 0.052202 seconds 
Editor requested this worker to shutdown with reason: Scaling down because of idle timeout
AssetImportWorker is now disconnected from the server
Process exiting
Exiting without the bug reporter. Application will terminate with return code 0