Using pre-set license
Built from '2021.2/staging' branch; Version is '2021.2.7f1 (6bd9e232123f) revision 7068130'; Using compiler version '192829333'; Build Type 'Release'
OS: 'Windows 11  (10.0.22000) 64bit Core' Language: 'en' Physical Memory: 32689 MB
BatchMode: 1, IsHumanControllingUs: 0, StartBugReporterOnCrash: 0, Is64bit: 1, IsPro: 0

COMMAND LINE ARGUMENTS:
E:\Program Files\Unity\Installs\2021.2.7f1\Editor\Unity.exe
-adb2
-batchMode
-noUpm
-name
AssetImportWorker20
-projectPath
E:/Projects/Unity/NeatoDemos - Copy
-logFile
Logs/AssetImportWorker20.log
-srvPort
50363
Successfully changed project path to: E:/Projects/Unity/NeatoDemos - Copy
E:/Projects/Unity/NeatoDemos - Copy
[UnityMemory] Configuration Parameters - Can be set up in boot.config
    "memorysetup-bucket-allocator-granularity=16"
    "memorysetup-bucket-allocator-bucket-count=8"
    "memorysetup-bucket-allocator-block-size=33554432"
    "memorysetup-bucket-allocator-block-count=8"
    "memorysetup-main-allocator-block-size=16777216"
    "memorysetup-thread-allocator-block-size=16777216"
    "memorysetup-gfx-main-allocator-block-size=16777216"
    "memorysetup-gfx-thread-allocator-block-size=16777216"
    "memorysetup-cache-allocator-block-size=4194304"
    "memorysetup-typetree-allocator-block-size=2097152"
    "memorysetup-profiler-bucket-allocator-granularity=16"
    "memorysetup-profiler-bucket-allocator-bucket-count=8"
    "memorysetup-profiler-bucket-allocator-block-size=33554432"
    "memorysetup-profiler-bucket-allocator-block-count=8"
    "memorysetup-profiler-allocator-block-size=16777216"
    "memorysetup-profiler-editor-allocator-block-size=1048576"
    "memorysetup-temp-allocator-size-main=16777216"
    "memorysetup-job-temp-allocator-block-size=2097152"
    "memorysetup-job-temp-allocator-block-size-background=1048576"
    "memorysetup-job-temp-allocator-reduction-small-platforms=262144"
    "memorysetup-temp-allocator-size-background-worker=32768"
    "memorysetup-temp-allocator-size-job-worker=262144"
    "memorysetup-temp-allocator-size-preload-manager=33554432"
    "memorysetup-temp-allocator-size-nav-mesh-worker=65536"
    "memorysetup-temp-allocator-size-audio-worker=65536"
    "memorysetup-temp-allocator-size-cloud-worker=32768"
    "memorysetup-temp-allocator-size-gi-baking-worker=262144"
    "memorysetup-temp-allocator-size-gfx=262144"
Refreshing native plugins compatible for Editor in 174.53 ms, found 2 plugins.
Preloading 0 native plugins for Editor in 0.00 ms.
Initialize engine version: 2021.2.7f1 (6bd9e232123f)
[Subsystems] Discovering subsystems at path E:/Program Files/Unity/Installs/2021.2.7f1/Editor/Data/Resources/UnitySubsystems
[Subsystems] Discovering subsystems at path E:/Projects/Unity/NeatoDemos - Copy/Assets
GfxDevice: creating device client; threaded=0; jobified=0
Direct3D:
    Version:  Direct3D 11.0 [level 11.1]
    Renderer: NVIDIA GeForce GTX 1060 3GB (ID=0x1c02)
    Vendor:   NVIDIA
    VRAM:     2988 MB
    Driver:   30.0.14.9729
Initialize mono
Mono path[0] = 'E:/Program Files/Unity/Installs/2021.2.7f1/Editor/Data/Managed'
Mono path[1] = 'E:/Program Files/Unity/Installs/2021.2.7f1/Editor/Data/MonoBleedingEdge/lib/mono/unityjit-win32'
Mono config path = 'E:/Program Files/Unity/Installs/2021.2.7f1/Editor/Data/MonoBleedingEdge/etc'
Using monoOptions --debugger-agent=transport=dt_socket,embedding=1,server=y,suspend=n,address=127.0.0.1:56260
Begin MonoManager ReloadAssembly
Registering precompiled unity dll's ...
Register platform support module: E:/Program Files/Unity/Installs/2021.2.7f1/Editor/Data/PlaybackEngines/WindowsStandaloneSupport/UnityEditor.WindowsStandalone.Extensions.dll
Registered in 0.002467 seconds.
Native extension for WindowsStandalone target not found
Refreshing native plugins compatible for Editor in 149.33 ms, found 2 plugins.
Preloading 0 native plugins for Editor in 0.00 ms.
Mono: successfully reloaded assembly
- Completed reload, in  0.726 seconds
Domain Reload Profiling:
	ReloadAssembly (727ms)
		BeginReloadAssembly (70ms)
			ExecutionOrderSort (0ms)
			DisableScriptedObjects (0ms)
			BackupInstance (0ms)
			ReleaseScriptingObjects (0ms)
			CreateAndSetChildDomain (1ms)
		EndReloadAssembly (583ms)
			LoadAssemblies (69ms)
			RebuildTransferFunctionScriptingTraits (0ms)
			SetupTypeCache (109ms)
			ReleaseScriptCaches (0ms)
			RebuildScriptCaches (31ms)
			SetupLoadedEditorAssemblies (381ms)
				LogAssemblyErrors (0ms)
				InitializePlatformSupportModulesInManaged (16ms)
				SetLoadedEditorAssemblies (0ms)
				RefreshPlugins (150ms)
				BeforeProcessingInitializeOnLoad (2ms)
				ProcessInitializeOnLoadAttributes (164ms)
				ProcessInitializeOnLoadMethodAttributes (51ms)
				AfterProcessingInitializeOnLoad (0ms)
				EditorAssembliesLoaded (0ms)
			ExecutionOrderSort2 (0ms)
			AwakeInstancesAfterBackupRestoration (0ms)
Platform modules already initialized, skipping
Registering precompiled user dll's ...
Registered in 0.007137 seconds.
Begin MonoManager ReloadAssembly
Native extension for WindowsStandalone target not found
Refreshing native plugins compatible for Editor in 143.06 ms, found 2 plugins.
Preloading 0 native plugins for Editor in 0.00 ms.
DisplayProgressbar: Restoring NuGet Packages
Reflected over 10 assemblies in (126.4278 ms)
UnityEngine.StackTraceUtility:ExtractStackTrace ()
UnityEngine.DebugLogHandler:LogFormat (UnityEngine.LogType,UnityEngine.Object,string,object[])
UnityEngine.Logger:Log (UnityEngine.LogType,object)
UnityEngine.Debug:Log (object)
Neat.Tools.ReflectionUtility:Reflect () (at Assets/Neat/Core/Scripts/Reflection/ReflectionUtility.cs:64)
System.Reflection.RuntimeMethodInfo:Invoke (object,System.Reflection.BindingFlags,System.Reflection.Binder,object[],System.Globalization.CultureInfo)
System.Reflection.MethodBase:Invoke (object,object[])
UnityEditor.EditorAssemblies:ProcessInitializeOnLoadMethodAttributes ()

(Filename: Assets/Neat/Core/Scripts/Reflection/ReflectionUtility.cs Line: 64)

Mono: successfully reloaded assembly
- Completed reload, in  2.835 seconds
Domain Reload Profiling:
	ReloadAssembly (2835ms)
		BeginReloadAssembly (103ms)
			ExecutionOrderSort (0ms)
			DisableScriptedObjects (6ms)
			BackupInstance (0ms)
			ReleaseScriptingObjects (0ms)
			CreateAndSetChildDomain (20ms)
		EndReloadAssembly (2640ms)
			LoadAssemblies (81ms)
			RebuildTransferFunctionScriptingTraits (0ms)
			SetupTypeCache (307ms)
			ReleaseScriptCaches (1ms)
			RebuildScriptCaches (105ms)
			SetupLoadedEditorAssemblies (2106ms)
				LogAssemblyErrors (0ms)
				InitializePlatformSupportModulesInManaged (10ms)
				SetLoadedEditorAssemblies (0ms)
				RefreshPlugins (143ms)
				BeforeProcessingInitializeOnLoad (103ms)
				ProcessInitializeOnLoadAttributes (1233ms)
				ProcessInitializeOnLoadMethodAttributes (614ms)
				AfterProcessingInitializeOnLoad (2ms)
				EditorAssembliesLoaded (0ms)
			ExecutionOrderSort2 (0ms)
			AwakeInstancesAfterBackupRestoration (6ms)
Platform modules already initialized, skipping
========================================================================
Worker process is ready to serve import requests
Launched and connected shader compiler UnityShaderCompiler.exe after 0.06 seconds
Refreshing native plugins compatible for Editor in 2.03 ms, found 2 plugins.
Preloading 0 native plugins for Editor in 0.00 ms.
Unloading 5755 Unused Serialized files (Serialized files now loaded: 0)
Unloading 248 unused Assets / (1.5 MB). Loaded Objects now: 6211.
Memory consumption went from 265.1 MB to 263.6 MB.
Total: 5.646700 ms (FindLiveObjects: 0.633900 ms CreateObjectMapping: 0.153500 ms MarkObjects: 4.166800 ms  DeleteObjects: 0.690400 ms)

AssetImportParameters requested are different than current active one (requested -> active):
  custom:video-decoder-ogg-theora: a1e56fd34408186e4bbccfd4996cb3dc -> 
  custom:container-muxer-webm: aa71ff27fc2769a1b78a27578f13a17b -> 
  custom:container-demuxer-webm: 4f35f7cbe854078d1ac9338744f61a02 -> 
  custom:video-encoder-webm-vp8: eb34c28f22e8b96e1ab97ce403110664 -> 
  custom:video-codec-MediaFoundation-h265: 746d11721c4dcdbdad8f713fa42b33f4 -> 
  custom:audio-encoder-webm-vorbis: bf7c407c2cedff20999df2af8eb42d56 -> 
  custom:framework-win-MediaFoundation: 216162199b28c13a410421893ffa2e32 -> 
  custom:SearchIndexIgnoredProperties: e643bd26f0fe6173181afceb89e7c659 -> 
  custom:container-demuxer-ogg: 62fdf1f143b41e24485cea50d1cbac27 -> 
  custom:video-decoder-webm-vp8: 9c59270c3fd7afecdb556c50c9e8de78 -> 
  custom:audio-decoder-ogg-vorbis: bf7c407c2cedff20999df2af8eb42d56 -> 
========================================================================
Received Import Request.
  Time since last request: 31628.246689 seconds.
  path: Assets/Impoted/Packs/Mixamo/Animations/Rifle 8-Way Locomotion Pack/run forward right.fbx
  artifactKey: Guid(b9643a5bbf50a66438056bea9010352c) Importer(2089858483,934ff659095e30574adcf32a4c2f97b5)
Start importing Assets/Impoted/Packs/Mixamo/Animations/Rifle 8-Way Locomotion Pack/run forward right.fbx using Guid(b9643a5bbf50a66438056bea9010352c) Importer(2089858483,934ff659095e30574adcf32a4c2f97b5) Generated GUIDs only implemented for interfaces!
 -> (artifact id: '30b4c93a330a0aad34ab44fdc904cc7c') in 0.217163 seconds 
========================================================================
Received Import Request.
  Time since last request: 0.000032 seconds.
  path: Assets/Impoted/Packs/Mixamo/Animations/Rifle 8-Way Locomotion Pack/idle crouching aiming.fbx
  artifactKey: Guid(18132f260cd91e6478da2e67021f57c5) Importer(2089858483,934ff659095e30574adcf32a4c2f97b5)
Start importing Assets/Impoted/Packs/Mixamo/Animations/Rifle 8-Way Locomotion Pack/idle crouching aiming.fbx using Guid(18132f260cd91e6478da2e67021f57c5) Importer(2089858483,934ff659095e30574adcf32a4c2f97b5) Generated GUIDs only implemented for interfaces!
 -> (artifact id: 'a187d63d656fb12aa846d4086f795d0e') in 0.014285 seconds 
========================================================================
Received Import Request.
  Time since last request: 0.000046 seconds.
  path: Assets/Impoted/Packs/Mixamo/Animations/Rifle 8-Way Locomotion Pack/sprint forward left.fbx
  artifactKey: Guid(a1cdab8c7f578444aa25860f09d7be7f) Importer(2089858483,934ff659095e30574adcf32a4c2f97b5)
Start importing Assets/Impoted/Packs/Mixamo/Animations/Rifle 8-Way Locomotion Pack/sprint forward left.fbx using Guid(a1cdab8c7f578444aa25860f09d7be7f) Importer(2089858483,934ff659095e30574adcf32a4c2f97b5) Generated GUIDs only implemented for interfaces!
 -> (artifact id: '01ca445f50beade80a2c2be31906733e') in 0.013019 seconds 
========================================================================
Received Import Request.
  Time since last request: 0.000031 seconds.
  path: Assets/Impoted/Packs/Mixamo/Animations/Rifle 8-Way Locomotion Pack/run backward right.fbx
  artifactKey: Guid(1256a483cc82ea045b3edfa35fa948c7) Importer(2089858483,934ff659095e30574adcf32a4c2f97b5)
Start importing Assets/Impoted/Packs/Mixamo/Animations/Rifle 8-Way Locomotion Pack/run backward right.fbx using Guid(1256a483cc82ea045b3edfa35fa948c7) Importer(2089858483,934ff659095e30574adcf32a4c2f97b5) Generated GUIDs only implemented for interfaces!
 -> (artifact id: '084b35131bbe53bb2cb4a77a317c4754') in 0.015775 seconds 
========================================================================
Received Import Request.
  Time since last request: 0.000031 seconds.
  path: Assets/Impoted/Packs/Mixamo/Animations/Rifle 8-Way Locomotion Pack/death from front headshot.fbx
  artifactKey: Guid(2644b98bf797f8f499e93064c49a919b) Importer(2089858483,934ff659095e30574adcf32a4c2f97b5)
Start importing Assets/Impoted/Packs/Mixamo/Animations/Rifle 8-Way Locomotion Pack/death from front headshot.fbx using Guid(2644b98bf797f8f499e93064c49a919b) Importer(2089858483,934ff659095e30574adcf32a4c2f97b5) Generated GUIDs only implemented for interfaces!
 -> (artifact id: '0cece9e73afd84ae1c64cc0f2f39a4ed') in 0.013234 seconds 
========================================================================
Received Import Request.
  Time since last request: 0.000039 seconds.
  path: Assets/Impoted/Packs/Mixamo/Animations/Rifle 8-Way Locomotion Pack/sprint backward right.fbx
  artifactKey: Guid(3f082d59505716240890428d9b50d5c2) Importer(2089858483,934ff659095e30574adcf32a4c2f97b5)
Start importing Assets/Impoted/Packs/Mixamo/Animations/Rifle 8-Way Locomotion Pack/sprint backward right.fbx using Guid(3f082d59505716240890428d9b50d5c2) Importer(2089858483,934ff659095e30574adcf32a4c2f97b5) Generated GUIDs only implemented for interfaces!
 -> (artifact id: 'cd4be9a0cb4541d9d29be726c4a1724d') in 0.018306 seconds 
========================================================================
Received Import Request.
  Time since last request: 0.000035 seconds.
  path: Assets/Impoted/Packs/Mixamo/Animations/Rifle 8-Way Locomotion Pack/walk crouching right.fbx
  artifactKey: Guid(fea32f434b4b27d4384757019947a3ef) Importer(2089858483,934ff659095e30574adcf32a4c2f97b5)
Start importing Assets/Impoted/Packs/Mixamo/Animations/Rifle 8-Way Locomotion Pack/walk crouching right.fbx using Guid(fea32f434b4b27d4384757019947a3ef) Importer(2089858483,934ff659095e30574adcf32a4c2f97b5) Generated GUIDs only implemented for interfaces!
 -> (artifact id: '34ffac1a3a329cba3999803e5b615418') in 0.013316 seconds 
========================================================================
Received Import Request.
  Time since last request: 0.000037 seconds.
  path: Assets/Impoted/Packs/Mixamo/Animations/Rifle 8-Way Locomotion Pack/death from the front.fbx
  artifactKey: Guid(4e1e969f09c25b449870efb2cd0e7df8) Importer(2089858483,934ff659095e30574adcf32a4c2f97b5)
Start importing Assets/Impoted/Packs/Mixamo/Animations/Rifle 8-Way Locomotion Pack/death from the front.fbx using Guid(4e1e969f09c25b449870efb2cd0e7df8) Importer(2089858483,934ff659095e30574adcf32a4c2f97b5) Generated GUIDs only implemented for interfaces!
 -> (artifact id: 'f69230ee262ebd05111bd80f8ec599df') in 0.017479 seconds 
Editor requested this worker to shutdown with reason: Scaling down because of idle timeout
AssetImportWorker is now disconnected from the server
Process exiting
Exiting without the bug reporter. Application will terminate with return code 0