Using pre-set license
Built from '2021.2/staging' branch; Version is '2021.2.7f1 (6bd9e232123f) revision 7068130'; Using compiler version '192829333'; Build Type 'Release'
OS: 'Windows 11  (10.0.22000) 64bit Core' Language: 'en' Physical Memory: 32689 MB
BatchMode: 1, IsHumanControllingUs: 0, StartBugReporterOnCrash: 0, Is64bit: 1, IsPro: 0

COMMAND LINE ARGUMENTS:
E:\Program Files\Unity\Installs\2021.2.7f1\Editor\Unity.exe
-adb2
-batchMode
-noUpm
-name
AssetImportWorker22
-projectPath
E:/Projects/Unity/NeatoDemos - Copy
-logFile
Logs/AssetImportWorker22.log
-srvPort
50363
Successfully changed project path to: E:/Projects/Unity/NeatoDemos - Copy
E:/Projects/Unity/NeatoDemos - Copy
[UnityMemory] Configuration Parameters - Can be set up in boot.config
    "memorysetup-bucket-allocator-granularity=16"
    "memorysetup-bucket-allocator-bucket-count=8"
    "memorysetup-bucket-allocator-block-size=33554432"
    "memorysetup-bucket-allocator-block-count=8"
    "memorysetup-main-allocator-block-size=16777216"
    "memorysetup-thread-allocator-block-size=16777216"
    "memorysetup-gfx-main-allocator-block-size=16777216"
    "memorysetup-gfx-thread-allocator-block-size=16777216"
    "memorysetup-cache-allocator-block-size=4194304"
    "memorysetup-typetree-allocator-block-size=2097152"
    "memorysetup-profiler-bucket-allocator-granularity=16"
    "memorysetup-profiler-bucket-allocator-bucket-count=8"
    "memorysetup-profiler-bucket-allocator-block-size=33554432"
    "memorysetup-profiler-bucket-allocator-block-count=8"
    "memorysetup-profiler-allocator-block-size=16777216"
    "memorysetup-profiler-editor-allocator-block-size=1048576"
    "memorysetup-temp-allocator-size-main=16777216"
    "memorysetup-job-temp-allocator-block-size=2097152"
    "memorysetup-job-temp-allocator-block-size-background=1048576"
    "memorysetup-job-temp-allocator-reduction-small-platforms=262144"
    "memorysetup-temp-allocator-size-background-worker=32768"
    "memorysetup-temp-allocator-size-job-worker=262144"
    "memorysetup-temp-allocator-size-preload-manager=33554432"
    "memorysetup-temp-allocator-size-nav-mesh-worker=65536"
    "memorysetup-temp-allocator-size-audio-worker=65536"
    "memorysetup-temp-allocator-size-cloud-worker=32768"
    "memorysetup-temp-allocator-size-gi-baking-worker=262144"
    "memorysetup-temp-allocator-size-gfx=262144"
Refreshing native plugins compatible for Editor in 179.39 ms, found 2 plugins.
Preloading 0 native plugins for Editor in 0.00 ms.
Initialize engine version: 2021.2.7f1 (6bd9e232123f)
[Subsystems] Discovering subsystems at path E:/Program Files/Unity/Installs/2021.2.7f1/Editor/Data/Resources/UnitySubsystems
[Subsystems] Discovering subsystems at path E:/Projects/Unity/NeatoDemos - Copy/Assets
GfxDevice: creating device client; threaded=0; jobified=0
Direct3D:
    Version:  Direct3D 11.0 [level 11.1]
    Renderer: NVIDIA GeForce GTX 1060 3GB (ID=0x1c02)
    Vendor:   NVIDIA
    VRAM:     2988 MB
    Driver:   30.0.14.9729
Initialize mono
Mono path[0] = 'E:/Program Files/Unity/Installs/2021.2.7f1/Editor/Data/Managed'
Mono path[1] = 'E:/Program Files/Unity/Installs/2021.2.7f1/Editor/Data/MonoBleedingEdge/lib/mono/unityjit-win32'
Mono config path = 'E:/Program Files/Unity/Installs/2021.2.7f1/Editor/Data/MonoBleedingEdge/etc'
Using monoOptions --debugger-agent=transport=dt_socket,embedding=1,server=y,suspend=n,address=127.0.0.1:56020
Begin MonoManager ReloadAssembly
Registering precompiled unity dll's ...
Register platform support module: E:/Program Files/Unity/Installs/2021.2.7f1/Editor/Data/PlaybackEngines/WindowsStandaloneSupport/UnityEditor.WindowsStandalone.Extensions.dll
Registered in 0.002142 seconds.
Native extension for WindowsStandalone target not found
Refreshing native plugins compatible for Editor in 150.98 ms, found 2 plugins.
Preloading 0 native plugins for Editor in 0.00 ms.
Mono: successfully reloaded assembly
- Completed reload, in  0.662 seconds
Domain Reload Profiling:
	ReloadAssembly (663ms)
		BeginReloadAssembly (70ms)
			ExecutionOrderSort (0ms)
			DisableScriptedObjects (0ms)
			BackupInstance (0ms)
			ReleaseScriptingObjects (0ms)
			CreateAndSetChildDomain (1ms)
		EndReloadAssembly (526ms)
			LoadAssemblies (68ms)
			RebuildTransferFunctionScriptingTraits (0ms)
			SetupTypeCache (103ms)
			ReleaseScriptCaches (0ms)
			RebuildScriptCaches (27ms)
			SetupLoadedEditorAssemblies (347ms)
				LogAssemblyErrors (0ms)
				InitializePlatformSupportModulesInManaged (14ms)
				SetLoadedEditorAssemblies (0ms)
				RefreshPlugins (151ms)
				BeforeProcessingInitializeOnLoad (1ms)
				ProcessInitializeOnLoadAttributes (137ms)
				ProcessInitializeOnLoadMethodAttributes (44ms)
				AfterProcessingInitializeOnLoad (0ms)
				EditorAssembliesLoaded (0ms)
			ExecutionOrderSort2 (0ms)
			AwakeInstancesAfterBackupRestoration (0ms)
Platform modules already initialized, skipping
Registering precompiled user dll's ...
Registered in 0.005841 seconds.
Begin MonoManager ReloadAssembly
Native extension for WindowsStandalone target not found
Refreshing native plugins compatible for Editor in 140.88 ms, found 2 plugins.
Preloading 0 native plugins for Editor in 0.00 ms.
DisplayProgressbar: Restoring NuGet Packages
Reflected over 10 assemblies in (133.368 ms)
UnityEngine.StackTraceUtility:ExtractStackTrace ()
UnityEngine.DebugLogHandler:LogFormat (UnityEngine.LogType,UnityEngine.Object,string,object[])
UnityEngine.Logger:Log (UnityEngine.LogType,object)
UnityEngine.Debug:Log (object)
Neat.Tools.ReflectionUtility:Reflect () (at Assets/Neat/Core/Scripts/Reflection/ReflectionUtility.cs:64)
System.Reflection.RuntimeMethodInfo:Invoke (object,System.Reflection.BindingFlags,System.Reflection.Binder,object[],System.Globalization.CultureInfo)
System.Reflection.MethodBase:Invoke (object,object[])
UnityEditor.EditorAssemblies:ProcessInitializeOnLoadMethodAttributes ()

(Filename: Assets/Neat/Core/Scripts/Reflection/ReflectionUtility.cs Line: 64)

Mono: successfully reloaded assembly
- Completed reload, in  3.037 seconds
Domain Reload Profiling:
	ReloadAssembly (3038ms)
		BeginReloadAssembly (104ms)
			ExecutionOrderSort (0ms)
			DisableScriptedObjects (6ms)
			BackupInstance (0ms)
			ReleaseScriptingObjects (0ms)
			CreateAndSetChildDomain (23ms)
		EndReloadAssembly (2839ms)
			LoadAssemblies (77ms)
			RebuildTransferFunctionScriptingTraits (0ms)
			SetupTypeCache (306ms)
			ReleaseScriptCaches (1ms)
			RebuildScriptCaches (103ms)
			SetupLoadedEditorAssemblies (2305ms)
				LogAssemblyErrors (0ms)
				InitializePlatformSupportModulesInManaged (9ms)
				SetLoadedEditorAssemblies (0ms)
				RefreshPlugins (141ms)
				BeforeProcessingInitializeOnLoad (104ms)
				ProcessInitializeOnLoadAttributes (1409ms)
				ProcessInitializeOnLoadMethodAttributes (639ms)
				AfterProcessingInitializeOnLoad (3ms)
				EditorAssembliesLoaded (0ms)
			ExecutionOrderSort2 (0ms)
			AwakeInstancesAfterBackupRestoration (6ms)
Platform modules already initialized, skipping
========================================================================
Worker process is ready to serve import requests
Launched and connected shader compiler UnityShaderCompiler.exe after 0.06 seconds
Refreshing native plugins compatible for Editor in 3.51 ms, found 2 plugins.
Preloading 0 native plugins for Editor in 0.00 ms.
Unloading 5757 Unused Serialized files (Serialized files now loaded: 0)
Unloading 248 unused Assets / (1.5 MB). Loaded Objects now: 6213.
Memory consumption went from 265.6 MB to 264.0 MB.
Total: 5.952300 ms (FindLiveObjects: 0.817300 ms CreateObjectMapping: 0.153600 ms MarkObjects: 4.303700 ms  DeleteObjects: 0.675700 ms)

AssetImportParameters requested are different than current active one (requested -> active):
  custom:video-decoder-ogg-theora: a1e56fd34408186e4bbccfd4996cb3dc -> 
  custom:container-muxer-webm: aa71ff27fc2769a1b78a27578f13a17b -> 
  custom:container-demuxer-webm: 4f35f7cbe854078d1ac9338744f61a02 -> 
  custom:video-encoder-webm-vp8: eb34c28f22e8b96e1ab97ce403110664 -> 
  custom:video-codec-MediaFoundation-h265: 746d11721c4dcdbdad8f713fa42b33f4 -> 
  custom:audio-encoder-webm-vorbis: bf7c407c2cedff20999df2af8eb42d56 -> 
  custom:framework-win-MediaFoundation: 216162199b28c13a410421893ffa2e32 -> 
  custom:SearchIndexIgnoredProperties: e643bd26f0fe6173181afceb89e7c659 -> 
  custom:container-demuxer-ogg: 62fdf1f143b41e24485cea50d1cbac27 -> 
  custom:video-decoder-webm-vp8: 9c59270c3fd7afecdb556c50c9e8de78 -> 
  custom:audio-decoder-ogg-vorbis: bf7c407c2cedff20999df2af8eb42d56 -> 
========================================================================
Received Import Request.
  Time since last request: 35075.628911 seconds.
  path: Assets/Impoted/Packs/Mixamo/Characters/swat guy/Ch15.fbx
  artifactKey: Guid(9b878294640d1264d9c67c77be090ade) Importer(815301076,1909f56bfc062723c751e8b465ee728b)
Start importing Assets/Impoted/Packs/Mixamo/Characters/swat guy/Ch15.fbx using Guid(9b878294640d1264d9c67c77be090ade) Importer(815301076,1909f56bfc062723c751e8b465ee728b) Attempting to get Camera relative temporary RenderTexture (width || height <= 0) via a CommandBuffer  in a Sriptable Render Pipeline.
UnityEngine.StackTraceUtility:ExtractStackTrace ()
UnityEngine.Rendering.ScriptableRenderContext:ExecuteCommandBuffer_Internal (UnityEngine.Rendering.CommandBuffer)
UnityEngine.Rendering.ScriptableRenderContext:ExecuteCommandBuffer (UnityEngine.Rendering.CommandBuffer)
UnityEngine.Rendering.Universal.Internal.CopyColorPass:Execute (UnityEngine.Rendering.ScriptableRenderContext,UnityEngine.Rendering.Universal.RenderingData&) (at Library/PackageCache/com.unity.render-pipelines.universal@12.1.2/Runtime/Passes/CopyColorPass.cs:111)
UnityEngine.Rendering.Universal.ScriptableRenderer:ExecuteRenderPass (UnityEngine.Rendering.ScriptableRenderContext,UnityEngine.Rendering.Universal.ScriptableRenderPass,UnityEngine.Rendering.Universal.RenderingData&) (at Library/PackageCache/com.unity.render-pipelines.universal@12.1.2/Runtime/ScriptableRenderer.cs:966)
UnityEngine.Rendering.Universal.ScriptableRenderer:ExecuteBlock (int,UnityEngine.Rendering.Universal.ScriptableRenderer/RenderBlocks&,UnityEngine.Rendering.ScriptableRenderContext,UnityEngine.Rendering.Universal.RenderingData&,bool) (at Library/PackageCache/com.unity.render-pipelines.universal@12.1.2/Runtime/ScriptableRenderer.cs:925)
UnityEngine.Rendering.Universal.ScriptableRenderer:Execute (UnityEngine.Rendering.ScriptableRenderContext,UnityEngine.Rendering.Universal.RenderingData&) (at Library/PackageCache/com.unity.render-pipelines.universal@12.1.2/Runtime/ScriptableRenderer.cs:729)
UnityEngine.Rendering.Universal.UniversalRenderPipeline:RenderSingleCamera (UnityEngine.Rendering.ScriptableRenderContext,UnityEngine.Rendering.Universal.CameraData,bool) (at Library/PackageCache/com.unity.render-pipelines.universal@12.1.2/Runtime/UniversalRenderPipeline.cs:414)
UnityEngine.Rendering.Universal.UniversalRenderPipeline:RenderSingleCamera (UnityEngine.Rendering.ScriptableRenderContext,UnityEngine.Camera) (at Library/PackageCache/com.unity.render-pipelines.universal@12.1.2/Runtime/UniversalRenderPipeline.cs:323)
UnityEngine.Rendering.Universal.UniversalRenderPipeline:Render (UnityEngine.Rendering.ScriptableRenderContext,System.Collections.Generic.List`1<UnityEngine.Camera>) (at Library/PackageCache/com.unity.render-pipelines.universal@12.1.2/Runtime/UniversalRenderPipeline.cs:278)
UnityEngine.Rendering.RenderPipeline:InternalRender (UnityEngine.Rendering.ScriptableRenderContext,System.Collections.Generic.List`1<UnityEngine.Camera>)
UnityEngine.Rendering.RenderPipelineManager:DoRenderLoop_Internal (UnityEngine.Rendering.RenderPipelineAsset,intptr,System.Collections.Generic.List`1<UnityEngine.Camera/RenderRequest>,Unity.Collections.LowLevel.Unsafe.AtomicSafetyHandle)
UnityEditor.PreviewRenderUtility:Render (bool,bool)
UnityEditor.GameObjectInspector:DoRenderPreview ()
UnityEditor.GameObjectInspector:RenderStaticPreview (string,UnityEngine.Object[],int,int)
UnityEditor.AssetPreviewUpdater:CreatePreview (UnityEngine.Object,UnityEngine.Object[],string,int,int)
UnityEditor.AssetPreviewUpdater:CreatePreviewForAsset (UnityEngine.Object,UnityEngine.Object[],string)

[ line 0]

Trying to get RenderBuffer with invalid antiAliasing (must be at least 1)
UnityEngine.StackTraceUtility:ExtractStackTrace ()
UnityEngine.Rendering.ScriptableRenderContext:Submit_Internal ()
UnityEngine.Rendering.ScriptableRenderContext:Submit ()
UnityEngine.Rendering.Universal.UniversalRenderPipeline:RenderSingleCamera (UnityEngine.Rendering.ScriptableRenderContext,UnityEngine.Rendering.Universal.CameraData,bool) (at Library/PackageCache/com.unity.render-pipelines.universal@12.1.2/Runtime/UniversalRenderPipeline.cs:430)
UnityEngine.Rendering.Universal.UniversalRenderPipeline:RenderSingleCamera (UnityEngine.Rendering.ScriptableRenderContext,UnityEngine.Camera) (at Library/PackageCache/com.unity.render-pipelines.universal@12.1.2/Runtime/UniversalRenderPipeline.cs:323)
UnityEngine.Rendering.Universal.UniversalRenderPipeline:Render (UnityEngine.Rendering.ScriptableRenderContext,System.Collections.Generic.List`1<UnityEngine.Camera>) (at Library/PackageCache/com.unity.render-pipelines.universal@12.1.2/Runtime/UniversalRenderPipeline.cs:278)
UnityEngine.Rendering.RenderPipeline:InternalRender (UnityEngine.Rendering.ScriptableRenderContext,System.Collections.Generic.List`1<UnityEngine.Camera>)
UnityEngine.Rendering.RenderPipelineManager:DoRenderLoop_Internal (UnityEngine.Rendering.RenderPipelineAsset,intptr,System.Collections.Generic.List`1<UnityEngine.Camera/RenderRequest>,Unity.Collections.LowLevel.Unsafe.AtomicSafetyHandle)
UnityEditor.PreviewRenderUtility:Render (bool,bool)
UnityEditor.GameObjectInspector:DoRenderPreview ()
UnityEditor.GameObjectInspector:RenderStaticPreview (string,UnityEngine.Object[],int,int)
UnityEditor.AssetPreviewUpdater:CreatePreview (UnityEngine.Object,UnityEngine.Object[],string,int,int)
UnityEditor.AssetPreviewUpdater:CreatePreviewForAsset (UnityEngine.Object,UnityEngine.Object[],string)

[C:\buildslave\unity\build\Runtime\Graphics\RenderBufferManager.cpp line 180]

Trying to get RenderBuffer with invalid antiAliasing (must be at least 1)
UnityEngine.StackTraceUtility:ExtractStackTrace ()
UnityEngine.Rendering.ScriptableRenderContext:Submit_Internal ()
UnityEngine.Rendering.ScriptableRenderContext:Submit ()
UnityEngine.Rendering.Universal.UniversalRenderPipeline:RenderSingleCamera (UnityEngine.Rendering.ScriptableRenderContext,UnityEngine.Rendering.Universal.CameraData,bool) (at Library/PackageCache/com.unity.render-pipelines.universal@12.1.2/Runtime/UniversalRenderPipeline.cs:430)
UnityEngine.Rendering.Universal.UniversalRenderPipeline:RenderSingleCamera (UnityEngine.Rendering.ScriptableRenderContext,UnityEngine.Camera) (at Library/PackageCache/com.unity.render-pipelines.universal@12.1.2/Runtime/UniversalRenderPipeline.cs:323)
UnityEngine.Rendering.Universal.UniversalRenderPipeline:Render (UnityEngine.Rendering.ScriptableRenderContext,System.Collections.Generic.List`1<UnityEngine.Camera>) (at Library/PackageCache/com.unity.render-pipelines.universal@12.1.2/Runtime/UniversalRenderPipeline.cs:278)
UnityEngine.Rendering.RenderPipeline:InternalRender (UnityEngine.Rendering.ScriptableRenderContext,System.Collections.Generic.List`1<UnityEngine.Camera>)
UnityEngine.Rendering.RenderPipelineManager:DoRenderLoop_Internal (UnityEngine.Rendering.RenderPipelineAsset,intptr,System.Collections.Generic.List`1<UnityEngine.Camera/RenderRequest>,Unity.Collections.LowLevel.Unsafe.AtomicSafetyHandle)
UnityEditor.PreviewRenderUtility:Render (bool,bool)
UnityEditor.GameObjectInspector:DoRenderPreview ()
UnityEditor.GameObjectInspector:RenderStaticPreview (string,UnityEngine.Object[],int,int)
UnityEditor.AssetPreviewUpdater:CreatePreview (UnityEngine.Object,UnityEngine.Object[],string,int,int)
UnityEditor.AssetPreviewUpdater:CreatePreviewForAsset (UnityEngine.Object,UnityEngine.Object[],string)

[C:\buildslave\unity\build\Runtime\Graphics\RenderBufferManager.cpp line 180]

 -> (artifact id: '9b5703985afdccb6b3deaed4a5721c09') in 0.342116 seconds 
========================================================================
Received Prepare
Registering precompiled user dll's ...
Registered in 0.008462 seconds.
Begin MonoManager ReloadAssembly
Native extension for WindowsStandalone target not found
Refreshing native plugins compatible for Editor in 4.11 ms, found 2 plugins.
Preloading 0 native plugins for Editor in 0.00 ms.
Error loading file Library/StateCache/LayerSettings/9e/9ecc5c3c162a7aba29bafa64c8b94b7c.json. Error: System.IO.IOException: Sharing violation on path E:\Projects\Unity\NeatoDemos - Copy\Library\StateCache\LayerSettings\9e\9ecc5c3c162a7aba29bafa64c8b94b7c.json
  at System.IO.FileStream..ctor (System.String path, System.IO.FileMode mode, System.IO.FileAccess access, System.IO.FileShare share, System.Int32 bufferSize, System.Boolean anonymous, System.IO.FileOptions options) [0x0019e] in <31c0f51ac5a24a22ba784db24f4ba023>:0 
  at System.IO.FileStream..ctor (System.String path, System.IO.FileMode mode, System.IO.FileAccess access, System.IO.FileShare share, System.Int32 bufferSize, System.IO.FileOptions options) [0x00000] in <31c0f51ac5a24a22ba784db24f4ba023>:0 
  at (wrapper remoting-invoke-with-check) System.IO.FileStream..ctor(string,System.IO.FileMode,System.IO.FileAccess,System.IO.FileShare,int,System.IO.FileOptions)
  at System.IO.StreamReader..ctor (System.String path, System.Text.Encoding encoding, System.Boolean detectEncodingFromByteOrderMarks, System.Int32 bufferSize) [0x00055] in <31c0f51ac5a24a22ba784db24f4ba023>:0 
  at System.IO.StreamReader..ctor (System.String path, System.Text.Encoding encoding, System.Boolean detectEncodingFromByteOrderMarks) [0x00000] in <31c0f51ac5a24a22ba784db24f4ba023>:0 
  at (wrapper remoting-invoke-with-check) System.IO.StreamReader..ctor(string,System.Text.Encoding,bool)
  at System.IO.File.InternalReadAllText (System.String path, System.Text.Encoding encoding) [0x00000] in <31c0f51ac5a24a22ba784db24f4ba023>:0 
  at System.IO.File.ReadAllText (System.String path, System.Text.Encoding encoding) [0x00034] in <31c0f51ac5a24a22ba784db24f4ba023>:0 
  at UnityEditor.StateCache`1[T].GetState (UnityEngine.Hash128 key, T defaultValue) [0x00041] in <0cde216a590a4d6fbc3d7db7ac203c5d>:0 
UnityEngine.StackTraceUtility:ExtractStackTrace ()
UnityEngine.DebugLogHandler:LogFormat (UnityEngine.LogType,UnityEngine.Object,string,object[])
UnityEngine.Logger:Log (UnityEngine.LogType,object)
UnityEngine.Debug:LogError (object)
UnityEditor.StateCache`1<UnityEditor.Tools/LayerSettings>:GetState (UnityEngine.Hash128,UnityEditor.Tools/LayerSettings)
UnityEditor.Tools:OnEnable ()
UnityEngine.ScriptableObject:CreateInstance (System.Type)
UnityEngine.ScriptableObject:CreateInstance<UnityEditor.Tools> ()
UnityEditor.Tools:get_get ()
UnityEditor.Tools:get_visibleLayers ()
UnityEditor.Animations.Rigging.BoneRendererUtils:.cctor () (at Library/PackageCache/com.unity.animation.rigging@1.1.1/Editor/Utils/BoneRendererUtils.cs:121)
System.Runtime.CompilerServices.RuntimeHelpers:RunClassConstructor (System.RuntimeTypeHandle)
UnityEditor.EditorAssemblies:ProcessInitializeOnLoadAttributes (System.Type[])

(Filename: Library/PackageCache/com.unity.animation.rigging@1.1.1/Editor/Utils/BoneRendererUtils.cs Line: 121)

Reflected over 10 assemblies in (136.1442 ms)
UnityEngine.StackTraceUtility:ExtractStackTrace ()
UnityEngine.DebugLogHandler:LogFormat (UnityEngine.LogType,UnityEngine.Object,string,object[])
UnityEngine.Logger:Log (UnityEngine.LogType,object)
UnityEngine.Debug:Log (object)
Neat.Tools.ReflectionUtility:Reflect () (at Assets/Neat/Core/Scripts/Reflection/ReflectionUtility.cs:64)
System.Reflection.RuntimeMethodInfo:Invoke (object,System.Reflection.BindingFlags,System.Reflection.Binder,object[],System.Globalization.CultureInfo)
System.Reflection.MethodBase:Invoke (object,object[])
UnityEditor.EditorAssemblies:ProcessInitializeOnLoadMethodAttributes ()

(Filename: Assets/Neat/Core/Scripts/Reflection/ReflectionUtility.cs Line: 64)

Mono: successfully reloaded assembly
- Completed reload, in  2.757 seconds
Domain Reload Profiling:
	ReloadAssembly (2757ms)
		BeginReloadAssembly (222ms)
			ExecutionOrderSort (0ms)
			DisableScriptedObjects (7ms)
			BackupInstance (0ms)
			ReleaseScriptingObjects (0ms)
			CreateAndSetChildDomain (100ms)
		EndReloadAssembly (2429ms)
			LoadAssemblies (99ms)
			RebuildTransferFunctionScriptingTraits (0ms)
			SetupTypeCache (368ms)
			ReleaseScriptCaches (6ms)
			RebuildScriptCaches (135ms)
			SetupLoadedEditorAssemblies (1743ms)
				LogAssemblyErrors (0ms)
				InitializePlatformSupportModulesInManaged (11ms)
				SetLoadedEditorAssemblies (1ms)
				RefreshPlugins (4ms)
				BeforeProcessingInitializeOnLoad (123ms)
				ProcessInitializeOnLoadAttributes (973ms)
				ProcessInitializeOnLoadMethodAttributes (627ms)
				AfterProcessingInitializeOnLoad (3ms)
				EditorAssembliesLoaded (0ms)
			ExecutionOrderSort2 (0ms)
			AwakeInstancesAfterBackupRestoration (20ms)
Platform modules already initialized, skipping
Refreshing native plugins compatible for Editor in 2.35 ms, found 2 plugins.
Preloading 0 native plugins for Editor in 0.00 ms.
Unloading 5586 Unused Serialized files (Serialized files now loaded: 0)
Unloading 239 unused Assets / (1.2 MB). Loaded Objects now: 6318.
Memory consumption went from 279.1 MB to 277.9 MB.
Total: 6.599700 ms (FindLiveObjects: 0.646400 ms CreateObjectMapping: 0.156200 ms MarkObjects: 4.814200 ms  DeleteObjects: 0.980400 ms)

AssetImportParameters requested are different than current active one (requested -> active):
  custom:video-decoder-ogg-theora: a1e56fd34408186e4bbccfd4996cb3dc -> 
  custom:container-muxer-webm: aa71ff27fc2769a1b78a27578f13a17b -> 
  custom:container-demuxer-webm: 4f35f7cbe854078d1ac9338744f61a02 -> 
  custom:video-encoder-webm-vp8: eb34c28f22e8b96e1ab97ce403110664 -> 
  custom:video-codec-MediaFoundation-h265: 746d11721c4dcdbdad8f713fa42b33f4 -> 
  custom:audio-encoder-webm-vorbis: bf7c407c2cedff20999df2af8eb42d56 -> 
  custom:framework-win-MediaFoundation: 216162199b28c13a410421893ffa2e32 -> 
  custom:SearchIndexIgnoredProperties: e643bd26f0fe6173181afceb89e7c659 -> 
  custom:container-demuxer-ogg: 62fdf1f143b41e24485cea50d1cbac27 -> 
  custom:video-decoder-webm-vp8: 9c59270c3fd7afecdb556c50c9e8de78 -> 
  custom:audio-decoder-ogg-vorbis: bf7c407c2cedff20999df2af8eb42d56 -> 
========================================================================
Received Import Request.
  Time since last request: 23.513119 seconds.
  path: Assets/Impoted/Packs/Low Poly Ultimate Pack/T/- Meshes_T/People_T/Rigs_T/woman-lady-rival_Rig.fbx
  artifactKey: Guid(6e301158f992a1e4097caba892cb594b) Importer(815301076,1909f56bfc062723c751e8b465ee728b)
Start importing Assets/Impoted/Packs/Low Poly Ultimate Pack/T/- Meshes_T/People_T/Rigs_T/woman-lady-rival_Rig.fbx using Guid(6e301158f992a1e4097caba892cb594b) Importer(815301076,1909f56bfc062723c751e8b465ee728b) Trying to get RenderBuffer with invalid antiAliasing (must be at least 1)
UnityEngine.StackTraceUtility:ExtractStackTrace ()
UnityEngine.Rendering.ScriptableRenderContext:Submit_Internal ()
UnityEngine.Rendering.ScriptableRenderContext:Submit ()
UnityEngine.Rendering.Universal.UniversalRenderPipeline:RenderSingleCamera (UnityEngine.Rendering.ScriptableRenderContext,UnityEngine.Rendering.Universal.CameraData,bool) (at Library/PackageCache/com.unity.render-pipelines.universal@12.1.2/Runtime/UniversalRenderPipeline.cs:430)
UnityEngine.Rendering.Universal.UniversalRenderPipeline:RenderSingleCamera (UnityEngine.Rendering.ScriptableRenderContext,UnityEngine.Camera) (at Library/PackageCache/com.unity.render-pipelines.universal@12.1.2/Runtime/UniversalRenderPipeline.cs:323)
UnityEngine.Rendering.Universal.UniversalRenderPipeline:Render (UnityEngine.Rendering.ScriptableRenderContext,System.Collections.Generic.List`1<UnityEngine.Camera>) (at Library/PackageCache/com.unity.render-pipelines.universal@12.1.2/Runtime/UniversalRenderPipeline.cs:278)
UnityEngine.Rendering.RenderPipeline:InternalRender (UnityEngine.Rendering.ScriptableRenderContext,System.Collections.Generic.List`1<UnityEngine.Camera>)
UnityEngine.Rendering.RenderPipelineManager:DoRenderLoop_Internal (UnityEngine.Rendering.RenderPipelineAsset,intptr,System.Collections.Generic.List`1<UnityEngine.Camera/RenderRequest>,Unity.Collections.LowLevel.Unsafe.AtomicSafetyHandle)
UnityEditor.PreviewRenderUtility:Render (bool,bool)
UnityEditor.GameObjectInspector:DoRenderPreview ()
UnityEditor.GameObjectInspector:RenderStaticPreview (string,UnityEngine.Object[],int,int)
UnityEditor.AssetPreviewUpdater:CreatePreview (UnityEngine.Object,UnityEngine.Object[],string,int,int)
UnityEditor.AssetPreviewUpdater:CreatePreviewForAsset (UnityEngine.Object,UnityEngine.Object[],string)

[C:\buildslave\unity\build\Runtime\Graphics\RenderBufferManager.cpp line 180]

Trying to get RenderBuffer with invalid antiAliasing (must be at least 1)
UnityEngine.StackTraceUtility:ExtractStackTrace ()
UnityEngine.Rendering.ScriptableRenderContext:Submit_Internal ()
UnityEngine.Rendering.ScriptableRenderContext:Submit ()
UnityEngine.Rendering.Universal.UniversalRenderPipeline:RenderSingleCamera (UnityEngine.Rendering.ScriptableRenderContext,UnityEngine.Rendering.Universal.CameraData,bool) (at Library/PackageCache/com.unity.render-pipelines.universal@12.1.2/Runtime/UniversalRenderPipeline.cs:430)
UnityEngine.Rendering.Universal.UniversalRenderPipeline:RenderSingleCamera (UnityEngine.Rendering.ScriptableRenderContext,UnityEngine.Camera) (at Library/PackageCache/com.unity.render-pipelines.universal@12.1.2/Runtime/UniversalRenderPipeline.cs:323)
UnityEngine.Rendering.Universal.UniversalRenderPipeline:Render (UnityEngine.Rendering.ScriptableRenderContext,System.Collections.Generic.List`1<UnityEngine.Camera>) (at Library/PackageCache/com.unity.render-pipelines.universal@12.1.2/Runtime/UniversalRenderPipeline.cs:278)
UnityEngine.Rendering.RenderPipeline:InternalRender (UnityEngine.Rendering.ScriptableRenderContext,System.Collections.Generic.List`1<UnityEngine.Camera>)
UnityEngine.Rendering.RenderPipelineManager:DoRenderLoop_Internal (UnityEngine.Rendering.RenderPipelineAsset,intptr,System.Collections.Generic.List`1<UnityEngine.Camera/RenderRequest>,Unity.Collections.LowLevel.Unsafe.AtomicSafetyHandle)
UnityEditor.PreviewRenderUtility:Render (bool,bool)
UnityEditor.GameObjectInspector:DoRenderPreview ()
UnityEditor.GameObjectInspector:RenderStaticPreview (string,UnityEngine.Object[],int,int)
UnityEditor.AssetPreviewUpdater:CreatePreview (UnityEngine.Object,UnityEngine.Object[],string,int,int)
UnityEditor.AssetPreviewUpdater:CreatePreviewForAsset (UnityEngine.Object,UnityEngine.Object[],string)

[C:\buildslave\unity\build\Runtime\Graphics\RenderBufferManager.cpp line 180]

 -> (artifact id: 'e5ec62994855858f1e64118d8b0c1d4d') in 0.245048 seconds 
========================================================================
Received Import Request.
  Time since last request: 2.705999 seconds.
  path: Assets/Impoted/Packs/Low Poly Ultimate Pack/M/- Meshes_M/People_M/Rigs_M/woman-geisha_Rig.fbx
  artifactKey: Guid(3a3b3f923b06c38498b5f0745e8fc3cc) Importer(815301076,1909f56bfc062723c751e8b465ee728b)
Start importing Assets/Impoted/Packs/Low Poly Ultimate Pack/M/- Meshes_M/People_M/Rigs_M/woman-geisha_Rig.fbx using Guid(3a3b3f923b06c38498b5f0745e8fc3cc) Importer(815301076,1909f56bfc062723c751e8b465ee728b)  -> (artifact id: '45dc41245880bb26067d4886162647e4') in 0.053279 seconds 
========================================================================
Received Import Request.
  Time since last request: 0.000030 seconds.
  path: Assets/Impoted/Packs/Low Poly Ultimate Pack/M/- Meshes_M/People_M/Rigs_M/woman-farm_Rig.fbx
  artifactKey: Guid(a3487b0c87a259a4ca620013470ce79e) Importer(815301076,1909f56bfc062723c751e8b465ee728b)
Start importing Assets/Impoted/Packs/Low Poly Ultimate Pack/M/- Meshes_M/People_M/Rigs_M/woman-farm_Rig.fbx using Guid(a3487b0c87a259a4ca620013470ce79e) Importer(815301076,1909f56bfc062723c751e8b465ee728b)  -> (artifact id: '3fa79eb4d8ca796e9ea34562c91cddf5') in 0.046689 seconds 
========================================================================
Received Import Request.
  Time since last request: 0.000023 seconds.
  path: Assets/Impoted/Packs/Low Poly Ultimate Pack/M/- Meshes_M/People_M/Rigs_M/woman-casual-pants_Rig.fbx
  artifactKey: Guid(f54d9917efbd4fa43a94b96657089bca) Importer(815301076,1909f56bfc062723c751e8b465ee728b)
Start importing Assets/Impoted/Packs/Low Poly Ultimate Pack/M/- Meshes_M/People_M/Rigs_M/woman-casual-pants_Rig.fbx using Guid(f54d9917efbd4fa43a94b96657089bca) Importer(815301076,1909f56bfc062723c751e8b465ee728b)  -> (artifact id: '7a0b463fe655dba5ac3d6eecccbf69df') in 0.046487 seconds 
========================================================================
Received Import Request.
  Time since last request: 0.000025 seconds.
  path: Assets/Impoted/Packs/Low Poly Ultimate Pack/T/- Meshes_T/People_T/Rigs_T/woman-casual-pants_Rig.fbx
  artifactKey: Guid(3dcaff6d825641e42b30437acb43bc26) Importer(815301076,1909f56bfc062723c751e8b465ee728b)
Start importing Assets/Impoted/Packs/Low Poly Ultimate Pack/T/- Meshes_T/People_T/Rigs_T/woman-casual-pants_Rig.fbx using Guid(3dcaff6d825641e42b30437acb43bc26) Importer(815301076,1909f56bfc062723c751e8b465ee728b)  -> (artifact id: '111d697df0ab16fcf35e70774fbdc26d') in 0.051475 seconds 
========================================================================
Received Import Request.
  Time since last request: 0.000031 seconds.
  path: Assets/Impoted/Packs/Low Poly Ultimate Pack/T/- Meshes_T/People_T/Rigs_T/skeleton_Rig.fbx
  artifactKey: Guid(76ee67375247646409ebb23317fe03cb) Importer(815301076,1909f56bfc062723c751e8b465ee728b)
Start importing Assets/Impoted/Packs/Low Poly Ultimate Pack/T/- Meshes_T/People_T/Rigs_T/skeleton_Rig.fbx using Guid(76ee67375247646409ebb23317fe03cb) Importer(815301076,1909f56bfc062723c751e8b465ee728b)  -> (artifact id: 'b2fda66ad2e134d0b2509234cf279783') in 0.052537 seconds 
========================================================================
Received Import Request.
  Time since last request: 0.000043 seconds.
  path: Assets/Impoted/Packs/Low Poly Ultimate Pack/T/- Meshes_T/People_T/Rigs_T/woman-dress_Rig.fbx
  artifactKey: Guid(e7ddc4e5bf773f941ad986b0aaf9b9c9) Importer(815301076,1909f56bfc062723c751e8b465ee728b)
Start importing Assets/Impoted/Packs/Low Poly Ultimate Pack/T/- Meshes_T/People_T/Rigs_T/woman-dress_Rig.fbx using Guid(e7ddc4e5bf773f941ad986b0aaf9b9c9) Importer(815301076,1909f56bfc062723c751e8b465ee728b)  -> (artifact id: 'b22942d75de55969b2ac163686c3387e') in 0.057234 seconds 
========================================================================
Received Import Request.
  Time since last request: 0.000058 seconds.
  path: Assets/Impoted/Packs/Low Poly Ultimate Pack/T/- Meshes_T/People_T/Rigs_T/woman-egypt-worker_Rig.fbx
  artifactKey: Guid(760419dd61216ce4481a616f2cb41856) Importer(815301076,1909f56bfc062723c751e8b465ee728b)
Start importing Assets/Impoted/Packs/Low Poly Ultimate Pack/T/- Meshes_T/People_T/Rigs_T/woman-egypt-worker_Rig.fbx using Guid(760419dd61216ce4481a616f2cb41856) Importer(815301076,1909f56bfc062723c751e8b465ee728b)  -> (artifact id: '8d8f135c4b42655da47f8bacd8a94917') in 0.049332 seconds 
========================================================================
Received Import Request.
  Time since last request: 0.000037 seconds.
  path: Assets/Impoted/Packs/Low Poly Ultimate Pack/M/- Meshes_M/Tiles_M/Tunnel_M/tile-mainroad-tunnel-curve.fbx
  artifactKey: Guid(796cd739e5835aa42902293dac19ee04) Importer(815301076,1909f56bfc062723c751e8b465ee728b)
Start importing Assets/Impoted/Packs/Low Poly Ultimate Pack/M/- Meshes_M/Tiles_M/Tunnel_M/tile-mainroad-tunnel-curve.fbx using Guid(796cd739e5835aa42902293dac19ee04) Importer(815301076,1909f56bfc062723c751e8b465ee728b)  -> (artifact id: 'd3d8f4a531ef3c4aeb7dcaf0c04415a6') in 0.042544 seconds 
========================================================================
Received Import Request.
  Time since last request: 0.000030 seconds.
  path: Assets/Impoted/Packs/Low Poly Ultimate Pack/M/- Meshes_M/People_M/Rigs_M/man-zombie_Rig.fbx
  artifactKey: Guid(448885eefd039e54596f0974fa2ea28a) Importer(815301076,1909f56bfc062723c751e8b465ee728b)
Start importing Assets/Impoted/Packs/Low Poly Ultimate Pack/M/- Meshes_M/People_M/Rigs_M/man-zombie_Rig.fbx using Guid(448885eefd039e54596f0974fa2ea28a) Importer(815301076,1909f56bfc062723c751e8b465ee728b)  -> (artifact id: '30f22e3f0e0b6e8d64c2b8b4b026af2f') in 0.055451 seconds 
========================================================================
Received Import Request.
  Time since last request: 0.000045 seconds.
  path: Assets/Impoted/Packs/Low Poly Ultimate Pack/T/- Meshes_T/People_T/Rigs_T/man-worker_Rig.fbx
  artifactKey: Guid(dd3d66c94af595d448cd202d7e9cb2a8) Importer(815301076,1909f56bfc062723c751e8b465ee728b)
Start importing Assets/Impoted/Packs/Low Poly Ultimate Pack/T/- Meshes_T/People_T/Rigs_T/man-worker_Rig.fbx using Guid(dd3d66c94af595d448cd202d7e9cb2a8) Importer(815301076,1909f56bfc062723c751e8b465ee728b)  -> (artifact id: 'b988ca1a16a4a60e95f77988ed03e55c') in 0.055355 seconds 
========================================================================
Received Import Request.
  Time since last request: 0.000045 seconds.
  path: Assets/Impoted/Packs/Low Poly Ultimate Pack/M/- Meshes_M/People_M/Rigs_M/man-viking_Rig.fbx
  artifactKey: Guid(9e3943e9bfa521d4494b93d2a2ce11d0) Importer(815301076,1909f56bfc062723c751e8b465ee728b)
Start importing Assets/Impoted/Packs/Low Poly Ultimate Pack/M/- Meshes_M/People_M/Rigs_M/man-viking_Rig.fbx using Guid(9e3943e9bfa521d4494b93d2a2ce11d0) Importer(815301076,1909f56bfc062723c751e8b465ee728b)  -> (artifact id: '4268f8a38047af07b9021ccd1ae5a9d1') in 0.055801 seconds 
========================================================================
Received Import Request.
  Time since last request: 0.000046 seconds.
  path: Assets/Impoted/Packs/Low Poly Ultimate Pack/M/- Meshes_M/People_M/Rigs_M/woman-dress_Rig.fbx
  artifactKey: Guid(c2120936f24aec741aae488007e5cf45) Importer(815301076,1909f56bfc062723c751e8b465ee728b)
Start importing Assets/Impoted/Packs/Low Poly Ultimate Pack/M/- Meshes_M/People_M/Rigs_M/woman-dress_Rig.fbx using Guid(c2120936f24aec741aae488007e5cf45) Importer(815301076,1909f56bfc062723c751e8b465ee728b)  -> (artifact id: 'b6791a906627039f2ba62397c4487c09') in 0.053986 seconds 
========================================================================
Received Import Request.
  Time since last request: 0.000031 seconds.
  path: Assets/Impoted/Packs/Low Poly Ultimate Pack/M/- Meshes_M/People_M/Rigs_M/woman-lady-rival_Rig.fbx
  artifactKey: Guid(427ddedb05fc45f47be08e399546258c) Importer(815301076,1909f56bfc062723c751e8b465ee728b)
Start importing Assets/Impoted/Packs/Low Poly Ultimate Pack/M/- Meshes_M/People_M/Rigs_M/woman-lady-rival_Rig.fbx using Guid(427ddedb05fc45f47be08e399546258c) Importer(815301076,1909f56bfc062723c751e8b465ee728b)  -> (artifact id: 'a86af73b9cc1098b306ebf2cdcbe513f') in 0.052754 seconds 
========================================================================
Received Import Request.
  Time since last request: 0.000031 seconds.
  path: Assets/Impoted/Packs/Low Poly Ultimate Pack/M/- Meshes_M/People_M/Rigs_M/man-soldier-us_Rig.fbx
  artifactKey: Guid(271835449926fd24fbffbb2ca9a55e78) Importer(815301076,1909f56bfc062723c751e8b465ee728b)
Start importing Assets/Impoted/Packs/Low Poly Ultimate Pack/M/- Meshes_M/People_M/Rigs_M/man-soldier-us_Rig.fbx using Guid(271835449926fd24fbffbb2ca9a55e78) Importer(815301076,1909f56bfc062723c751e8b465ee728b)  -> (artifact id: 'b01da227a225f4dc8535e79db8cb6639') in 0.054231 seconds 
========================================================================
Received Import Request.
  Time since last request: 0.000048 seconds.
  path: Assets/Impoted/Packs/Low Poly Ultimate Pack/T/- Meshes_T/People_T/Rigs_T/man-shirt_Rig.fbx
  artifactKey: Guid(e7b6c12ad4a193343ba47a4e9912e555) Importer(815301076,1909f56bfc062723c751e8b465ee728b)
Start importing Assets/Impoted/Packs/Low Poly Ultimate Pack/T/- Meshes_T/People_T/Rigs_T/man-shirt_Rig.fbx using Guid(e7b6c12ad4a193343ba47a4e9912e555) Importer(815301076,1909f56bfc062723c751e8b465ee728b)  -> (artifact id: '996dea1548b97096e9ad1e09eee16b5a') in 0.052806 seconds 
========================================================================
Received Import Request.
  Time since last request: 0.000039 seconds.
  path: Assets/Impoted/Packs/Low Poly Ultimate Pack/M/- Meshes_M/People_M/Rigs_M/man-shirt_Rig.fbx
  artifactKey: Guid(fd862d8e8b6f3394da363e3f2aac54b5) Importer(815301076,1909f56bfc062723c751e8b465ee728b)
Start importing Assets/Impoted/Packs/Low Poly Ultimate Pack/M/- Meshes_M/People_M/Rigs_M/man-shirt_Rig.fbx using Guid(fd862d8e8b6f3394da363e3f2aac54b5) Importer(815301076,1909f56bfc062723c751e8b465ee728b)  -> (artifact id: '549dfef49925292cd76e9cecdc2203e3') in 0.053647 seconds 
========================================================================
Received Import Request.
  Time since last request: 0.000038 seconds.
  path: Assets/Impoted/Packs/Low Poly Ultimate Pack/T/- Meshes_T/People_T/Rigs_T/man-soldier-ge_Rig.fbx
  artifactKey: Guid(f609786d9d40cde40af830e6db363790) Importer(815301076,1909f56bfc062723c751e8b465ee728b)
Start importing Assets/Impoted/Packs/Low Poly Ultimate Pack/T/- Meshes_T/People_T/Rigs_T/man-soldier-ge_Rig.fbx using Guid(f609786d9d40cde40af830e6db363790) Importer(815301076,1909f56bfc062723c751e8b465ee728b)  -> (artifact id: 'ffad0e37a98f3ff33b11a14986f3fa25') in 0.054691 seconds 
========================================================================
Received Import Request.
  Time since last request: 0.000028 seconds.
  path: Assets/Impoted/Packs/Low Poly Ultimate Pack/T/- Meshes_T/People_T/Rigs_T/man-zulu-scottish_Rig.fbx
  artifactKey: Guid(223e487c7cbdf8142a6411ae322395e9) Importer(815301076,1909f56bfc062723c751e8b465ee728b)
Start importing Assets/Impoted/Packs/Low Poly Ultimate Pack/T/- Meshes_T/People_T/Rigs_T/man-zulu-scottish_Rig.fbx using Guid(223e487c7cbdf8142a6411ae322395e9) Importer(815301076,1909f56bfc062723c751e8b465ee728b)  -> (artifact id: '8d67422740f71c8624aa3e47954606d1') in 0.054762 seconds 
========================================================================
Received Import Request.
  Time since last request: 0.000030 seconds.
  path: Assets/Impoted/Packs/Low Poly Ultimate Pack/T/- Meshes_T/People_T/Rigs_T/man-pedestrian-rival_Rig.fbx
  artifactKey: Guid(10221605fb3b34040a938a4b98c35829) Importer(815301076,1909f56bfc062723c751e8b465ee728b)
Start importing Assets/Impoted/Packs/Low Poly Ultimate Pack/T/- Meshes_T/People_T/Rigs_T/man-pedestrian-rival_Rig.fbx using Guid(10221605fb3b34040a938a4b98c35829) Importer(815301076,1909f56bfc062723c751e8b465ee728b)  -> (artifact id: '8cc83da76ee036e9cd6315c82fd33ad6') in 0.054960 seconds 
========================================================================
Received Import Request.
  Time since last request: 0.000036 seconds.
  path: Assets/Impoted/Packs/Low Poly Ultimate Pack/M/- Meshes_M/People_M/Rigs_M/man-monk_Rig.fbx
  artifactKey: Guid(7edf583c5b2c66b42870010219f7d7b7) Importer(815301076,1909f56bfc062723c751e8b465ee728b)
Start importing Assets/Impoted/Packs/Low Poly Ultimate Pack/M/- Meshes_M/People_M/Rigs_M/man-monk_Rig.fbx using Guid(7edf583c5b2c66b42870010219f7d7b7) Importer(815301076,1909f56bfc062723c751e8b465ee728b)  -> (artifact id: '21e021921a3359fb81b8330988bcf584') in 0.053130 seconds 
========================================================================
Received Import Request.
  Time since last request: 0.000045 seconds.
  path: Assets/Impoted/Packs/Low Poly Ultimate Pack/T/- Meshes_T/People_T/Rigs_T/man-native_Rig.fbx
  artifactKey: Guid(d4115457c84059744b7cacf62734d3b8) Importer(815301076,1909f56bfc062723c751e8b465ee728b)
Start importing Assets/Impoted/Packs/Low Poly Ultimate Pack/T/- Meshes_T/People_T/Rigs_T/man-native_Rig.fbx using Guid(d4115457c84059744b7cacf62734d3b8) Importer(815301076,1909f56bfc062723c751e8b465ee728b)  -> (artifact id: '41c4bc9ab75fc31252e2e4f4194c6f91') in 0.051919 seconds 
========================================================================
Received Import Request.
  Time since last request: 0.000035 seconds.
  path: Assets/Impoted/Packs/Low Poly Ultimate Pack/M/- Meshes_M/People_M/Rigs_M/man-native_Rig.fbx
  artifactKey: Guid(efa991dadb5889943a9c878e82994bc2) Importer(815301076,1909f56bfc062723c751e8b465ee728b)
Start importing Assets/Impoted/Packs/Low Poly Ultimate Pack/M/- Meshes_M/People_M/Rigs_M/man-native_Rig.fbx using Guid(efa991dadb5889943a9c878e82994bc2) Importer(815301076,1909f56bfc062723c751e8b465ee728b)  -> (artifact id: 'b8a4e4dcbd57ca2bbbd554da63636e36') in 0.057674 seconds 
========================================================================
Received Import Request.
  Time since last request: 0.000035 seconds.
  path: Assets/Impoted/Packs/Low Poly Ultimate Pack/M/- Meshes_M/People_M/Rigs_M/man-pedestrian_Rig.fbx
  artifactKey: Guid(9c1cf81a177447c4da458925704c0333) Importer(815301076,1909f56bfc062723c751e8b465ee728b)
Start importing Assets/Impoted/Packs/Low Poly Ultimate Pack/M/- Meshes_M/People_M/Rigs_M/man-pedestrian_Rig.fbx using Guid(9c1cf81a177447c4da458925704c0333) Importer(815301076,1909f56bfc062723c751e8b465ee728b)  -> (artifact id: 'de799ac0cf2a3ec7a0c85ca45b159d4d') in 0.053110 seconds 
========================================================================
Received Import Request.
  Time since last request: 0.000042 seconds.
  path: Assets/Impoted/Packs/Low Poly Ultimate Pack/M/- Meshes_M/People_M/Rigs_M/man-pedestrian-rival-young_Rig.fbx
  artifactKey: Guid(d4530fdd04b4c4f4996ec950afe3bd5e) Importer(815301076,1909f56bfc062723c751e8b465ee728b)
Start importing Assets/Impoted/Packs/Low Poly Ultimate Pack/M/- Meshes_M/People_M/Rigs_M/man-pedestrian-rival-young_Rig.fbx using Guid(d4530fdd04b4c4f4996ec950afe3bd5e) Importer(815301076,1909f56bfc062723c751e8b465ee728b)  -> (artifact id: '92c192914486c8a408db9b603ee3b9f4') in 0.052276 seconds 
========================================================================
Received Import Request.
  Time since last request: 0.000055 seconds.
  path: Assets/Impoted/Packs/Low Poly Ultimate Pack/T/- Meshes_T/People_T/Rigs_T/man-mafia_Rig.fbx
  artifactKey: Guid(fad2fb421c57924409a5095b115f9d42) Importer(815301076,1909f56bfc062723c751e8b465ee728b)
Start importing Assets/Impoted/Packs/Low Poly Ultimate Pack/T/- Meshes_T/People_T/Rigs_T/man-mafia_Rig.fbx using Guid(fad2fb421c57924409a5095b115f9d42) Importer(815301076,1909f56bfc062723c751e8b465ee728b)  -> (artifact id: 'f483b2df959dfd34367549609436b281') in 0.054860 seconds 
========================================================================
Received Import Request.
  Time since last request: 2.158630 seconds.
  path: Assets/Impoted/Packs/Low Poly Ultimate Pack/T/- Meshes_T/People_T/Rigs_T/man-lad_Rig.fbx
  artifactKey: Guid(64dd35e1fec897c4f9ca9cd7dec4bc8b) Importer(815301076,1909f56bfc062723c751e8b465ee728b)
Start importing Assets/Impoted/Packs/Low Poly Ultimate Pack/T/- Meshes_T/People_T/Rigs_T/man-lad_Rig.fbx using Guid(64dd35e1fec897c4f9ca9cd7dec4bc8b) Importer(815301076,1909f56bfc062723c751e8b465ee728b)  -> (artifact id: '03e8f7a9afcb90b59266281424b9ad55') in 0.057883 seconds 
========================================================================
Received Import Request.
  Time since last request: 0.000029 seconds.
  path: Assets/Impoted/Packs/Low Poly Ultimate Pack/T/- Meshes_T/People_T/Rigs_T/man-guy_Rig.fbx
  artifactKey: Guid(2de68f91b991d714aa47958501d1e36f) Importer(815301076,1909f56bfc062723c751e8b465ee728b)
Start importing Assets/Impoted/Packs/Low Poly Ultimate Pack/T/- Meshes_T/People_T/Rigs_T/man-guy_Rig.fbx using Guid(2de68f91b991d714aa47958501d1e36f) Importer(815301076,1909f56bfc062723c751e8b465ee728b)  -> (artifact id: '54d8b07209e117ed863fd634bff52f09') in 0.051513 seconds 
========================================================================
Received Import Request.
  Time since last request: 0.000047 seconds.
  path: Assets/Impoted/Packs/Low Poly Ultimate Pack/M/- Meshes_M/People_M/Rigs_M/man-jamaica_Rig.fbx
  artifactKey: Guid(0d0c6ce9ee1488b43950a0d1e6618c20) Importer(815301076,1909f56bfc062723c751e8b465ee728b)
Start importing Assets/Impoted/Packs/Low Poly Ultimate Pack/M/- Meshes_M/People_M/Rigs_M/man-jamaica_Rig.fbx using Guid(0d0c6ce9ee1488b43950a0d1e6618c20) Importer(815301076,1909f56bfc062723c751e8b465ee728b)  -> (artifact id: '59c612ecf554fd068ca635d6091fba25') in 0.052488 seconds 
========================================================================
Received Import Request.
  Time since last request: 0.000037 seconds.
  path: Assets/Impoted/Packs/Low Poly Ultimate Pack/M/- Meshes_M/People_M/Rigs_M/man-eskimo_Rig.fbx
  artifactKey: Guid(1605299843d3a3540ae1a7c1f444abdd) Importer(815301076,1909f56bfc062723c751e8b465ee728b)
Start importing Assets/Impoted/Packs/Low Poly Ultimate Pack/M/- Meshes_M/People_M/Rigs_M/man-eskimo_Rig.fbx using Guid(1605299843d3a3540ae1a7c1f444abdd) Importer(815301076,1909f56bfc062723c751e8b465ee728b)  -> (artifact id: 'db666208ea34cc379f2aa82fd243e0e8') in 0.051479 seconds 
========================================================================
Received Import Request.
  Time since last request: 0.000033 seconds.
  path: Assets/Impoted/Packs/Low Poly Ultimate Pack/M/- Meshes_M/People_M/Rigs_M/man-lad-rival_Rig.fbx
  artifactKey: Guid(e09696edcf0730c4fb09f2368907c051) Importer(815301076,1909f56bfc062723c751e8b465ee728b)
Start importing Assets/Impoted/Packs/Low Poly Ultimate Pack/M/- Meshes_M/People_M/Rigs_M/man-lad-rival_Rig.fbx using Guid(e09696edcf0730c4fb09f2368907c051) Importer(815301076,1909f56bfc062723c751e8b465ee728b)  -> (artifact id: '371682276ae0b403310cc1d482ca0e76') in 0.051767 seconds 
========================================================================
Received Import Request.
  Time since last request: 0.000034 seconds.
  path: Assets/Impoted/Packs/Low Poly Ultimate Pack/M/- Meshes_M/People_M/man-lord-rival.fbx
  artifactKey: Guid(fe310db49cf53a44eb803877f5228462) Importer(815301076,1909f56bfc062723c751e8b465ee728b)
Start importing Assets/Impoted/Packs/Low Poly Ultimate Pack/M/- Meshes_M/People_M/man-lord-rival.fbx using Guid(fe310db49cf53a44eb803877f5228462) Importer(815301076,1909f56bfc062723c751e8b465ee728b)  -> (artifact id: '08f1db53332afd028a9418f0b6267454') in 0.038803 seconds 
========================================================================
Received Import Request.
  Time since last request: 0.000039 seconds.
  path: Assets/Impoted/Packs/Low Poly Ultimate Pack/T/- Meshes_T/People_T/Rigs_T/man-knight_Rig.fbx
  artifactKey: Guid(4900e7087cb056346a856bc0b2b77efd) Importer(815301076,1909f56bfc062723c751e8b465ee728b)
Start importing Assets/Impoted/Packs/Low Poly Ultimate Pack/T/- Meshes_T/People_T/Rigs_T/man-knight_Rig.fbx using Guid(4900e7087cb056346a856bc0b2b77efd) Importer(815301076,1909f56bfc062723c751e8b465ee728b)  -> (artifact id: 'a3a27b31c809ddcf9b6dc21213676c9a') in 0.050933 seconds 
Editor requested this worker to shutdown with reason: Scaling down because of idle timeout
AssetImportWorker is now disconnected from the server
Process exiting
Exiting without the bug reporter. Application will terminate with return code 0