Using pre-set license
Built from '2021.2/staging' branch; Version is '2021.2.7f1 (6bd9e232123f) revision 7068130'; Using compiler version '192829333'; Build Type 'Release'
OS: 'Windows 11  (10.0.22000) 64bit Core' Language: 'en' Physical Memory: 32689 MB
BatchMode: 1, IsHumanControllingUs: 0, StartBugReporterOnCrash: 0, Is64bit: 1, IsPro: 0

COMMAND LINE ARGUMENTS:
E:\Program Files\Unity\Installs\2021.2.7f1\Editor\Unity.exe
-adb2
-batchMode
-noUpm
-name
AssetImportWorker0
-projectPath
E:/Projects/Unity/NeatoDemos - Copy
-logFile
Logs/AssetImportWorker0.log
-srvPort
50363
Successfully changed project path to: E:/Projects/Unity/NeatoDemos - Copy
E:/Projects/Unity/NeatoDemos - Copy
[UnityMemory] Configuration Parameters - Can be set up in boot.config
    "memorysetup-bucket-allocator-granularity=16"
    "memorysetup-bucket-allocator-bucket-count=8"
    "memorysetup-bucket-allocator-block-size=33554432"
    "memorysetup-bucket-allocator-block-count=8"
    "memorysetup-main-allocator-block-size=16777216"
    "memorysetup-thread-allocator-block-size=16777216"
    "memorysetup-gfx-main-allocator-block-size=16777216"
    "memorysetup-gfx-thread-allocator-block-size=16777216"
    "memorysetup-cache-allocator-block-size=4194304"
    "memorysetup-typetree-allocator-block-size=2097152"
    "memorysetup-profiler-bucket-allocator-granularity=16"
    "memorysetup-profiler-bucket-allocator-bucket-count=8"
    "memorysetup-profiler-bucket-allocator-block-size=33554432"
    "memorysetup-profiler-bucket-allocator-block-count=8"
    "memorysetup-profiler-allocator-block-size=16777216"
    "memorysetup-profiler-editor-allocator-block-size=1048576"
    "memorysetup-temp-allocator-size-main=16777216"
    "memorysetup-job-temp-allocator-block-size=2097152"
    "memorysetup-job-temp-allocator-block-size-background=1048576"
    "memorysetup-job-temp-allocator-reduction-small-platforms=262144"
    "memorysetup-temp-allocator-size-background-worker=32768"
    "memorysetup-temp-allocator-size-job-worker=262144"
    "memorysetup-temp-allocator-size-preload-manager=33554432"
    "memorysetup-temp-allocator-size-nav-mesh-worker=65536"
    "memorysetup-temp-allocator-size-audio-worker=65536"
    "memorysetup-temp-allocator-size-cloud-worker=32768"
    "memorysetup-temp-allocator-size-gi-baking-worker=262144"
    "memorysetup-temp-allocator-size-gfx=262144"
Refreshing native plugins compatible for Editor in 123.18 ms, found 2 plugins.
Preloading 0 native plugins for Editor in 0.00 ms.
Initialize engine version: 2021.2.7f1 (6bd9e232123f)
[Subsystems] Discovering subsystems at path E:/Program Files/Unity/Installs/2021.2.7f1/Editor/Data/Resources/UnitySubsystems
[Subsystems] Discovering subsystems at path E:/Projects/Unity/NeatoDemos - Copy/Assets
GfxDevice: creating device client; threaded=0; jobified=0
Direct3D:
    Version:  Direct3D 11.0 [level 11.1]
    Renderer: NVIDIA GeForce GTX 1060 3GB (ID=0x1c02)
    Vendor:   NVIDIA
    VRAM:     2988 MB
    Driver:   30.0.14.9729
Initialize mono
Mono path[0] = 'E:/Program Files/Unity/Installs/2021.2.7f1/Editor/Data/Managed'
Mono path[1] = 'E:/Program Files/Unity/Installs/2021.2.7f1/Editor/Data/MonoBleedingEdge/lib/mono/unityjit-win32'
Mono config path = 'E:/Program Files/Unity/Installs/2021.2.7f1/Editor/Data/MonoBleedingEdge/etc'
Using monoOptions --debugger-agent=transport=dt_socket,embedding=1,server=y,suspend=n,address=127.0.0.1:56956
Begin MonoManager ReloadAssembly
Registering precompiled unity dll's ...
Register platform support module: E:/Program Files/Unity/Installs/2021.2.7f1/Editor/Data/PlaybackEngines/WindowsStandaloneSupport/UnityEditor.WindowsStandalone.Extensions.dll
Registered in 0.001814 seconds.
Native extension for WindowsStandalone target not found
Refreshing native plugins compatible for Editor in 124.20 ms, found 2 plugins.
Preloading 0 native plugins for Editor in 0.00 ms.
Mono: successfully reloaded assembly
- Completed reload, in  0.580 seconds
Domain Reload Profiling:
	ReloadAssembly (580ms)
		BeginReloadAssembly (59ms)
			ExecutionOrderSort (0ms)
			DisableScriptedObjects (0ms)
			BackupInstance (0ms)
			ReleaseScriptingObjects (0ms)
			CreateAndSetChildDomain (1ms)
		EndReloadAssembly (460ms)
			LoadAssemblies (58ms)
			RebuildTransferFunctionScriptingTraits (0ms)
			SetupTypeCache (90ms)
			ReleaseScriptCaches (0ms)
			RebuildScriptCaches (24ms)
			SetupLoadedEditorAssemblies (302ms)
				LogAssemblyErrors (0ms)
				InitializePlatformSupportModulesInManaged (13ms)
				SetLoadedEditorAssemblies (0ms)
				RefreshPlugins (124ms)
				BeforeProcessingInitializeOnLoad (1ms)
				ProcessInitializeOnLoadAttributes (125ms)
				ProcessInitializeOnLoadMethodAttributes (39ms)
				AfterProcessingInitializeOnLoad (0ms)
				EditorAssembliesLoaded (0ms)
			ExecutionOrderSort2 (0ms)
			AwakeInstancesAfterBackupRestoration (0ms)
Platform modules already initialized, skipping
Registering precompiled user dll's ...
Registered in 0.004742 seconds.
Begin MonoManager ReloadAssembly
Native extension for WindowsStandalone target not found
Refreshing native plugins compatible for Editor in 133.42 ms, found 2 plugins.
Preloading 0 native plugins for Editor in 0.00 ms.
DisplayProgressbar: Restoring NuGet Packages
Reflected over 10 assemblies in (115.4231 ms)
UnityEngine.StackTraceUtility:ExtractStackTrace ()
UnityEngine.DebugLogHandler:LogFormat (UnityEngine.LogType,UnityEngine.Object,string,object[])
UnityEngine.Logger:Log (UnityEngine.LogType,object)
UnityEngine.Debug:Log (object)
Neat.Tools.ReflectionUtility:Reflect () (at Assets/Neat/Core/Scripts/Reflection/ReflectionUtility.cs:64)
System.Reflection.RuntimeMethodInfo:Invoke (object,System.Reflection.BindingFlags,System.Reflection.Binder,object[],System.Globalization.CultureInfo)
System.Reflection.MethodBase:Invoke (object,object[])
UnityEditor.EditorAssemblies:ProcessInitializeOnLoadMethodAttributes ()

(Filename: Assets/Neat/Core/Scripts/Reflection/ReflectionUtility.cs Line: 64)

Mono: successfully reloaded assembly
- Completed reload, in  2.755 seconds
Domain Reload Profiling:
	ReloadAssembly (2756ms)
		BeginReloadAssembly (95ms)
			ExecutionOrderSort (0ms)
			DisableScriptedObjects (5ms)
			BackupInstance (0ms)
			ReleaseScriptingObjects (0ms)
			CreateAndSetChildDomain (20ms)
		EndReloadAssembly (2578ms)
			LoadAssemblies (76ms)
			RebuildTransferFunctionScriptingTraits (0ms)
			SetupTypeCache (273ms)
			ReleaseScriptCaches (1ms)
			RebuildScriptCaches (97ms)
			SetupLoadedEditorAssemblies (2088ms)
				LogAssemblyErrors (0ms)
				InitializePlatformSupportModulesInManaged (9ms)
				SetLoadedEditorAssemblies (0ms)
				RefreshPlugins (134ms)
				BeforeProcessingInitializeOnLoad (96ms)
				ProcessInitializeOnLoadAttributes (1275ms)
				ProcessInitializeOnLoadMethodAttributes (572ms)
				AfterProcessingInitializeOnLoad (2ms)
				EditorAssembliesLoaded (0ms)
			ExecutionOrderSort2 (0ms)
			AwakeInstancesAfterBackupRestoration (5ms)
Platform modules already initialized, skipping
========================================================================
Worker process is ready to serve import requests
Launched and connected shader compiler UnityShaderCompiler.exe after 0.05 seconds
Refreshing native plugins compatible for Editor in 1.98 ms, found 2 plugins.
Preloading 0 native plugins for Editor in 0.00 ms.
Unloading 5753 Unused Serialized files (Serialized files now loaded: 0)
Unloading 248 unused Assets / (1.5 MB). Loaded Objects now: 6209.
Memory consumption went from 263.3 MB to 261.8 MB.
Total: 5.458000 ms (FindLiveObjects: 0.627300 ms CreateObjectMapping: 0.154800 ms MarkObjects: 3.985100 ms  DeleteObjects: 0.689600 ms)

AssetImportParameters requested are different than current active one (requested -> active):
  custom:video-decoder-ogg-theora: a1e56fd34408186e4bbccfd4996cb3dc -> 
  custom:container-muxer-webm: aa71ff27fc2769a1b78a27578f13a17b -> 
  custom:container-demuxer-webm: 4f35f7cbe854078d1ac9338744f61a02 -> 
  custom:video-encoder-webm-vp8: eb34c28f22e8b96e1ab97ce403110664 -> 
  custom:video-codec-MediaFoundation-h265: 746d11721c4dcdbdad8f713fa42b33f4 -> 
  custom:audio-encoder-webm-vorbis: bf7c407c2cedff20999df2af8eb42d56 -> 
  custom:framework-win-MediaFoundation: 216162199b28c13a410421893ffa2e32 -> 
  custom:container-demuxer-ogg: 62fdf1f143b41e24485cea50d1cbac27 -> 
  custom:video-decoder-webm-vp8: 9c59270c3fd7afecdb556c50c9e8de78 -> 
  custom:audio-decoder-ogg-vorbis: bf7c407c2cedff20999df2af8eb42d56 -> 
========================================================================
Received Import Request.
  Time since last request: 17629.111229 seconds.
  path: Assets/Neat/Core/Resources/Shaders/Scripts/URP grid.shadergraph
  artifactKey: Guid(974f5c69da344f5428ba7992d783493d) Importer(815301076,1909f56bfc062723c751e8b465ee728b)
Start importing Assets/Neat/Core/Resources/Shaders/Scripts/URP grid.shadergraph using Guid(974f5c69da344f5428ba7992d783493d) Importer(815301076,1909f56bfc062723c751e8b465ee728b)  -> (artifact id: 'd4999a9aaa8b22408df92bfe0c43405f') in 0.034815 seconds 
========================================================================
Received Import Request.
  Time since last request: 1.876995 seconds.
  path: Assets/Neat/Core/Resources/Shaders/Scripts/ShaderDebugger.cs
  artifactKey: Guid(161f5bf9c692c8a418e3de153fba8032) Importer(815301076,1909f56bfc062723c751e8b465ee728b)
Start importing Assets/Neat/Core/Resources/Shaders/Scripts/ShaderDebugger.cs using Guid(161f5bf9c692c8a418e3de153fba8032) Importer(815301076,1909f56bfc062723c751e8b465ee728b)  -> (artifact id: 'a793cfdf4428cf41337125b3d627e1a2') in 0.009741 seconds 
========================================================================
Received Import Request.
  Time since last request: 82.712822 seconds.
  path: Assets/Neat/Projects/Rhythm/Resources/gameicons.net icon pack/Media/anticlockwise-rotation.png
  artifactKey: Guid(c11f2a2369ec372438188c7b5ce048d1) Importer(815301076,1909f56bfc062723c751e8b465ee728b)
Start importing Assets/Neat/Projects/Rhythm/Resources/gameicons.net icon pack/Media/anticlockwise-rotation.png using Guid(c11f2a2369ec372438188c7b5ce048d1) Importer(815301076,1909f56bfc062723c751e8b465ee728b)  -> (artifact id: '0d0ccb2bf4b403b77d21026a3b6f37e9') in 0.101269 seconds 
========================================================================
Received Import Request.
  Time since last request: 0.000028 seconds.
  path: Assets/Neat/Projects/Rhythm/Resources/gameicons.net icon pack/File/load.png
  artifactKey: Guid(4c7416e65e06a0f49b07dbed707d4f09) Importer(815301076,1909f56bfc062723c751e8b465ee728b)
Start importing Assets/Neat/Projects/Rhythm/Resources/gameicons.net icon pack/File/load.png using Guid(4c7416e65e06a0f49b07dbed707d4f09) Importer(815301076,1909f56bfc062723c751e8b465ee728b)  -> (artifact id: '7ff1f559a55efb8bb45cbd14bcaf9058') in 0.040060 seconds 
========================================================================
Received Import Request.
  Time since last request: 0.000048 seconds.
  path: Assets/Neat/Projects/AimTrainer/Scripts/TurnIndicator/arrow-png-download.png
  artifactKey: Guid(696d27ccb49f11f44946719e9c87215a) Importer(815301076,1909f56bfc062723c751e8b465ee728b)
Start importing Assets/Neat/Projects/AimTrainer/Scripts/TurnIndicator/arrow-png-download.png using Guid(696d27ccb49f11f44946719e9c87215a) Importer(815301076,1909f56bfc062723c751e8b465ee728b)  -> (artifact id: '6ee0dd0a77ff2b6dcda5b3be8c6ccb64') in 0.059924 seconds 
========================================================================
Received Import Request.
  Time since last request: 0.000027 seconds.
  path: Assets/Impoted/Packs/SciFi_Gun_Collection/Textures/mauler_Normal.png
  artifactKey: Guid(17454efceafb39844a238af812f05c49) Importer(815301076,1909f56bfc062723c751e8b465ee728b)
Start importing Assets/Impoted/Packs/SciFi_Gun_Collection/Textures/mauler_Normal.png using Guid(17454efceafb39844a238af812f05c49) Importer(815301076,1909f56bfc062723c751e8b465ee728b)  -> (artifact id: '34dd82ab15c9575ce3fea7e238ea7a1c') in 0.032138 seconds 
========================================================================
Received Import Request.
  Time since last request: 0.000032 seconds.
  path: Assets/Neat/Core/Scripts/UI/Color Palettes/dark_material_theme_color_palette.png
  artifactKey: Guid(b0b4f9c76f86aa5419e0a11ce826b17a) Importer(815301076,1909f56bfc062723c751e8b465ee728b)
Start importing Assets/Neat/Core/Scripts/UI/Color Palettes/dark_material_theme_color_palette.png using Guid(b0b4f9c76f86aa5419e0a11ce826b17a) Importer(815301076,1909f56bfc062723c751e8b465ee728b)  -> (artifact id: '393fd114ef2025de3e4ab8d12efd0430') in 0.024076 seconds 
========================================================================
Received Import Request.
  Time since last request: 0.000025 seconds.
  path: Assets/Neat/Projects/Rhythm/Resources/gameicons.net icon pack/Plain/plain-circle.png
  artifactKey: Guid(c74dfaf84edd6684aa04926ecc7ce398) Importer(815301076,1909f56bfc062723c751e8b465ee728b)
Start importing Assets/Neat/Projects/Rhythm/Resources/gameicons.net icon pack/Plain/plain-circle.png using Guid(c74dfaf84edd6684aa04926ecc7ce398) Importer(815301076,1909f56bfc062723c751e8b465ee728b)  -> (artifact id: 'ed491e5f21438636e7bdbda4b20c5bb8') in 0.035553 seconds 
========================================================================
Received Import Request.
  Time since last request: 0.000032 seconds.
  path: Assets/Impoted/Packs/FirstPersion AIO Pack/DemoScene/Working Textures/Concrete/Concrete_Normal.png
  artifactKey: Guid(900042087b9570040a72062f28165a3d) Importer(815301076,1909f56bfc062723c751e8b465ee728b)
Start importing Assets/Impoted/Packs/FirstPersion AIO Pack/DemoScene/Working Textures/Concrete/Concrete_Normal.png using Guid(900042087b9570040a72062f28165a3d) Importer(815301076,1909f56bfc062723c751e8b465ee728b)  -> (artifact id: 'ba3cff0490b17fc6a7cfbd89c0c8fadd') in 0.026556 seconds 
========================================================================
Received Import Request.
  Time since last request: 0.000025 seconds.
  path: Assets/Neat/Projects/Rhythm/Resources/gameicons.net icon pack/Media/play-button.png
  artifactKey: Guid(5c495ffcc43ec554da6a2c4992a4de3d) Importer(815301076,1909f56bfc062723c751e8b465ee728b)
Start importing Assets/Neat/Projects/Rhythm/Resources/gameicons.net icon pack/Media/play-button.png using Guid(5c495ffcc43ec554da6a2c4992a4de3d) Importer(815301076,1909f56bfc062723c751e8b465ee728b)  -> (artifact id: '04b2f358321a2dfcda76d877a0750ded') in 0.036537 seconds 
========================================================================
Received Import Request.
  Time since last request: 0.000034 seconds.
  path: Assets/Impoted/Packs/Low Poly Ultimate Pack/- Textures/atlas-source-LPUP.psd
  artifactKey: Guid(72352d0faaf5365498d9a7e5a824f81e) Importer(815301076,1909f56bfc062723c751e8b465ee728b)
Start importing Assets/Impoted/Packs/Low Poly Ultimate Pack/- Textures/atlas-source-LPUP.psd using Guid(72352d0faaf5365498d9a7e5a824f81e) Importer(815301076,1909f56bfc062723c751e8b465ee728b)  -> (artifact id: 'd8e3b4a73bfb1ec7bc07ab03464fbc66') in 0.039194 seconds 
========================================================================
Received Import Request.
  Time since last request: 0.000025 seconds.
  path: Assets/Impoted/Packs/Low Poly Ultimate Pack/- Textures/atlas-emission-LPUP.png
  artifactKey: Guid(79d6390892d8a494dbe4e12301c0b3c8) Importer(815301076,1909f56bfc062723c751e8b465ee728b)
Start importing Assets/Impoted/Packs/Low Poly Ultimate Pack/- Textures/atlas-emission-LPUP.png using Guid(79d6390892d8a494dbe4e12301c0b3c8) Importer(815301076,1909f56bfc062723c751e8b465ee728b)  -> (artifact id: '98048ff4bc3a0f4110465c8be94cdf98') in 0.016012 seconds 
========================================================================
Received Import Request.
  Time since last request: 0.000025 seconds.
  path: Assets/Neat/Projects/Rhythm/Resources/gameicons.net icon pack/cancel.png
  artifactKey: Guid(e44d6fe99ac3526429be6aa0a14845b3) Importer(815301076,1909f56bfc062723c751e8b465ee728b)
Start importing Assets/Neat/Projects/Rhythm/Resources/gameicons.net icon pack/cancel.png using Guid(e44d6fe99ac3526429be6aa0a14845b3) Importer(815301076,1909f56bfc062723c751e8b465ee728b)  -> (artifact id: 'd2a903a5df11456311c017e849f5d877') in 0.039983 seconds 
========================================================================
Received Import Request.
  Time since last request: 0.000025 seconds.
  path: Assets/Impoted/Packs/Low Poly Ultimate Pack/- Textures/grass-texture-LPUP.png
  artifactKey: Guid(b44889aa490ee46c1b19e2649ce90f57) Importer(815301076,1909f56bfc062723c751e8b465ee728b)
Start importing Assets/Impoted/Packs/Low Poly Ultimate Pack/- Textures/grass-texture-LPUP.png using Guid(b44889aa490ee46c1b19e2649ce90f57) Importer(815301076,1909f56bfc062723c751e8b465ee728b)  -> (artifact id: 'eda7a077c686e89d515accd2a0e30154') in 0.016053 seconds 
========================================================================
Received Import Request.
  Time since last request: 0.000027 seconds.
  path: Assets/Impoted/Packs/StarterAssets/FirstPersonController/Scenes/Playground/ReflectionProbe-1.exr
  artifactKey: Guid(5515cbebf3ef1144ebf8d50ed9091e17) Importer(815301076,1909f56bfc062723c751e8b465ee728b)
Start importing Assets/Impoted/Packs/StarterAssets/FirstPersonController/Scenes/Playground/ReflectionProbe-1.exr using Guid(5515cbebf3ef1144ebf8d50ed9091e17) Importer(815301076,1909f56bfc062723c751e8b465ee728b)  -> (artifact id: '692bb1dd52db6966d73aeb6b962e694e') in 0.048601 seconds 
========================================================================
Received Import Request.
  Time since last request: 0.000024 seconds.
  path: Assets/Neat/Projects/Rhythm/Resources/Black & White icon pack/arrow_right2.png
  artifactKey: Guid(f2fb75a0cd0fe6f45be06053f96ca919) Importer(815301076,1909f56bfc062723c751e8b465ee728b)
Start importing Assets/Neat/Projects/Rhythm/Resources/Black & White icon pack/arrow_right2.png using Guid(f2fb75a0cd0fe6f45be06053f96ca919) Importer(815301076,1909f56bfc062723c751e8b465ee728b)  -> (artifact id: 'f26f912ea05dea4b4d30813697c30384') in 0.038307 seconds 
========================================================================
Received Import Request.
  Time since last request: 0.000034 seconds.
  path: Assets/Neat/Core/Scripts/UI/Color Palettes/dark_color_palette.jpeg
  artifactKey: Guid(f67c967628e945d4cb905f0a1bb5db84) Importer(815301076,1909f56bfc062723c751e8b465ee728b)
Start importing Assets/Neat/Core/Scripts/UI/Color Palettes/dark_color_palette.jpeg using Guid(f67c967628e945d4cb905f0a1bb5db84) Importer(815301076,1909f56bfc062723c751e8b465ee728b)  -> (artifact id: 'ff2e13f37d15a8d70387fe999576b8c5') in 0.033213 seconds 
========================================================================
Received Import Request.
  Time since last request: 0.000025 seconds.
  path: Assets/Neat/Projects/AimTrainer/Images/basic_circle_64.png
  artifactKey: Guid(4c003785573cba4449755a3003fc300e) Importer(815301076,1909f56bfc062723c751e8b465ee728b)
Start importing Assets/Neat/Projects/AimTrainer/Images/basic_circle_64.png using Guid(4c003785573cba4449755a3003fc300e) Importer(815301076,1909f56bfc062723c751e8b465ee728b)  -> (artifact id: '655e13085d8ef9507c368b4724478a91') in 0.029839 seconds 
========================================================================
Received Import Request.
  Time since last request: 0.000025 seconds.
  path: Assets/Neat/Projects/Rhythm/Resources/gameicons.net icon pack/File/cloud-download.png
  artifactKey: Guid(a19ab0ec70ac03b4399456e91b6d36a1) Importer(815301076,1909f56bfc062723c751e8b465ee728b)
Start importing Assets/Neat/Projects/Rhythm/Resources/gameicons.net icon pack/File/cloud-download.png using Guid(a19ab0ec70ac03b4399456e91b6d36a1) Importer(815301076,1909f56bfc062723c751e8b465ee728b)  -> (artifact id: '24655323e3f0e9e131358d496b6d1985') in 0.037973 seconds 
========================================================================
Received Import Request.
  Time since last request: 0.000029 seconds.
  path: Assets/Impoted/Packs/StarterAssets/TutorialInfo/Icons/ReadMeImg.PNG
  artifactKey: Guid(44a17a5b205fcd349a24700e6f5615bd) Importer(815301076,1909f56bfc062723c751e8b465ee728b)
Start importing Assets/Impoted/Packs/StarterAssets/TutorialInfo/Icons/ReadMeImg.PNG using Guid(44a17a5b205fcd349a24700e6f5615bd) Importer(815301076,1909f56bfc062723c751e8b465ee728b)  -> (artifact id: '779723de3030baf0a7ed96581b732bb7') in 0.017653 seconds 
========================================================================
Received Import Request.
  Time since last request: 0.000026 seconds.
  path: Assets/Neat/Projects/Rhythm/Resources/gameicons.net icon pack/Media/speaker.png
  artifactKey: Guid(e8c8684d96dc5a44e93e61e97d32c6a9) Importer(815301076,1909f56bfc062723c751e8b465ee728b)
Start importing Assets/Neat/Projects/Rhythm/Resources/gameicons.net icon pack/Media/speaker.png using Guid(e8c8684d96dc5a44e93e61e97d32c6a9) Importer(815301076,1909f56bfc062723c751e8b465ee728b)  -> (artifact id: '43b0afa5d5e0ab90e96cac2e23fd7a68') in 0.040726 seconds 
========================================================================
Received Import Request.
  Time since last request: 0.000028 seconds.
  path: Assets/Impoted/Packs/SciFi_Gun_Collection/Textures/mauler_spec.png
  artifactKey: Guid(6f9f61be0e33c1b4cbd15645bd93f9d8) Importer(815301076,1909f56bfc062723c751e8b465ee728b)
Start importing Assets/Impoted/Packs/SciFi_Gun_Collection/Textures/mauler_spec.png using Guid(6f9f61be0e33c1b4cbd15645bd93f9d8) Importer(815301076,1909f56bfc062723c751e8b465ee728b)  -> (artifact id: '4ff47af0989302934c456b98839bdc9d') in 0.057374 seconds 
========================================================================
Received Import Request.
  Time since last request: 0.000037 seconds.
  path: Assets/Impoted/Packs/SciFi_Gun_Collection/Textures/hellwailer_spec.png
  artifactKey: Guid(bf29ea40f53fbbc4198d7a502b7c1293) Importer(815301076,1909f56bfc062723c751e8b465ee728b)
Start importing Assets/Impoted/Packs/SciFi_Gun_Collection/Textures/hellwailer_spec.png using Guid(bf29ea40f53fbbc4198d7a502b7c1293) Importer(815301076,1909f56bfc062723c751e8b465ee728b)  -> (artifact id: '967578e07758a4e449741b0610420909') in 0.025179 seconds 
========================================================================
Received Import Request.
  Time since last request: 0.000027 seconds.
  path: Assets/Neat/Core/Scripts/UI/Images/Circle.png
  artifactKey: Guid(4b16fbf1424da1145a93399fcad12730) Importer(815301076,1909f56bfc062723c751e8b465ee728b)
Start importing Assets/Neat/Core/Scripts/UI/Images/Circle.png using Guid(4b16fbf1424da1145a93399fcad12730) Importer(815301076,1909f56bfc062723c751e8b465ee728b)  -> (artifact id: 'b1d80b56de97ee05c3c1090293878d45') in 0.035789 seconds 
========================================================================
Received Import Request.
  Time since last request: 0.000027 seconds.
  path: Assets/Neat/Projects/Rhythm/Resources/Black & White icon pack/icon_play.png
  artifactKey: Guid(43980c1907cd7124a85b945ab59396a9) Importer(815301076,1909f56bfc062723c751e8b465ee728b)
Start importing Assets/Neat/Projects/Rhythm/Resources/Black & White icon pack/icon_play.png using Guid(43980c1907cd7124a85b945ab59396a9) Importer(815301076,1909f56bfc062723c751e8b465ee728b)  -> (artifact id: '5ee0fcde4fb74c98fef8f643285099f2') in 0.038486 seconds 
========================================================================
Received Import Request.
  Time since last request: 0.000027 seconds.
  path: Assets/Neat/Projects/AimTrainer/Images/fadegrid_256.png
  artifactKey: Guid(89aacacd83752ba4d86824897f27ce6b) Importer(815301076,1909f56bfc062723c751e8b465ee728b)
Start importing Assets/Neat/Projects/AimTrainer/Images/fadegrid_256.png using Guid(89aacacd83752ba4d86824897f27ce6b) Importer(815301076,1909f56bfc062723c751e8b465ee728b)  -> (artifact id: '9987dd18e3c84ba05e4e2ee6baba9aa5') in 0.029329 seconds 
========================================================================
Received Import Request.
  Time since last request: 0.000024 seconds.
  path: Assets/Impoted/Packs/SciFi_Gun_Collection/Textures/hellwailer_Normal.png
  artifactKey: Guid(24dafb6391eeb7f44b9074e5a0df7938) Importer(815301076,1909f56bfc062723c751e8b465ee728b)
Start importing Assets/Impoted/Packs/SciFi_Gun_Collection/Textures/hellwailer_Normal.png using Guid(24dafb6391eeb7f44b9074e5a0df7938) Importer(815301076,1909f56bfc062723c751e8b465ee728b)  -> (artifact id: 'a5d631d5274757cc50b6b48e88fe5c75') in 0.027042 seconds 
========================================================================
Received Import Request.
  Time since last request: 0.000037 seconds.
  path: Assets/Neat/Projects/Rhythm/Resources/gameicons.net icon pack/Media/pause-button.png
  artifactKey: Guid(0f0223216dcb7ab4cba23adc6952056c) Importer(815301076,1909f56bfc062723c751e8b465ee728b)
Start importing Assets/Neat/Projects/Rhythm/Resources/gameicons.net icon pack/Media/pause-button.png using Guid(0f0223216dcb7ab4cba23adc6952056c) Importer(815301076,1909f56bfc062723c751e8b465ee728b)  -> (artifact id: '4611b2165e6d02a9b432f81e247abd09') in 0.037491 seconds 
========================================================================
Received Import Request.
  Time since last request: 0.000043 seconds.
  path: Assets/Impoted/Packs/FirstPersion AIO Pack/DemoScene/Working Textures/Doors/Hinge Door Texture Metallic.png
  artifactKey: Guid(b9f49ca82d77a894a9cdbf7d6387554e) Importer(815301076,1909f56bfc062723c751e8b465ee728b)
Start importing Assets/Impoted/Packs/FirstPersion AIO Pack/DemoScene/Working Textures/Doors/Hinge Door Texture Metallic.png using Guid(b9f49ca82d77a894a9cdbf7d6387554e) Importer(815301076,1909f56bfc062723c751e8b465ee728b)  -> (artifact id: '3c28693dec97e07149b0df87c4e18ac8') in 0.023031 seconds 
========================================================================
Received Import Request.
  Time since last request: 0.000024 seconds.
  path: Assets/Neat/Projects/Rhythm/Resources/Black & White icon pack/arrow_right.png
  artifactKey: Guid(99b0ba3670adc464da26d43aafa6adff) Importer(815301076,1909f56bfc062723c751e8b465ee728b)
Start importing Assets/Neat/Projects/Rhythm/Resources/Black & White icon pack/arrow_right.png using Guid(99b0ba3670adc464da26d43aafa6adff) Importer(815301076,1909f56bfc062723c751e8b465ee728b)  -> (artifact id: 'b2a382abc08bc0b080e967d0b4071cb5') in 0.042911 seconds 
========================================================================
Received Import Request.
  Time since last request: 0.000027 seconds.
  path: Assets/Neat/Projects/Rhythm/Resources/gameicons.net icon pack/File/save-arrow.png
  artifactKey: Guid(e7830f4e26a80a1409c0acace5b1ff89) Importer(815301076,1909f56bfc062723c751e8b465ee728b)
Start importing Assets/Neat/Projects/Rhythm/Resources/gameicons.net icon pack/File/save-arrow.png using Guid(e7830f4e26a80a1409c0acace5b1ff89) Importer(815301076,1909f56bfc062723c751e8b465ee728b)  -> (artifact id: '2111069491a79cf0bd58be09d2ca31de') in 0.049691 seconds 
========================================================================
Received Import Request.
  Time since last request: 0.000028 seconds.
  path: Assets/Impoted/Packs/StarterAssets/FirstPersonController/Scenes/Playground/ReflectionProbe-2.exr
  artifactKey: Guid(c49ef192a57a5af42a728163b2468c8a) Importer(815301076,1909f56bfc062723c751e8b465ee728b)
Start importing Assets/Impoted/Packs/StarterAssets/FirstPersonController/Scenes/Playground/ReflectionProbe-2.exr using Guid(c49ef192a57a5af42a728163b2468c8a) Importer(815301076,1909f56bfc062723c751e8b465ee728b)  -> (artifact id: '1618608e1d34a5a59642ce6937ea69c7') in 0.037122 seconds 
========================================================================
Received Import Request.
  Time since last request: 0.000027 seconds.
  path: Assets/Impoted/Packs/SciFi_Gun_Collection/Textures/fire_sleet_Normal.png
  artifactKey: Guid(9a333889a54992c45b8131fa7df1114d) Importer(815301076,1909f56bfc062723c751e8b465ee728b)
Start importing Assets/Impoted/Packs/SciFi_Gun_Collection/Textures/fire_sleet_Normal.png using Guid(9a333889a54992c45b8131fa7df1114d) Importer(815301076,1909f56bfc062723c751e8b465ee728b)  -> (artifact id: 'bb4e806b8101a52b1d9c34ee6c818215') in 0.033054 seconds 
========================================================================
Received Import Request.
  Time since last request: 0.000028 seconds.
  path: Assets/Neat/Projects/Rhythm/Resources/gameicons.net icon pack/Media/next-button.png
  artifactKey: Guid(4a9d8cf5559086448adc074d5e29f75b) Importer(815301076,1909f56bfc062723c751e8b465ee728b)
Start importing Assets/Neat/Projects/Rhythm/Resources/gameicons.net icon pack/Media/next-button.png using Guid(4a9d8cf5559086448adc074d5e29f75b) Importer(815301076,1909f56bfc062723c751e8b465ee728b)  -> (artifact id: 'fb559369aee8ab4395019defc22bce80') in 0.047165 seconds 
========================================================================
Received Import Request.
  Time since last request: 0.000032 seconds.
  path: Assets/Impoted/Packs/TextMesh Pro/Sprites/EmojiOne.png
  artifactKey: Guid(dffef66376be4fa480fb02b19edbe903) Importer(815301076,1909f56bfc062723c751e8b465ee728b)
Start importing Assets/Impoted/Packs/TextMesh Pro/Sprites/EmojiOne.png using Guid(dffef66376be4fa480fb02b19edbe903) Importer(815301076,1909f56bfc062723c751e8b465ee728b)  -> (artifact id: '2f454435eb6a85b78d81ec17428a1954') in 0.016346 seconds 
========================================================================
Received Import Request.
  Time since last request: 0.000024 seconds.
  path: Assets/Neat/Projects/Rhythm/Resources/gameicons.net icon pack/Media/clockwise-rotation.png
  artifactKey: Guid(0c9d47f750f38eb4ca455891ac5d87a6) Importer(815301076,1909f56bfc062723c751e8b465ee728b)
Start importing Assets/Neat/Projects/Rhythm/Resources/gameicons.net icon pack/Media/clockwise-rotation.png using Guid(0c9d47f750f38eb4ca455891ac5d87a6) Importer(815301076,1909f56bfc062723c751e8b465ee728b)  -> (artifact id: 'bc04dc3dceb3f3b63b26ce8e161fc4f4') in 0.040838 seconds 
========================================================================
Received Import Request.
  Time since last request: 0.000022 seconds.
  path: Assets/Neat/Projects/Rhythm/Resources/gameicons.net icon pack/check-mark.png
  artifactKey: Guid(259f870a53ac1de46b32181f3b9aff9a) Importer(815301076,1909f56bfc062723c751e8b465ee728b)
Start importing Assets/Neat/Projects/Rhythm/Resources/gameicons.net icon pack/check-mark.png using Guid(259f870a53ac1de46b32181f3b9aff9a) Importer(815301076,1909f56bfc062723c751e8b465ee728b)  -> (artifact id: '9f6b628830e6efe8f2c3fc3bfb43e8da') in 0.039183 seconds 
========================================================================
Received Import Request.
  Time since last request: 0.000022 seconds.
  path: Assets/Neat/Projects/Rhythm/Resources/gameicons.net icon pack/Media/previous-button.png
  artifactKey: Guid(fdf2c2654c2ea3f43b1ee773f6155d3d) Importer(815301076,1909f56bfc062723c751e8b465ee728b)
Start importing Assets/Neat/Projects/Rhythm/Resources/gameicons.net icon pack/Media/previous-button.png using Guid(fdf2c2654c2ea3f43b1ee773f6155d3d) Importer(815301076,1909f56bfc062723c751e8b465ee728b)  -> (artifact id: '64a2a91131f965057c57f2b7c6aa77e1') in 0.038580 seconds 
========================================================================
Received Import Request.
  Time since last request: 0.000026 seconds.
  path: Assets/Impoted/Packs/SciFi_Gun_Collection/Textures/mauler.png
  artifactKey: Guid(dd5c4510c3042fd49a587c4886cbd534) Importer(815301076,1909f56bfc062723c751e8b465ee728b)
Start importing Assets/Impoted/Packs/SciFi_Gun_Collection/Textures/mauler.png using Guid(dd5c4510c3042fd49a587c4886cbd534) Importer(815301076,1909f56bfc062723c751e8b465ee728b)  -> (artifact id: '5e7b99da70f501136c20494375c304fe') in 0.025186 seconds 
========================================================================
Received Import Request.
  Time since last request: 0.000026 seconds.
  path: Assets/Impoted/Packs/Low Poly Ultimate Pack/- Textures/atlas-gradient-LPUP.png
  artifactKey: Guid(bd9d0343175ea445eae5d3ffa327072e) Importer(815301076,1909f56bfc062723c751e8b465ee728b)
Start importing Assets/Impoted/Packs/Low Poly Ultimate Pack/- Textures/atlas-gradient-LPUP.png using Guid(bd9d0343175ea445eae5d3ffa327072e) Importer(815301076,1909f56bfc062723c751e8b465ee728b)  -> (artifact id: 'e7407f8ad7d6ac1d083bac176165cafb') in 0.026543 seconds 
========================================================================
Received Import Request.
  Time since last request: 0.000032 seconds.
  path: Assets/Impoted/Packs/FirstPersion AIO Pack/DemoScene/Working Textures/Carpet/Carpet.png
  artifactKey: Guid(2a4483bc4627f8d4c8969253f3eb3304) Importer(815301076,1909f56bfc062723c751e8b465ee728b)
Start importing Assets/Impoted/Packs/FirstPersion AIO Pack/DemoScene/Working Textures/Carpet/Carpet.png using Guid(2a4483bc4627f8d4c8969253f3eb3304) Importer(815301076,1909f56bfc062723c751e8b465ee728b)  -> (artifact id: 'aac7bbcad819ab61f771fd3dfef161b0') in 0.024646 seconds 
========================================================================
Received Import Request.
  Time since last request: 0.000023 seconds.
  path: Assets/Neat/Projects/Rhythm/Resources/gameicons.net icon pack/Media/backward-time.png
  artifactKey: Guid(bfb7697d34748014486200c0d84d7344) Importer(815301076,1909f56bfc062723c751e8b465ee728b)
Start importing Assets/Neat/Projects/Rhythm/Resources/gameicons.net icon pack/Media/backward-time.png using Guid(bfb7697d34748014486200c0d84d7344) Importer(815301076,1909f56bfc062723c751e8b465ee728b)  -> (artifact id: '7297bd5a2e384d29197bfbd27d2be1a7') in 0.043534 seconds 
========================================================================
Received Import Request.
  Time since last request: 0.000025 seconds.
  path: Assets/Impoted/Packs/StarterAssets/FirstPersonController/Scenes/Playground/ReflectionProbe-0.exr
  artifactKey: Guid(ac547032e7ab2874b8b53ccbfec07526) Importer(815301076,1909f56bfc062723c751e8b465ee728b)
Start importing Assets/Impoted/Packs/StarterAssets/FirstPersonController/Scenes/Playground/ReflectionProbe-0.exr using Guid(ac547032e7ab2874b8b53ccbfec07526) Importer(815301076,1909f56bfc062723c751e8b465ee728b)  -> (artifact id: '26fec2ed6e580af09f1c5836b98a79d3') in 0.027696 seconds 
========================================================================
Received Import Request.
  Time since last request: 0.000027 seconds.
  path: Assets/Impoted/Packs/SciFi_Gun_Collection/Textures/hellwailer.png
  artifactKey: Guid(f06c78d5841222647b2819a438571634) Importer(815301076,1909f56bfc062723c751e8b465ee728b)
Start importing Assets/Impoted/Packs/SciFi_Gun_Collection/Textures/hellwailer.png using Guid(f06c78d5841222647b2819a438571634) Importer(815301076,1909f56bfc062723c751e8b465ee728b)  -> (artifact id: '9e7381274d75b1129e931257bd805294') in 0.022087 seconds 
========================================================================
Received Import Request.
  Time since last request: 0.000020 seconds.
  path: Assets/Impoted/Packs/Low Poly Ultimate Pack/- Textures/atlas-specular-LPUP.png
  artifactKey: Guid(eab512c5f5b6c094e8e29be1f2f51077) Importer(815301076,1909f56bfc062723c751e8b465ee728b)
Start importing Assets/Impoted/Packs/Low Poly Ultimate Pack/- Textures/atlas-specular-LPUP.png using Guid(eab512c5f5b6c094e8e29be1f2f51077) Importer(815301076,1909f56bfc062723c751e8b465ee728b)  -> (artifact id: '6dd2c49299891101e74b44e2fe21ce8e') in 0.015825 seconds 
========================================================================
Received Import Request.
  Time since last request: 0.000026 seconds.
  path: Assets/Neat/Core/Scripts/UI/Images/CircleButtonTemplate.png
  artifactKey: Guid(dfc899c2b8466c94dac3848e330a704d) Importer(815301076,1909f56bfc062723c751e8b465ee728b)
Start importing Assets/Neat/Core/Scripts/UI/Images/CircleButtonTemplate.png using Guid(dfc899c2b8466c94dac3848e330a704d) Importer(815301076,1909f56bfc062723c751e8b465ee728b)  -> (artifact id: 'b22125d1ea6604f66088b88bd591439f') in 0.032967 seconds 
========================================================================
Received Import Request.
  Time since last request: 31.636473 seconds.
  path: Assets/Impoted/Packs/FirstPersion AIO Pack/DemoScene/Working Textures/Tile/Tile_Roughness.png
  artifactKey: Guid(18e6471fed45d1640bb56736053c8e49) Importer(815301076,1909f56bfc062723c751e8b465ee728b)
Start importing Assets/Impoted/Packs/FirstPersion AIO Pack/DemoScene/Working Textures/Tile/Tile_Roughness.png using Guid(18e6471fed45d1640bb56736053c8e49) Importer(815301076,1909f56bfc062723c751e8b465ee728b)  -> (artifact id: 'ddee0664c5a2f1d9381f763f89657f24') in 0.028484 seconds 
========================================================================
Received Import Request.
  Time since last request: 1.609627 seconds.
  path: Assets/Impoted/Packs/StarterAssets/Mobile/UI/UI_Circle_Faded.png
  artifactKey: Guid(90ded0611e490aa4ba6961afbfc2280d) Importer(815301076,1909f56bfc062723c751e8b465ee728b)
Start importing Assets/Impoted/Packs/StarterAssets/Mobile/UI/UI_Circle_Faded.png using Guid(90ded0611e490aa4ba6961afbfc2280d) Importer(815301076,1909f56bfc062723c751e8b465ee728b)  -> (artifact id: 'ff13317f4e22823c4dbe76940f89edd7') in 0.295365 seconds 
========================================================================
Received Prepare
Registering precompiled user dll's ...
Registered in 0.005053 seconds.
Begin MonoManager ReloadAssembly
Native extension for WindowsStandalone target not found
Refreshing native plugins compatible for Editor in 3.14 ms, found 2 plugins.
Preloading 0 native plugins for Editor in 0.00 ms.
Reflected over 10 assemblies in (143.1619 ms)
UnityEngine.StackTraceUtility:ExtractStackTrace ()
UnityEngine.DebugLogHandler:LogFormat (UnityEngine.LogType,UnityEngine.Object,string,object[])
UnityEngine.Logger:Log (UnityEngine.LogType,object)
UnityEngine.Debug:Log (object)
Neat.Tools.ReflectionUtility:Reflect () (at Assets/Neat/Core/Scripts/Reflection/ReflectionUtility.cs:64)
System.Reflection.RuntimeMethodInfo:Invoke (object,System.Reflection.BindingFlags,System.Reflection.Binder,object[],System.Globalization.CultureInfo)
System.Reflection.MethodBase:Invoke (object,object[])
UnityEditor.EditorAssemblies:ProcessInitializeOnLoadMethodAttributes ()

(Filename: Assets/Neat/Core/Scripts/Reflection/ReflectionUtility.cs Line: 64)

Mono: successfully reloaded assembly
- Completed reload, in  2.309 seconds
Domain Reload Profiling:
	ReloadAssembly (2310ms)
		BeginReloadAssembly (163ms)
			ExecutionOrderSort (0ms)
			DisableScriptedObjects (4ms)
			BackupInstance (0ms)
			ReleaseScriptingObjects (0ms)
			CreateAndSetChildDomain (66ms)
		EndReloadAssembly (2065ms)
			LoadAssemblies (69ms)
			RebuildTransferFunctionScriptingTraits (0ms)
			SetupTypeCache (263ms)
			ReleaseScriptCaches (3ms)
			RebuildScriptCaches (99ms)
			SetupLoadedEditorAssemblies (1522ms)
				LogAssemblyErrors (0ms)
				InitializePlatformSupportModulesInManaged (11ms)
				SetLoadedEditorAssemblies (1ms)
				RefreshPlugins (3ms)
				BeforeProcessingInitializeOnLoad (102ms)
				ProcessInitializeOnLoadAttributes (808ms)
				ProcessInitializeOnLoadMethodAttributes (595ms)
				AfterProcessingInitializeOnLoad (2ms)
				EditorAssembliesLoaded (0ms)
			ExecutionOrderSort2 (0ms)
			AwakeInstancesAfterBackupRestoration (25ms)
Platform modules already initialized, skipping
Refreshing native plugins compatible for Editor in 2.23 ms, found 2 plugins.
Preloading 0 native plugins for Editor in 0.00 ms.
Unloading 5622 Unused Serialized files (Serialized files now loaded: 0)
Unloading 242 unused Assets / (1.5 MB). Loaded Objects now: 6954.
Memory consumption went from 319.2 MB to 317.7 MB.
Total: 6.647600 ms (FindLiveObjects: 1.016600 ms CreateObjectMapping: 0.211800 ms MarkObjects: 4.702900 ms  DeleteObjects: 0.714500 ms)

AssetImportParameters requested are different than current active one (requested -> active):
  custom:video-decoder-ogg-theora: a1e56fd34408186e4bbccfd4996cb3dc -> 
  custom:container-muxer-webm: aa71ff27fc2769a1b78a27578f13a17b -> 
  custom:container-demuxer-webm: 4f35f7cbe854078d1ac9338744f61a02 -> 
  custom:video-encoder-webm-vp8: eb34c28f22e8b96e1ab97ce403110664 -> 
  custom:video-codec-MediaFoundation-h265: 746d11721c4dcdbdad8f713fa42b33f4 -> 
  custom:audio-encoder-webm-vorbis: bf7c407c2cedff20999df2af8eb42d56 -> 
  custom:framework-win-MediaFoundation: 216162199b28c13a410421893ffa2e32 -> 
  custom:container-demuxer-ogg: 62fdf1f143b41e24485cea50d1cbac27 -> 
  custom:video-decoder-webm-vp8: 9c59270c3fd7afecdb556c50c9e8de78 -> 
  custom:audio-decoder-ogg-vorbis: bf7c407c2cedff20999df2af8eb42d56 -> 
A PreviewRenderUtility was not clean up properly before assembly reloading which lead to leaking this scene in the Editor. This can be caused by not calling Cleanup() (or its execution being interrupted) during the OnDisable of an Editor or an EditorWindow.
UnityEngine.StackTraceUtility:ExtractStackTrace ()
UnityEngine.DebugLogHandler:LogFormat (UnityEngine.LogType,UnityEngine.Object,string,object[])
UnityEngine.Logger:Log (UnityEngine.LogType,object)
UnityEngine.Debug:LogError (object)
UnityEditor.PreviewRenderUtility:Finalize ()

========================================================================
Received Prepare
Registering precompiled user dll's ...
Registered in 0.004709 seconds.
Begin MonoManager ReloadAssembly
NullReferenceException: Object reference not set to an instance of an object
  at UnityEngine.Object.IsNativeObjectAlive (UnityEngine.Object o) [0x00001] in <ad50157ee00e45cdb3c8bd67012f8804>:0 
  at UnityEngine.Object.CompareBaseObjects (UnityEngine.Object lhs, UnityEngine.Object rhs) [0x0001d] in <ad50157ee00e45cdb3c8bd67012f8804>:0 
  at UnityEngine.Object.op_Implicit (UnityEngine.Object exists) [0x00001] in <ad50157ee00e45cdb3c8bd67012f8804>:0 
  at UnityEditor.PreviewRenderUtility.Cleanup () [0x0001f] in <0cde216a590a4d6fbc3d7db7ac203c5d>:0 
  at UnityEditor.Texture3DPreview.OnDisable () [0x0000f] in <0cde216a590a4d6fbc3d7db7ac203c5d>:0 

Native extension for WindowsStandalone target not found
Refreshing native plugins compatible for Editor in 2.09 ms, found 2 plugins.
Preloading 0 native plugins for Editor in 0.00 ms.
Reflected over 10 assemblies in (147.2113 ms)
UnityEngine.StackTraceUtility:ExtractStackTrace ()
UnityEngine.DebugLogHandler:LogFormat (UnityEngine.LogType,UnityEngine.Object,string,object[])
UnityEngine.Logger:Log (UnityEngine.LogType,object)
UnityEngine.Debug:Log (object)
Neat.Tools.ReflectionUtility:Reflect () (at Assets/Neat/Core/Scripts/Reflection/ReflectionUtility.cs:64)
System.Reflection.RuntimeMethodInfo:Invoke (object,System.Reflection.BindingFlags,System.Reflection.Binder,object[],System.Globalization.CultureInfo)
System.Reflection.MethodBase:Invoke (object,object[])
UnityEditor.EditorAssemblies:ProcessInitializeOnLoadMethodAttributes ()

(Filename: Assets/Neat/Core/Scripts/Reflection/ReflectionUtility.cs Line: 64)

Mono: successfully reloaded assembly
- Completed reload, in  2.223 seconds
Domain Reload Profiling:
	ReloadAssembly (2224ms)
		BeginReloadAssembly (170ms)
			ExecutionOrderSort (0ms)
			DisableScriptedObjects (13ms)
			BackupInstance (0ms)
			ReleaseScriptingObjects (0ms)
			CreateAndSetChildDomain (70ms)
		EndReloadAssembly (1961ms)
			LoadAssemblies (73ms)
			RebuildTransferFunctionScriptingTraits (0ms)
			SetupTypeCache (278ms)
			ReleaseScriptCaches (3ms)
			RebuildScriptCaches (106ms)
			SetupLoadedEditorAssemblies (1436ms)
				LogAssemblyErrors (0ms)
				InitializePlatformSupportModulesInManaged (10ms)
				SetLoadedEditorAssemblies (0ms)
				RefreshPlugins (2ms)
				BeforeProcessingInitializeOnLoad (99ms)
				ProcessInitializeOnLoadAttributes (734ms)
				ProcessInitializeOnLoadMethodAttributes (588ms)
				AfterProcessingInitializeOnLoad (3ms)
				EditorAssembliesLoaded (0ms)
			ExecutionOrderSort2 (0ms)
			AwakeInstancesAfterBackupRestoration (24ms)
Platform modules already initialized, skipping
Refreshing native plugins compatible for Editor in 2.78 ms, found 2 plugins.
Preloading 0 native plugins for Editor in 0.00 ms.
Unloading 5575 Unused Serialized files (Serialized files now loaded: 0)
Unloading 241 unused Assets / (1.5 MB). Loaded Objects now: 6972.
Memory consumption went from 317.2 MB to 315.7 MB.
Total: 6.635500 ms (FindLiveObjects: 0.730500 ms CreateObjectMapping: 0.401700 ms MarkObjects: 4.704300 ms  DeleteObjects: 0.796800 ms)

AssetImportParameters requested are different than current active one (requested -> active):
  custom:video-decoder-ogg-theora: a1e56fd34408186e4bbccfd4996cb3dc -> 
  custom:container-muxer-webm: aa71ff27fc2769a1b78a27578f13a17b -> 
  custom:container-demuxer-webm: 4f35f7cbe854078d1ac9338744f61a02 -> 
  custom:video-encoder-webm-vp8: eb34c28f22e8b96e1ab97ce403110664 -> 
  custom:video-codec-MediaFoundation-h265: 746d11721c4dcdbdad8f713fa42b33f4 -> 
  custom:audio-encoder-webm-vorbis: bf7c407c2cedff20999df2af8eb42d56 -> 
  custom:framework-win-MediaFoundation: 216162199b28c13a410421893ffa2e32 -> 
  custom:container-demuxer-ogg: 62fdf1f143b41e24485cea50d1cbac27 -> 
  custom:video-decoder-webm-vp8: 9c59270c3fd7afecdb556c50c9e8de78 -> 
  custom:audio-decoder-ogg-vorbis: bf7c407c2cedff20999df2af8eb42d56 -> 
========================================================================
Received Prepare
Registering precompiled user dll's ...
Registered in 0.005409 seconds.
Begin MonoManager ReloadAssembly
Native extension for WindowsStandalone target not found
Refreshing native plugins compatible for Editor in 2.02 ms, found 2 plugins.
Preloading 0 native plugins for Editor in 0.00 ms.
Error saving file Library/StateCache/LayerSettings/9e/9ecc5c3c162a7aba29bafa64c8b94b7c.json. Error: System.IO.IOException: Sharing violation on path E:\Projects\Unity\NeatoDemos - Copy\Library\StateCache\LayerSettings\9e\9ecc5c3c162a7aba29bafa64c8b94b7c.json
  at System.IO.FileStream..ctor (System.String path, System.IO.FileMode mode, System.IO.FileAccess access, System.IO.FileShare share, System.Int32 bufferSize, System.Boolean anonymous, System.IO.FileOptions options) [0x0019e] in <31c0f51ac5a24a22ba784db24f4ba023>:0 
  at System.IO.FileStream..ctor (System.String path, System.IO.FileMode mode, System.IO.FileAccess access, System.IO.FileShare share, System.Int32 bufferSize, System.IO.FileOptions options) [0x00000] in <31c0f51ac5a24a22ba784db24f4ba023>:0 
  at (wrapper remoting-invoke-with-check) System.IO.FileStream..ctor(string,System.IO.FileMode,System.IO.FileAccess,System.IO.FileShare,int,System.IO.FileOptions)
  at System.IO.StreamWriter..ctor (System.String path, System.Boolean append, System.Text.Encoding encoding, System.Int32 bufferSize) [0x00055] in <31c0f51ac5a24a22ba784db24f4ba023>:0 
  at System.IO.StreamWriter..ctor (System.String path, System.Boolean append, System.Text.Encoding encoding) [0x00000] in <31c0f51ac5a24a22ba784db24f4ba023>:0 
  at (wrapper remoting-invoke-with-check) System.IO.StreamWriter..ctor(string,bool,System.Text.Encoding)
  at System.IO.File.WriteAllText (System.String path, System.String contents, System.Text.Encoding encoding) [0x00034] in <31c0f51ac5a24a22ba784db24f4ba023>:0 
  at UnityEditor.StateCache`1[T].SetState (UnityEngine.Hash128 key, T obj) [0x0004b] in <0cde216a590a4d6fbc3d7db7ac203c5d>:0 
UnityEngine.StackTraceUtility:ExtractStackTrace ()
UnityEngine.DebugLogHandler:LogFormat (UnityEngine.LogType,UnityEngine.Object,string,object[])
UnityEngine.Logger:Log (UnityEngine.LogType,object)
UnityEngine.Debug:LogError (object)
UnityEditor.StateCache`1<UnityEditor.Tools/LayerSettings>:SetState (UnityEngine.Hash128,UnityEditor.Tools/LayerSettings)
UnityEditor.Tools:set_lockedLayers (int)
UnityEditor.Tools:OnEnable ()
UnityEngine.ScriptableObject:CreateInstance (System.Type)
UnityEngine.ScriptableObject:CreateInstance<UnityEditor.Tools> ()
UnityEditor.Tools:get_get ()
UnityEditor.Tools:get_visibleLayers ()
UnityEditor.Animations.Rigging.BoneRendererUtils:.cctor () (at Library/PackageCache/com.unity.animation.rigging@1.1.1/Editor/Utils/BoneRendererUtils.cs:121)
System.Runtime.CompilerServices.RuntimeHelpers:RunClassConstructor (System.RuntimeTypeHandle)
UnityEditor.EditorAssemblies:ProcessInitializeOnLoadAttributes (System.Type[])

(Filename: Library/PackageCache/com.unity.animation.rigging@1.1.1/Editor/Utils/BoneRendererUtils.cs Line: 121)

Reflected over 10 assemblies in (136.7247 ms)
UnityEngine.StackTraceUtility:ExtractStackTrace ()
UnityEngine.DebugLogHandler:LogFormat (UnityEngine.LogType,UnityEngine.Object,string,object[])
UnityEngine.Logger:Log (UnityEngine.LogType,object)
UnityEngine.Debug:Log (object)
Neat.Tools.ReflectionUtility:Reflect () (at Assets/Neat/Core/Scripts/Reflection/ReflectionUtility.cs:64)
System.Reflection.RuntimeMethodInfo:Invoke (object,System.Reflection.BindingFlags,System.Reflection.Binder,object[],System.Globalization.CultureInfo)
System.Reflection.MethodBase:Invoke (object,object[])
UnityEditor.EditorAssemblies:ProcessInitializeOnLoadMethodAttributes ()

(Filename: Assets/Neat/Core/Scripts/Reflection/ReflectionUtility.cs Line: 64)

Mono: successfully reloaded assembly
- Completed reload, in  2.211 seconds
Domain Reload Profiling:
	ReloadAssembly (2212ms)
		BeginReloadAssembly (157ms)
			ExecutionOrderSort (0ms)
			DisableScriptedObjects (8ms)
			BackupInstance (0ms)
			ReleaseScriptingObjects (0ms)
			CreateAndSetChildDomain (67ms)
		EndReloadAssembly (1973ms)
			LoadAssemblies (71ms)
			RebuildTransferFunctionScriptingTraits (0ms)
			SetupTypeCache (256ms)
			ReleaseScriptCaches (3ms)
			RebuildScriptCaches (97ms)
			SetupLoadedEditorAssemblies (1485ms)
				LogAssemblyErrors (0ms)
				InitializePlatformSupportModulesInManaged (10ms)
				SetLoadedEditorAssemblies (0ms)
				RefreshPlugins (2ms)
				BeforeProcessingInitializeOnLoad (99ms)
				ProcessInitializeOnLoadAttributes (798ms)
				ProcessInitializeOnLoadMethodAttributes (572ms)
				AfterProcessingInitializeOnLoad (3ms)
				EditorAssembliesLoaded (0ms)
			ExecutionOrderSort2 (0ms)
			AwakeInstancesAfterBackupRestoration (25ms)
Platform modules already initialized, skipping
Refreshing native plugins compatible for Editor in 2.57 ms, found 2 plugins.
Preloading 0 native plugins for Editor in 0.00 ms.
Unloading 5575 Unused Serialized files (Serialized files now loaded: 0)
Unloading 241 unused Assets / (1.5 MB). Loaded Objects now: 6977.
Memory consumption went from 317.3 MB to 315.8 MB.
Total: 6.293000 ms (FindLiveObjects: 0.772400 ms CreateObjectMapping: 0.157600 ms MarkObjects: 4.473600 ms  DeleteObjects: 0.887700 ms)

AssetImportParameters requested are different than current active one (requested -> active):
  custom:video-decoder-ogg-theora: a1e56fd34408186e4bbccfd4996cb3dc -> 
  custom:container-muxer-webm: aa71ff27fc2769a1b78a27578f13a17b -> 
  custom:container-demuxer-webm: 4f35f7cbe854078d1ac9338744f61a02 -> 
  custom:video-encoder-webm-vp8: eb34c28f22e8b96e1ab97ce403110664 -> 
  custom:video-codec-MediaFoundation-h265: 746d11721c4dcdbdad8f713fa42b33f4 -> 
  custom:audio-encoder-webm-vorbis: bf7c407c2cedff20999df2af8eb42d56 -> 
  custom:framework-win-MediaFoundation: 216162199b28c13a410421893ffa2e32 -> 
  custom:container-demuxer-ogg: 62fdf1f143b41e24485cea50d1cbac27 -> 
  custom:video-decoder-webm-vp8: 9c59270c3fd7afecdb556c50c9e8de78 -> 
  custom:audio-decoder-ogg-vorbis: bf7c407c2cedff20999df2af8eb42d56 -> 
========================================================================
Received Prepare
Registering precompiled user dll's ...
Registered in 0.004432 seconds.
Begin MonoManager ReloadAssembly
Native extension for WindowsStandalone target not found
Refreshing native plugins compatible for Editor in 2.30 ms, found 2 plugins.
Preloading 0 native plugins for Editor in 0.00 ms.
Reflected over 10 assemblies in (122.3005 ms)
UnityEngine.StackTraceUtility:ExtractStackTrace ()
UnityEngine.DebugLogHandler:LogFormat (UnityEngine.LogType,UnityEngine.Object,string,object[])
UnityEngine.Logger:Log (UnityEngine.LogType,object)
UnityEngine.Debug:Log (object)
Neat.Tools.ReflectionUtility:Reflect () (at Assets/Neat/Core/Scripts/Reflection/ReflectionUtility.cs:64)
System.Reflection.RuntimeMethodInfo:Invoke (object,System.Reflection.BindingFlags,System.Reflection.Binder,object[],System.Globalization.CultureInfo)
System.Reflection.MethodBase:Invoke (object,object[])
UnityEditor.EditorAssemblies:ProcessInitializeOnLoadMethodAttributes ()

(Filename: Assets/Neat/Core/Scripts/Reflection/ReflectionUtility.cs Line: 64)

Mono: successfully reloaded assembly
- Completed reload, in  2.335 seconds
Domain Reload Profiling:
	ReloadAssembly (2335ms)
		BeginReloadAssembly (166ms)
			ExecutionOrderSort (0ms)
			DisableScriptedObjects (9ms)
			BackupInstance (0ms)
			ReleaseScriptingObjects (0ms)
			CreateAndSetChildDomain (67ms)
		EndReloadAssembly (2080ms)
			LoadAssemblies (73ms)
			RebuildTransferFunctionScriptingTraits (0ms)
			SetupTypeCache (279ms)
			ReleaseScriptCaches (3ms)
			RebuildScriptCaches (101ms)
			SetupLoadedEditorAssemblies (1559ms)
				LogAssemblyErrors (0ms)
				InitializePlatformSupportModulesInManaged (11ms)
				SetLoadedEditorAssemblies (0ms)
				RefreshPlugins (2ms)
				BeforeProcessingInitializeOnLoad (113ms)
				ProcessInitializeOnLoadAttributes (846ms)
				ProcessInitializeOnLoadMethodAttributes (583ms)
				AfterProcessingInitializeOnLoad (3ms)
				EditorAssembliesLoaded (0ms)
			ExecutionOrderSort2 (0ms)
			AwakeInstancesAfterBackupRestoration (23ms)
Platform modules already initialized, skipping
Refreshing native plugins compatible for Editor in 2.33 ms, found 2 plugins.
Preloading 0 native plugins for Editor in 0.00 ms.
Unloading 5575 Unused Serialized files (Serialized files now loaded: 0)
Unloading 241 unused Assets / (1.5 MB). Loaded Objects now: 6982.
Memory consumption went from 317.4 MB to 315.9 MB.
Total: 6.807100 ms (FindLiveObjects: 0.773500 ms CreateObjectMapping: 0.161500 ms MarkObjects: 4.826800 ms  DeleteObjects: 1.043900 ms)

AssetImportParameters requested are different than current active one (requested -> active):
  custom:video-decoder-ogg-theora: a1e56fd34408186e4bbccfd4996cb3dc -> 
  custom:container-muxer-webm: aa71ff27fc2769a1b78a27578f13a17b -> 
  custom:container-demuxer-webm: 4f35f7cbe854078d1ac9338744f61a02 -> 
  custom:video-encoder-webm-vp8: eb34c28f22e8b96e1ab97ce403110664 -> 
  custom:video-codec-MediaFoundation-h265: 746d11721c4dcdbdad8f713fa42b33f4 -> 
  custom:audio-encoder-webm-vorbis: bf7c407c2cedff20999df2af8eb42d56 -> 
  custom:framework-win-MediaFoundation: 216162199b28c13a410421893ffa2e32 -> 
  custom:container-demuxer-ogg: 62fdf1f143b41e24485cea50d1cbac27 -> 
  custom:video-decoder-webm-vp8: 9c59270c3fd7afecdb556c50c9e8de78 -> 
  custom:audio-decoder-ogg-vorbis: bf7c407c2cedff20999df2af8eb42d56 -> 
========================================================================
Received Prepare
Registering precompiled user dll's ...
Registered in 0.005834 seconds.
Begin MonoManager ReloadAssembly
Native extension for WindowsStandalone target not found
Refreshing native plugins compatible for Editor in 1.80 ms, found 2 plugins.
Preloading 0 native plugins for Editor in 0.00 ms.
Reflected over 10 assemblies in (125.4107 ms)
UnityEngine.StackTraceUtility:ExtractStackTrace ()
UnityEngine.DebugLogHandler:LogFormat (UnityEngine.LogType,UnityEngine.Object,string,object[])
UnityEngine.Logger:Log (UnityEngine.LogType,object)
UnityEngine.Debug:Log (object)
Neat.Tools.ReflectionUtility:Reflect () (at Assets/Neat/Core/Scripts/Reflection/ReflectionUtility.cs:64)
System.Reflection.RuntimeMethodInfo:Invoke (object,System.Reflection.BindingFlags,System.Reflection.Binder,object[],System.Globalization.CultureInfo)
System.Reflection.MethodBase:Invoke (object,object[])
UnityEditor.EditorAssemblies:ProcessInitializeOnLoadMethodAttributes ()

(Filename: Assets/Neat/Core/Scripts/Reflection/ReflectionUtility.cs Line: 64)

Mono: successfully reloaded assembly
- Completed reload, in  2.270 seconds
Domain Reload Profiling:
	ReloadAssembly (2271ms)
		BeginReloadAssembly (159ms)
			ExecutionOrderSort (0ms)
			DisableScriptedObjects (9ms)
			BackupInstance (0ms)
			ReleaseScriptingObjects (0ms)
			CreateAndSetChildDomain (65ms)
		EndReloadAssembly (2027ms)
			LoadAssemblies (71ms)
			RebuildTransferFunctionScriptingTraits (0ms)
			SetupTypeCache (280ms)
			ReleaseScriptCaches (3ms)
			RebuildScriptCaches (112ms)
			SetupLoadedEditorAssemblies (1490ms)
				LogAssemblyErrors (0ms)
				InitializePlatformSupportModulesInManaged (10ms)
				SetLoadedEditorAssemblies (0ms)
				RefreshPlugins (2ms)
				BeforeProcessingInitializeOnLoad (105ms)
				ProcessInitializeOnLoadAttributes (802ms)
				ProcessInitializeOnLoadMethodAttributes (568ms)
				AfterProcessingInitializeOnLoad (3ms)
				EditorAssembliesLoaded (0ms)
			ExecutionOrderSort2 (0ms)
			AwakeInstancesAfterBackupRestoration (27ms)
Platform modules already initialized, skipping
Refreshing native plugins compatible for Editor in 2.22 ms, found 2 plugins.
Preloading 0 native plugins for Editor in 0.00 ms.
Unloading 5575 Unused Serialized files (Serialized files now loaded: 0)
Unloading 241 unused Assets / (1.5 MB). Loaded Objects now: 6987.
Memory consumption went from 317.4 MB to 315.9 MB.
Total: 6.411000 ms (FindLiveObjects: 0.746400 ms CreateObjectMapping: 0.153100 ms MarkObjects: 4.676400 ms  DeleteObjects: 0.833000 ms)

AssetImportParameters requested are different than current active one (requested -> active):
  custom:video-decoder-ogg-theora: a1e56fd34408186e4bbccfd4996cb3dc -> 
  custom:container-muxer-webm: aa71ff27fc2769a1b78a27578f13a17b -> 
  custom:container-demuxer-webm: 4f35f7cbe854078d1ac9338744f61a02 -> 
  custom:video-encoder-webm-vp8: eb34c28f22e8b96e1ab97ce403110664 -> 
  custom:video-codec-MediaFoundation-h265: 746d11721c4dcdbdad8f713fa42b33f4 -> 
  custom:audio-encoder-webm-vorbis: bf7c407c2cedff20999df2af8eb42d56 -> 
  custom:framework-win-MediaFoundation: 216162199b28c13a410421893ffa2e32 -> 
  custom:container-demuxer-ogg: 62fdf1f143b41e24485cea50d1cbac27 -> 
  custom:video-decoder-webm-vp8: 9c59270c3fd7afecdb556c50c9e8de78 -> 
  custom:audio-decoder-ogg-vorbis: bf7c407c2cedff20999df2af8eb42d56 -> 
========================================================================
Received Import Request.
  Time since last request: 9435.388842 seconds.
  path: Assets/Impoted/Packs/Mixamo/Animations/Magic Locomotion Pack/Standing Jump Running Landing.fbx
  artifactKey: Guid(28bc6cafb5a64e64b80868af729f8076) Importer(815301076,1909f56bfc062723c751e8b465ee728b)
Start importing Assets/Impoted/Packs/Mixamo/Animations/Magic Locomotion Pack/Standing Jump Running Landing.fbx using Guid(28bc6cafb5a64e64b80868af729f8076) Importer(815301076,1909f56bfc062723c751e8b465ee728b)  -> (artifact id: '514755b1929c6fc8c4eb698abf25825e') in 0.063574 seconds 
========================================================================
Received Import Request.
  Time since last request: 0.000034 seconds.
  path: Assets/Impoted/Packs/Mixamo/Animations/Magic Locomotion Pack/Standing Turn Right 90.fbx
  artifactKey: Guid(3e1599c0853f83e45b1eb75a12ab85b6) Importer(815301076,1909f56bfc062723c751e8b465ee728b)
Start importing Assets/Impoted/Packs/Mixamo/Animations/Magic Locomotion Pack/Standing Turn Right 90.fbx using Guid(3e1599c0853f83e45b1eb75a12ab85b6) Importer(815301076,1909f56bfc062723c751e8b465ee728b)  -> (artifact id: '1449378cc23d4dbb3fe80172fd066d3c') in 0.019523 seconds 
========================================================================
Received Import Request.
  Time since last request: 0.000034 seconds.
  path: Assets/Impoted/Packs/Mixamo/Animations/Magic Locomotion Pack/Standing Run Back.fbx
  artifactKey: Guid(5bc7b092c90273f48aa2af80ea87322d) Importer(815301076,1909f56bfc062723c751e8b465ee728b)
Start importing Assets/Impoted/Packs/Mixamo/Animations/Magic Locomotion Pack/Standing Run Back.fbx using Guid(5bc7b092c90273f48aa2af80ea87322d) Importer(815301076,1909f56bfc062723c751e8b465ee728b)  -> (artifact id: '5efeb16ee54c92d5ed8f78892eef30ac') in 0.017074 seconds 
========================================================================
Received Import Request.
  Time since last request: 0.000029 seconds.
  path: Assets/Impoted/Packs/Mixamo/Animations/Magic Locomotion Pack/Standing Sprint Forward.fbx
  artifactKey: Guid(d123447d2cd70dd4e8c36228631dd07d) Importer(815301076,1909f56bfc062723c751e8b465ee728b)
Start importing Assets/Impoted/Packs/Mixamo/Animations/Magic Locomotion Pack/Standing Sprint Forward.fbx using Guid(d123447d2cd70dd4e8c36228631dd07d) Importer(815301076,1909f56bfc062723c751e8b465ee728b)  -> (artifact id: '0ee34c96e204f8bf75ece2231ea43a9b') in 0.018097 seconds 
========================================================================
Received Import Request.
  Time since last request: 0.000033 seconds.
  path: Assets/Impoted/Packs/Mixamo/Animations/Magic Locomotion Pack/Standing Walk Left.fbx
  artifactKey: Guid(7a25f91b69a1680428157013a087056f) Importer(815301076,1909f56bfc062723c751e8b465ee728b)
Start importing Assets/Impoted/Packs/Mixamo/Animations/Magic Locomotion Pack/Standing Walk Left.fbx using Guid(7a25f91b69a1680428157013a087056f) Importer(815301076,1909f56bfc062723c751e8b465ee728b)  -> (artifact id: 'ef535b2f8cb12a21d1c1a77a1c0b8eed') in 0.022192 seconds 
========================================================================
Received Import Request.
  Time since last request: 0.000043 seconds.
  path: Assets/Impoted/Packs/Mixamo/Animations/Magic Locomotion Pack/Standing Walk Right.fbx
  artifactKey: Guid(fb49bdd892d6cb5488447c8f75f9c349) Importer(815301076,1909f56bfc062723c751e8b465ee728b)
Start importing Assets/Impoted/Packs/Mixamo/Animations/Magic Locomotion Pack/Standing Walk Right.fbx using Guid(fb49bdd892d6cb5488447c8f75f9c349) Importer(815301076,1909f56bfc062723c751e8b465ee728b)  -> (artifact id: '68be02ed399f358d034649f341395011') in 0.019897 seconds 
========================================================================
Received Import Request.
  Time since last request: 0.000051 seconds.
  path: Assets/Impoted/Packs/Mixamo/Animations/Magic Locomotion Pack/Standing Jump.fbx
  artifactKey: Guid(7c21a6dbaa2a03742b7b2785264231e5) Importer(815301076,1909f56bfc062723c751e8b465ee728b)
Start importing Assets/Impoted/Packs/Mixamo/Animations/Magic Locomotion Pack/Standing Jump.fbx using Guid(7c21a6dbaa2a03742b7b2785264231e5) Importer(815301076,1909f56bfc062723c751e8b465ee728b)  -> (artifact id: '541cdd31c049bec0bc3872054a653029') in 0.019358 seconds 
========================================================================
Received Import Request.
  Time since last request: 0.000045 seconds.
  path: Assets/Impoted/Packs/Mixamo/Animations/Magic Locomotion Pack/Standing Run Left.fbx
  artifactKey: Guid(46d04f36cdb94b64eba8ea03d3db553c) Importer(815301076,1909f56bfc062723c751e8b465ee728b)
Start importing Assets/Impoted/Packs/Mixamo/Animations/Magic Locomotion Pack/Standing Run Left.fbx using Guid(46d04f36cdb94b64eba8ea03d3db553c) Importer(815301076,1909f56bfc062723c751e8b465ee728b)  -> (artifact id: '651f0e68e481f8992224b0510e4ea8fc') in 0.019180 seconds 
Editor requested this worker to shutdown with reason: Scaling down because of idle timeout
AssetImportWorker is now disconnected from the server
Process exiting
Exiting without the bug reporter. Application will terminate with return code 0