Using pre-set license
Built from '2021.2/staging' branch; Version is '2021.2.7f1 (6bd9e232123f) revision 7068130'; Using compiler version '192829333'; Build Type 'Release'
OS: 'Windows 11  (10.0.22000) 64bit Core' Language: 'en' Physical Memory: 32689 MB
BatchMode: 1, IsHumanControllingUs: 0, StartBugReporterOnCrash: 0, Is64bit: 1, IsPro: 0

COMMAND LINE ARGUMENTS:
E:\Program Files\Unity\Installs\2021.2.7f1\Editor\Unity.exe
-adb2
-batchMode
-noUpm
-name
AssetImportWorker4
-projectPath
E:/Projects/Unity/NeatoDemos - Copy
-logFile
Logs/AssetImportWorker4.log
-srvPort
50363
Successfully changed project path to: E:/Projects/Unity/NeatoDemos - Copy
E:/Projects/Unity/NeatoDemos - Copy
[UnityMemory] Configuration Parameters - Can be set up in boot.config
    "memorysetup-bucket-allocator-granularity=16"
    "memorysetup-bucket-allocator-bucket-count=8"
    "memorysetup-bucket-allocator-block-size=33554432"
    "memorysetup-bucket-allocator-block-count=8"
    "memorysetup-main-allocator-block-size=16777216"
    "memorysetup-thread-allocator-block-size=16777216"
    "memorysetup-gfx-main-allocator-block-size=16777216"
    "memorysetup-gfx-thread-allocator-block-size=16777216"
    "memorysetup-cache-allocator-block-size=4194304"
    "memorysetup-typetree-allocator-block-size=2097152"
    "memorysetup-profiler-bucket-allocator-granularity=16"
    "memorysetup-profiler-bucket-allocator-bucket-count=8"
    "memorysetup-profiler-bucket-allocator-block-size=33554432"
    "memorysetup-profiler-bucket-allocator-block-count=8"
    "memorysetup-profiler-allocator-block-size=16777216"
    "memorysetup-profiler-editor-allocator-block-size=1048576"
    "memorysetup-temp-allocator-size-main=16777216"
    "memorysetup-job-temp-allocator-block-size=2097152"
    "memorysetup-job-temp-allocator-block-size-background=1048576"
    "memorysetup-job-temp-allocator-reduction-small-platforms=262144"
    "memorysetup-temp-allocator-size-background-worker=32768"
    "memorysetup-temp-allocator-size-job-worker=262144"
    "memorysetup-temp-allocator-size-preload-manager=33554432"
    "memorysetup-temp-allocator-size-nav-mesh-worker=65536"
    "memorysetup-temp-allocator-size-audio-worker=65536"
    "memorysetup-temp-allocator-size-cloud-worker=32768"
    "memorysetup-temp-allocator-size-gi-baking-worker=262144"
    "memorysetup-temp-allocator-size-gfx=262144"
Refreshing native plugins compatible for Editor in 133.12 ms, found 2 plugins.
Preloading 0 native plugins for Editor in 0.00 ms.
Initialize engine version: 2021.2.7f1 (6bd9e232123f)
[Subsystems] Discovering subsystems at path E:/Program Files/Unity/Installs/2021.2.7f1/Editor/Data/Resources/UnitySubsystems
[Subsystems] Discovering subsystems at path E:/Projects/Unity/NeatoDemos - Copy/Assets
GfxDevice: creating device client; threaded=0; jobified=0
Direct3D:
    Version:  Direct3D 11.0 [level 11.1]
    Renderer: NVIDIA GeForce GTX 1060 3GB (ID=0x1c02)
    Vendor:   NVIDIA
    VRAM:     2988 MB
    Driver:   30.0.14.9729
Initialize mono
Mono path[0] = 'E:/Program Files/Unity/Installs/2021.2.7f1/Editor/Data/Managed'
Mono path[1] = 'E:/Program Files/Unity/Installs/2021.2.7f1/Editor/Data/MonoBleedingEdge/lib/mono/unityjit-win32'
Mono config path = 'E:/Program Files/Unity/Installs/2021.2.7f1/Editor/Data/MonoBleedingEdge/etc'
Using monoOptions --debugger-agent=transport=dt_socket,embedding=1,server=y,suspend=n,address=127.0.0.1:56716
Begin MonoManager ReloadAssembly
Registering precompiled unity dll's ...
Register platform support module: E:/Program Files/Unity/Installs/2021.2.7f1/Editor/Data/PlaybackEngines/WindowsStandaloneSupport/UnityEditor.WindowsStandalone.Extensions.dll
Registered in 0.002198 seconds.
Native extension for WindowsStandalone target not found
Refreshing native plugins compatible for Editor in 129.75 ms, found 2 plugins.
Preloading 0 native plugins for Editor in 0.00 ms.
Mono: successfully reloaded assembly
- Completed reload, in  0.644 seconds
Domain Reload Profiling:
	ReloadAssembly (645ms)
		BeginReloadAssembly (61ms)
			ExecutionOrderSort (0ms)
			DisableScriptedObjects (0ms)
			BackupInstance (0ms)
			ReleaseScriptingObjects (0ms)
			CreateAndSetChildDomain (1ms)
		EndReloadAssembly (517ms)
			LoadAssemblies (60ms)
			RebuildTransferFunctionScriptingTraits (0ms)
			SetupTypeCache (97ms)
			ReleaseScriptCaches (0ms)
			RebuildScriptCaches (26ms)
			SetupLoadedEditorAssemblies (345ms)
				LogAssemblyErrors (0ms)
				InitializePlatformSupportModulesInManaged (14ms)
				SetLoadedEditorAssemblies (0ms)
				RefreshPlugins (130ms)
				BeforeProcessingInitializeOnLoad (1ms)
				ProcessInitializeOnLoadAttributes (154ms)
				ProcessInitializeOnLoadMethodAttributes (46ms)
				AfterProcessingInitializeOnLoad (0ms)
				EditorAssembliesLoaded (0ms)
			ExecutionOrderSort2 (0ms)
			AwakeInstancesAfterBackupRestoration (0ms)
Platform modules already initialized, skipping
Registering precompiled user dll's ...
Registered in 0.005673 seconds.
Begin MonoManager ReloadAssembly
Native extension for WindowsStandalone target not found
Refreshing native plugins compatible for Editor in 147.93 ms, found 2 plugins.
Preloading 0 native plugins for Editor in 0.00 ms.
DisplayProgressbar: Restoring NuGet Packages
Reflected over 10 assemblies in (126.6316 ms)
UnityEngine.StackTraceUtility:ExtractStackTrace ()
UnityEngine.DebugLogHandler:LogFormat (UnityEngine.LogType,UnityEngine.Object,string,object[])
UnityEngine.Logger:Log (UnityEngine.LogType,object)
UnityEngine.Debug:Log (object)
Neat.Tools.ReflectionUtility:Reflect () (at Assets/Neat/Core/Scripts/Reflection/ReflectionUtility.cs:64)
System.Reflection.RuntimeMethodInfo:Invoke (object,System.Reflection.BindingFlags,System.Reflection.Binder,object[],System.Globalization.CultureInfo)
System.Reflection.MethodBase:Invoke (object,object[])
UnityEditor.EditorAssemblies:ProcessInitializeOnLoadMethodAttributes ()

(Filename: Assets/Neat/Core/Scripts/Reflection/ReflectionUtility.cs Line: 64)

Mono: successfully reloaded assembly
- Completed reload, in  2.905 seconds
Domain Reload Profiling:
	ReloadAssembly (2906ms)
		BeginReloadAssembly (101ms)
			ExecutionOrderSort (0ms)
			DisableScriptedObjects (6ms)
			BackupInstance (0ms)
			ReleaseScriptingObjects (0ms)
			CreateAndSetChildDomain (21ms)
		EndReloadAssembly (2714ms)
			LoadAssemblies (78ms)
			RebuildTransferFunctionScriptingTraits (0ms)
			SetupTypeCache (288ms)
			ReleaseScriptCaches (1ms)
			RebuildScriptCaches (120ms)
			SetupLoadedEditorAssemblies (2173ms)
				LogAssemblyErrors (0ms)
				InitializePlatformSupportModulesInManaged (10ms)
				SetLoadedEditorAssemblies (0ms)
				RefreshPlugins (148ms)
				BeforeProcessingInitializeOnLoad (102ms)
				ProcessInitializeOnLoadAttributes (1266ms)
				ProcessInitializeOnLoadMethodAttributes (643ms)
				AfterProcessingInitializeOnLoad (3ms)
				EditorAssembliesLoaded (0ms)
			ExecutionOrderSort2 (0ms)
			AwakeInstancesAfterBackupRestoration (7ms)
Platform modules already initialized, skipping
========================================================================
Worker process is ready to serve import requests
Launched and connected shader compiler UnityShaderCompiler.exe after 0.06 seconds
Refreshing native plugins compatible for Editor in 3.21 ms, found 2 plugins.
Preloading 0 native plugins for Editor in 0.00 ms.
Unloading 5755 Unused Serialized files (Serialized files now loaded: 0)
Unloading 248 unused Assets / (1.5 MB). Loaded Objects now: 6211.
Memory consumption went from 265.1 MB to 263.6 MB.
Total: 6.166000 ms (FindLiveObjects: 0.685600 ms CreateObjectMapping: 0.222700 ms MarkObjects: 4.567800 ms  DeleteObjects: 0.687500 ms)

AssetImportParameters requested are different than current active one (requested -> active):
  custom:video-decoder-ogg-theora: a1e56fd34408186e4bbccfd4996cb3dc -> 
  custom:container-muxer-webm: aa71ff27fc2769a1b78a27578f13a17b -> 
  custom:container-demuxer-webm: 4f35f7cbe854078d1ac9338744f61a02 -> 
  custom:video-encoder-webm-vp8: eb34c28f22e8b96e1ab97ce403110664 -> 
  custom:video-codec-MediaFoundation-h265: 746d11721c4dcdbdad8f713fa42b33f4 -> 
  custom:audio-encoder-webm-vorbis: bf7c407c2cedff20999df2af8eb42d56 -> 
  custom:framework-win-MediaFoundation: 216162199b28c13a410421893ffa2e32 -> 
  custom:container-demuxer-ogg: 62fdf1f143b41e24485cea50d1cbac27 -> 
  custom:video-decoder-webm-vp8: 9c59270c3fd7afecdb556c50c9e8de78 -> 
  custom:audio-decoder-ogg-vorbis: bf7c407c2cedff20999df2af8eb42d56 -> 
========================================================================
Received Import Request.
  Time since last request: 27411.990757 seconds.
  path: Assets/Impoted/Packs/Mixamo/Animations/Lite Rifle Pack
  artifactKey: Guid(a59918f44471e7242991cc78dbe688a4) Importer(815301076,1909f56bfc062723c751e8b465ee728b)
Start importing Assets/Impoted/Packs/Mixamo/Animations/Lite Rifle Pack using Guid(a59918f44471e7242991cc78dbe688a4) Importer(815301076,1909f56bfc062723c751e8b465ee728b)  -> (artifact id: '87f203adf2692c3a0c9384139a886770') in 0.021319 seconds 
========================================================================
Received Import Request.
  Time since last request: 1.354697 seconds.
  path: Assets/Impoted/Packs/Mixamo/Animations/Sword and Shield Pack.zip
  artifactKey: Guid(81447911898d506459c512cfd5423425) Importer(815301076,1909f56bfc062723c751e8b465ee728b)
Start importing Assets/Impoted/Packs/Mixamo/Animations/Sword and Shield Pack.zip using Guid(81447911898d506459c512cfd5423425) Importer(815301076,1909f56bfc062723c751e8b465ee728b)  -> (artifact id: '538cc29469d63695ae3ab307ef76085e') in 0.027692 seconds 
========================================================================
Received Import Request.
  Time since last request: 16.349008 seconds.
  path: Assets/Impoted/Packs/Mixamo/Animations/Lite Rifle Pack/death from front headshot.fbx
  artifactKey: Guid(1dda571ce229ba54bbd0674b8368cb65) Importer(815301076,1909f56bfc062723c751e8b465ee728b)
Start importing Assets/Impoted/Packs/Mixamo/Animations/Lite Rifle Pack/death from front headshot.fbx using Guid(1dda571ce229ba54bbd0674b8368cb65) Importer(815301076,1909f56bfc062723c751e8b465ee728b)  -> (artifact id: '27106883f02d6c68155815c5da72de04') in 0.036936 seconds 
========================================================================
Received Import Request.
  Time since last request: 0.000043 seconds.
  path: Assets/Impoted/Packs/Mixamo/Animations/Lite Rifle Pack/run backward left.fbx
  artifactKey: Guid(9bb878d3aeb623d488693a041463690c) Importer(815301076,1909f56bfc062723c751e8b465ee728b)
Start importing Assets/Impoted/Packs/Mixamo/Animations/Lite Rifle Pack/run backward left.fbx using Guid(9bb878d3aeb623d488693a041463690c) Importer(815301076,1909f56bfc062723c751e8b465ee728b)  -> (artifact id: '16a8986ad90893561d1d123baa35a0ee') in 0.018029 seconds 
========================================================================
Received Import Request.
  Time since last request: 0.000046 seconds.
  path: Assets/Impoted/Packs/Mixamo/Animations/Lite Rifle Pack/run right.fbx
  artifactKey: Guid(da853ae749a571c4a97fb10d585e4615) Importer(815301076,1909f56bfc062723c751e8b465ee728b)
Start importing Assets/Impoted/Packs/Mixamo/Animations/Lite Rifle Pack/run right.fbx using Guid(da853ae749a571c4a97fb10d585e4615) Importer(815301076,1909f56bfc062723c751e8b465ee728b)  -> (artifact id: '53edc82076e562109462df8c3c8aece3') in 0.017929 seconds 
========================================================================
Received Import Request.
  Time since last request: 0.000034 seconds.
  path: Assets/Impoted/Packs/Mixamo/Animations/Lite Rifle Pack/idle crouching.fbx
  artifactKey: Guid(d89bd5746712b474da81dcc4f5899f27) Importer(815301076,1909f56bfc062723c751e8b465ee728b)
Start importing Assets/Impoted/Packs/Mixamo/Animations/Lite Rifle Pack/idle crouching.fbx using Guid(d89bd5746712b474da81dcc4f5899f27) Importer(815301076,1909f56bfc062723c751e8b465ee728b)  -> (artifact id: '2fd8295a2400572f25c2f2d38221fe44') in 0.017864 seconds 
========================================================================
Received Import Request.
  Time since last request: 0.000041 seconds.
  path: Assets/Impoted/Packs/Mixamo/Animations/Lite Rifle Pack/run forward left.fbx
  artifactKey: Guid(4eb43f6cd8762c04c9d7bdfdeefa73d4) Importer(815301076,1909f56bfc062723c751e8b465ee728b)
Start importing Assets/Impoted/Packs/Mixamo/Animations/Lite Rifle Pack/run forward left.fbx using Guid(4eb43f6cd8762c04c9d7bdfdeefa73d4) Importer(815301076,1909f56bfc062723c751e8b465ee728b)  -> (artifact id: 'f16384b0cb213f0b63ccca7d445ec634') in 0.022632 seconds 
========================================================================
Received Import Request.
  Time since last request: 0.000036 seconds.
  path: Assets/Impoted/Packs/Mixamo/Animations/Lite Rifle Pack/run forward right.fbx
  artifactKey: Guid(eae77eda44e44da4b9c2063a587c8837) Importer(815301076,1909f56bfc062723c751e8b465ee728b)
Start importing Assets/Impoted/Packs/Mixamo/Animations/Lite Rifle Pack/run forward right.fbx using Guid(eae77eda44e44da4b9c2063a587c8837) Importer(815301076,1909f56bfc062723c751e8b465ee728b)  -> (artifact id: '084018f6bf55cabee0eef83497902441') in 0.018588 seconds 
========================================================================
Received Import Request.
  Time since last request: 0.000027 seconds.
  path: Assets/Impoted/Packs/Mixamo/Animations/Lite Rifle Pack/run backward right.fbx
  artifactKey: Guid(be56eb9a79f20fa4ea703afad593a612) Importer(815301076,1909f56bfc062723c751e8b465ee728b)
Start importing Assets/Impoted/Packs/Mixamo/Animations/Lite Rifle Pack/run backward right.fbx using Guid(be56eb9a79f20fa4ea703afad593a612) Importer(815301076,1909f56bfc062723c751e8b465ee728b)  -> (artifact id: '8ed926f17857467a01b5d1c9528a905e') in 0.017200 seconds 
========================================================================
Received Import Request.
  Time since last request: 0.000034 seconds.
  path: Assets/Impoted/Packs/Mixamo/Animations/Lite Rifle Pack/idle.fbx
  artifactKey: Guid(11bc9bfa02a2f2a4ab9b1cf3c2e65076) Importer(815301076,1909f56bfc062723c751e8b465ee728b)
Start importing Assets/Impoted/Packs/Mixamo/Animations/Lite Rifle Pack/idle.fbx using Guid(11bc9bfa02a2f2a4ab9b1cf3c2e65076) Importer(815301076,1909f56bfc062723c751e8b465ee728b)  -> (artifact id: '281f61088bb13a35c58f533196949111') in 0.016603 seconds 
Editor requested this worker to shutdown with reason: Scaling down because of idle timeout
AssetImportWorker is now disconnected from the server
Process exiting
Exiting without the bug reporter. Application will terminate with return code 0